{"C:\\Users\\enkgp\\Desktop\\werewolf_app\\src\\app.ts": {"path":"C:\\Users\\enkgp\\Desktop\\werewolf_app\\src\\app.ts","statementMap":{"0":{"start":{"line":1,"column":0},"end":{"line":1,"column":28}},"1":{"start":{"line":2,"column":0},"end":{"line":4,"column":3}},"2":{"start":{"line":6,"column":0},"end":{"line":6,"column":67}},"3":{"start":{"line":7,"column":0},"end":{"line":7,"column":24}},"4":{"start":{"line":8,"column":0},"end":{"line":8,"column":24}},"5":{"start":{"line":9,"column":0},"end":{"line":9,"column":38}},"6":{"start":{"line":12,"column":0},"end":{"line":12,"column":42}},"7":{"start":{"line":13,"column":0},"end":{"line":13,"column":59}},"8":{"start":{"line":14,"column":0},"end":{"line":14,"column":45}},"9":{"start":{"line":17,"column":12},"end":{"line":17,"column":21}},"10":{"start":{"line":18,"column":0},"end":{"line":18,"column":12}},"11":{"start":{"line":21,"column":0},"end":{"line":21,"column":24}},"12":{"start":{"line":22,"column":0},"end":{"line":22,"column":48}},"13":{"start":{"line":31,"column":38},"end":{"line":35,"column":2}},"14":{"start":{"line":37,"column":0},"end":{"line":37,"column":27}},"15":{"start":{"line":40,"column":0},"end":{"line":40,"column":48}},"16":{"start":{"line":41,"column":0},"end":{"line":41,"column":33}},"17":{"start":{"line":43,"column":0},"end":{"line":45,"column":3}},"18":{"start":{"line":44,"column":2},"end":{"line":44,"column":25}},"19":{"start":{"line":48,"column":15},"end":{"line":48,"column":37}},"20":{"start":{"line":51,"column":0},"end":{"line":53,"column":3}},"21":{"start":{"line":52,"column":2},"end":{"line":52,"column":25}},"22":{"start":{"line":56,"column":0},"end":{"line":62,"column":3}},"23":{"start":{"line":57,"column":21},"end":{"line":57,"column":42}},"24":{"start":{"line":58,"column":2},"end":{"line":61,"column":5}},"25":{"start":{"line":65,"column":21},"end":{"line":65,"column":61}},"26":{"start":{"line":66,"column":0},"end":{"line":68,"column":3}},"27":{"start":{"line":67,"column":2},"end":{"line":67,"column":63}},"28":{"start":{"line":70,"column":0},"end":{"line":70,"column":22}}},"fnMap":{"0":{"name":"(anonymous_1)","decl":{"start":{"line":43,"column":13},"end":{"line":43,"column":14}},"loc":{"start":{"line":43,"column":45},"end":{"line":45,"column":1}}},"1":{"name":"(anonymous_2)","decl":{"start":{"line":51,"column":8},"end":{"line":51,"column":9}},"loc":{"start":{"line":51,"column":60},"end":{"line":53,"column":1}}},"2":{"name":"(anonymous_3)","decl":{"start":{"line":56,"column":8},"end":{"line":56,"column":9}},"loc":{"start":{"line":56,"column":70},"end":{"line":62,"column":1}}},"3":{"name":"(anonymous_4)","decl":{"start":{"line":66,"column":20},"end":{"line":66,"column":23}},"loc":{"start":{"line":66,"column":25},"end":{"line":68,"column":1}}}},"branchMap":{"0":{"loc":{"start":{"line":3,"column":16},"end":{"line":3,"column":45}},"type":"binary-expr","locations":[{"start":{"line":3,"column":16},"end":{"line":3,"column":36}},{"start":{"line":3,"column":40},"end":{"line":3,"column":45}}]},"1":{"loc":{"start":{"line":32,"column":10},"end":{"line":32,"column":60}},"type":"binary-expr","locations":[{"start":{"line":32,"column":10},"end":{"line":32,"column":33}},{"start":{"line":32,"column":37},"end":{"line":32,"column":60}}]},"2":{"loc":{"start":{"line":57,"column":21},"end":{"line":57,"column":42}},"type":"binary-expr","locations":[{"start":{"line":57,"column":21},"end":{"line":57,"column":35}},{"start":{"line":57,"column":39},"end":{"line":57,"column":42}}]},"3":{"loc":{"start":{"line":59,"column":13},"end":{"line":59,"column":51}},"type":"binary-expr","locations":[{"start":{"line":59,"column":13},"end":{"line":59,"column":24}},{"start":{"line":59,"column":28},"end":{"line":59,"column":51}}]},"4":{"loc":{"start":{"line":60,"column":11},"end":{"line":60,"column":67}},"type":"cond-expr","locations":[{"start":{"line":60,"column":51},"end":{"line":60,"column":55}},{"start":{"line":60,"column":58},"end":{"line":60,"column":67}}]},"5":{"loc":{"start":{"line":65,"column":30},"end":{"line":65,"column":56}},"type":"binary-expr","locations":[{"start":{"line":65,"column":30},"end":{"line":65,"column":46}},{"start":{"line":65,"column":50},"end":{"line":65,"column":56}}]}},"s":{"0":1,"1":1,"2":1,"3":1,"4":1,"5":1,"6":1,"7":1,"8":1,"9":1,"10":1,"11":1,"12":1,"13":1,"14":1,"15":1,"16":1,"17":1,"18":1,"19":1,"20":1,"21":0,"22":1,"23":0,"24":0,"25":1,"26":1,"27":1,"28":1},"f":{"0":1,"1":0,"2":0,"3":1},"b":{"0":[1,0],"1":[1,0],"2":[0,0],"3":[0,0],"4":[0,0],"5":[1,1]}}
,"C:\\Users\\enkgp\\Desktop\\werewolf_app\\src\\classes\\AttackManager.ts": {"path":"C:\\Users\\enkgp\\Desktop\\werewolf_app\\src\\classes\\AttackManager.ts","statementMap":{"0":{"start":{"line":1,"column":0},"end":{"line":1,"column":32}},"1":{"start":{"line":5,"column":0},"end":{"line":5,"column":41}},"2":{"start":{"line":6,"column":0},"end":{"line":6,"column":47}},"3":{"start":{"line":14,"column":9},"end":{"line":14,"column":45}},"4":{"start":{"line":18,"column":9},"end":{"line":18,"column":44}},"5":{"start":{"line":25,"column":4},"end":{"line":25,"column":37}},"6":{"start":{"line":26,"column":4},"end":{"line":26,"column":39}},"7":{"start":{"line":27,"column":4},"end":{"line":27,"column":37}},"8":{"start":{"line":31,"column":29},"end":{"line":31,"column":46}},"9":{"start":{"line":32,"column":19},"end":{"line":32,"column":55}},"10":{"start":{"line":33,"column":19},"end":{"line":33,"column":55}},"11":{"start":{"line":35,"column":4},"end":{"line":42,"column":56}},"12":{"start":{"line":42,"column":6},"end":{"line":42,"column":56}},"13":{"start":{"line":44,"column":4},"end":{"line":44,"column":34}},"14":{"start":{"line":48,"column":27},"end":{"line":48,"column":44}},"15":{"start":{"line":49,"column":27},"end":{"line":49,"column":77}},"16":{"start":{"line":51,"column":4},"end":{"line":51,"column":52}},"17":{"start":{"line":52,"column":4},"end":{"line":52,"column":30}},"18":{"start":{"line":54,"column":25},"end":{"line":54,"column":67}},"19":{"start":{"line":55,"column":4},"end":{"line":55,"column":49}},"20":{"start":{"line":55,"column":37},"end":{"line":55,"column":49}},"21":{"start":{"line":57,"column":19},"end":{"line":57,"column":64}},"22":{"start":{"line":58,"column":4},"end":{"line":61,"column":5}},"23":{"start":{"line":59,"column":26},"end":{"line":59,"column":65}},"24":{"start":{"line":60,"column":6},"end":{"line":60,"column":35}},"25":{"start":{"line":60,"column":23},"end":{"line":60,"column":35}},"26":{"start":{"line":63,"column":4},"end":{"line":63,"column":44}},"27":{"start":{"line":65,"column":4},"end":{"line":65,"column":26}},"28":{"start":{"line":69,"column":20},"end":{"line":69,"column":46}},"29":{"start":{"line":70,"column":26},"end":{"line":72,"column":33}},"30":{"start":{"line":71,"column":24},"end":{"line":71,"column":75}},"31":{"start":{"line":72,"column":21},"end":{"line":72,"column":32}},"32":{"start":{"line":74,"column":4},"end":{"line":74,"column":34}},"33":{"start":{"line":78,"column":29},"end":{"line":78,"column":46}},"34":{"start":{"line":79,"column":19},"end":{"line":79,"column":53}},"35":{"start":{"line":81,"column":4},"end":{"line":83,"column":5}},"36":{"start":{"line":82,"column":6},"end":{"line":82,"column":66}},"37":{"start":{"line":85,"column":4},"end":{"line":85,"column":30}},"38":{"start":{"line":13,"column":0},"end":{"line":13,"column":21}}},"fnMap":{"0":{"name":"(anonymous_1)","decl":{"start":{"line":20,"column":2},"end":{"line":20,"column":null}},"loc":{"start":{"line":23,"column":30},"end":{"line":28,"column":3}}},"1":{"name":"(anonymous_2)","decl":{"start":{"line":30,"column":2},"end":{"line":30,"column":22}},"loc":{"start":{"line":30,"column":57},"end":{"line":45,"column":3}}},"2":{"name":"(anonymous_3)","decl":{"start":{"line":47,"column":2},"end":{"line":47,"column":8}},"loc":{"start":{"line":47,"column":8},"end":{"line":66,"column":3}}},"3":{"name":"(anonymous_4)","decl":{"start":{"line":68,"column":2},"end":{"line":68,"column":23}},"loc":{"start":{"line":68,"column":23},"end":{"line":75,"column":3}}},"4":{"name":"(anonymous_5)","decl":{"start":{"line":71,"column":14},"end":{"line":71,"column":15}},"loc":{"start":{"line":71,"column":24},"end":{"line":71,"column":75}}},"5":{"name":"(anonymous_6)","decl":{"start":{"line":72,"column":11},"end":{"line":72,"column":12}},"loc":{"start":{"line":72,"column":21},"end":{"line":72,"column":32}}},"6":{"name":"(anonymous_7)","decl":{"start":{"line":77,"column":2},"end":{"line":77,"column":18}},"loc":{"start":{"line":77,"column":33},"end":{"line":86,"column":3}}}},"branchMap":{"0":{"loc":{"start":{"line":35,"column":4},"end":{"line":42,"column":56}},"type":"if","locations":[{"start":{"line":35,"column":4},"end":{"line":42,"column":56}}]},"1":{"loc":{"start":{"line":36,"column":6},"end":{"line":40,"column":32}},"type":"binary-expr","locations":[{"start":{"line":36,"column":6},"end":{"line":36,"column":30}},{"start":{"line":37,"column":6},"end":{"line":37,"column":32}},{"start":{"line":38,"column":6},"end":{"line":38,"column":32}},{"start":{"line":39,"column":6},"end":{"line":39,"column":32}},{"start":{"line":40,"column":6},"end":{"line":40,"column":32}}]},"2":{"loc":{"start":{"line":37,"column":6},"end":{"line":37,"column":20}},"type":"cond-expr","locations":[{"start":{"line":37,"column":12},"end":{"line":37,"column":14}},{"start":{"line":37,"column":6},"end":{"line":37,"column":20}}]},"3":{"loc":{"start":{"line":37,"column":6},"end":{"line":37,"column":14}},"type":"binary-expr","locations":[{"start":{"line":37,"column":6},"end":{"line":37,"column":14}},{"start":{"line":37,"column":6},"end":{"line":37,"column":14}}]},"4":{"loc":{"start":{"line":39,"column":6},"end":{"line":39,"column":20}},"type":"cond-expr","locations":[{"start":{"line":39,"column":12},"end":{"line":39,"column":14}},{"start":{"line":39,"column":6},"end":{"line":39,"column":20}}]},"5":{"loc":{"start":{"line":39,"column":6},"end":{"line":39,"column":14}},"type":"binary-expr","locations":[{"start":{"line":39,"column":6},"end":{"line":39,"column":14}},{"start":{"line":39,"column":6},"end":{"line":39,"column":14}}]},"6":{"loc":{"start":{"line":49,"column":27},"end":{"line":49,"column":77}},"type":"binary-expr","locations":[{"start":{"line":49,"column":27},"end":{"line":49,"column":45}},{"start":{"line":49,"column":49},"end":{"line":49,"column":77}}]},"7":{"loc":{"start":{"line":55,"column":4},"end":{"line":55,"column":49}},"type":"if","locations":[{"start":{"line":55,"column":4},"end":{"line":55,"column":49}}]},"8":{"loc":{"start":{"line":58,"column":4},"end":{"line":61,"column":5}},"type":"if","locations":[{"start":{"line":58,"column":4},"end":{"line":61,"column":5}}]},"9":{"loc":{"start":{"line":58,"column":8},"end":{"line":58,"column":22}},"type":"cond-expr","locations":[{"start":{"line":58,"column":14},"end":{"line":58,"column":16}},{"start":{"line":58,"column":8},"end":{"line":58,"column":22}}]},"10":{"loc":{"start":{"line":58,"column":8},"end":{"line":58,"column":16}},"type":"binary-expr","locations":[{"start":{"line":58,"column":8},"end":{"line":58,"column":16}},{"start":{"line":58,"column":8},"end":{"line":58,"column":16}}]},"11":{"loc":{"start":{"line":60,"column":6},"end":{"line":60,"column":35}},"type":"if","locations":[{"start":{"line":60,"column":6},"end":{"line":60,"column":35}}]},"12":{"loc":{"start":{"line":71,"column":24},"end":{"line":71,"column":75}},"type":"binary-expr","locations":[{"start":{"line":71,"column":24},"end":{"line":71,"column":47}},{"start":{"line":71,"column":51},"end":{"line":71,"column":75}}]},"13":{"loc":{"start":{"line":81,"column":4},"end":{"line":83,"column":5}},"type":"if","locations":[{"start":{"line":81,"column":4},"end":{"line":83,"column":5}}]},"14":{"loc":{"start":{"line":81,"column":8},"end":{"line":81,"column":61}},"type":"binary-expr","locations":[{"start":{"line":81,"column":8},"end":{"line":81,"column":35}},{"start":{"line":81,"column":39},"end":{"line":81,"column":61}}]},"15":{"loc":{"start":{"line":81,"column":8},"end":{"line":81,"column":20}},"type":"cond-expr","locations":[{"start":{"line":81,"column":14},"end":{"line":81,"column":16}},{"start":{"line":81,"column":8},"end":{"line":81,"column":20}}]},"16":{"loc":{"start":{"line":81,"column":8},"end":{"line":81,"column":16}},"type":"binary-expr","locations":[{"start":{"line":81,"column":8},"end":{"line":81,"column":16}},{"start":{"line":81,"column":8},"end":{"line":81,"column":16}}]}},"s":{"0":8,"1":8,"2":8,"3":50,"4":50,"5":50,"6":50,"7":50,"8":7,"9":7,"10":7,"11":7,"12":6,"13":1,"14":3,"15":3,"16":3,"17":3,"18":3,"19":3,"20":0,"21":3,"22":3,"23":3,"24":3,"25":1,"26":2,"27":2,"28":10,"29":10,"30":100,"31":30,"32":10,"33":3,"34":3,"35":3,"36":2,"37":1,"38":8},"f":{"0":50,"1":7,"2":3,"3":10,"4":100,"5":30,"6":3},"b":{"0":[6],"1":[7,5,4,3,2],"2":[0,5],"3":[5,5],"4":[0,3],"5":[3,3],"6":[3,0],"7":[0],"8":[3],"9":[0,3],"10":[3,3],"11":[1],"12":[100,50],"13":[2],"14":[3,2],"15":[0,3],"16":[3,3]}}
,"C:\\Users\\enkgp\\Desktop\\werewolf_app\\src\\classes\\DevineManager.ts": {"path":"C:\\Users\\enkgp\\Desktop\\werewolf_app\\src\\classes\\DevineManager.ts","statementMap":{"0":{"start":{"line":1,"column":0},"end":{"line":1,"column":32}},"1":{"start":{"line":4,"column":0},"end":{"line":4,"column":41}},"2":{"start":{"line":5,"column":0},"end":{"line":5,"column":47}},"3":{"start":{"line":13,"column":9},"end":{"line":13,"column":45}},"4":{"start":{"line":16,"column":9},"end":{"line":16,"column":42}},"5":{"start":{"line":19,"column":4},"end":{"line":19,"column":37}},"6":{"start":{"line":20,"column":4},"end":{"line":20,"column":39}},"7":{"start":{"line":24,"column":29},"end":{"line":24,"column":46}},"8":{"start":{"line":25,"column":19},"end":{"line":25,"column":55}},"9":{"start":{"line":26,"column":19},"end":{"line":26,"column":55}},"10":{"start":{"line":28,"column":4},"end":{"line":35,"column":57}},"11":{"start":{"line":35,"column":6},"end":{"line":35,"column":57}},"12":{"start":{"line":37,"column":4},"end":{"line":37,"column":34}},"13":{"start":{"line":41,"column":27},"end":{"line":41,"column":44}},"14":{"start":{"line":44,"column":6},"end":{"line":44,"column":56}},"15":{"start":{"line":45,"column":25},"end":{"line":45,"column":67}},"16":{"start":{"line":47,"column":4},"end":{"line":50,"column":6}},"17":{"start":{"line":52,"column":4},"end":{"line":52,"column":30}},"18":{"start":{"line":55,"column":4},"end":{"line":55,"column":26}},"19":{"start":{"line":59,"column":20},"end":{"line":59,"column":46}},"20":{"start":{"line":60,"column":26},"end":{"line":62,"column":33}},"21":{"start":{"line":61,"column":24},"end":{"line":61,"column":71}},"22":{"start":{"line":62,"column":21},"end":{"line":62,"column":32}},"23":{"start":{"line":64,"column":4},"end":{"line":64,"column":34}},"24":{"start":{"line":68,"column":29},"end":{"line":68,"column":46}},"25":{"start":{"line":69,"column":19},"end":{"line":69,"column":53}},"26":{"start":{"line":71,"column":4},"end":{"line":73,"column":5}},"27":{"start":{"line":72,"column":6},"end":{"line":72,"column":66}},"28":{"start":{"line":75,"column":4},"end":{"line":75,"column":29}},"29":{"start":{"line":12,"column":0},"end":{"line":12,"column":21}}},"fnMap":{"0":{"name":"(anonymous_1)","decl":{"start":{"line":18,"column":2},"end":{"line":18,"column":14}},"loc":{"start":{"line":18,"column":70},"end":{"line":21,"column":3}}},"1":{"name":"(anonymous_2)","decl":{"start":{"line":23,"column":2},"end":{"line":23,"column":22}},"loc":{"start":{"line":23,"column":57},"end":{"line":38,"column":3}}},"2":{"name":"(anonymous_3)","decl":{"start":{"line":40,"column":2},"end":{"line":40,"column":8}},"loc":{"start":{"line":40,"column":8},"end":{"line":56,"column":3}}},"3":{"name":"(anonymous_4)","decl":{"start":{"line":58,"column":2},"end":{"line":58,"column":23}},"loc":{"start":{"line":58,"column":23},"end":{"line":65,"column":3}}},"4":{"name":"(anonymous_5)","decl":{"start":{"line":61,"column":14},"end":{"line":61,"column":15}},"loc":{"start":{"line":61,"column":24},"end":{"line":61,"column":71}}},"5":{"name":"(anonymous_6)","decl":{"start":{"line":62,"column":11},"end":{"line":62,"column":12}},"loc":{"start":{"line":62,"column":21},"end":{"line":62,"column":32}}},"6":{"name":"(anonymous_7)","decl":{"start":{"line":67,"column":2},"end":{"line":67,"column":17}},"loc":{"start":{"line":67,"column":32},"end":{"line":76,"column":3}}}},"branchMap":{"0":{"loc":{"start":{"line":28,"column":4},"end":{"line":35,"column":57}},"type":"if","locations":[{"start":{"line":28,"column":4},"end":{"line":35,"column":57}}]},"1":{"loc":{"start":{"line":29,"column":6},"end":{"line":33,"column":28}},"type":"binary-expr","locations":[{"start":{"line":29,"column":6},"end":{"line":29,"column":30}},{"start":{"line":30,"column":6},"end":{"line":30,"column":32}},{"start":{"line":31,"column":6},"end":{"line":31,"column":28}},{"start":{"line":32,"column":6},"end":{"line":32,"column":32}},{"start":{"line":33,"column":6},"end":{"line":33,"column":28}}]},"2":{"loc":{"start":{"line":30,"column":6},"end":{"line":30,"column":20}},"type":"cond-expr","locations":[{"start":{"line":30,"column":12},"end":{"line":30,"column":14}},{"start":{"line":30,"column":6},"end":{"line":30,"column":20}}]},"3":{"loc":{"start":{"line":30,"column":6},"end":{"line":30,"column":14}},"type":"binary-expr","locations":[{"start":{"line":30,"column":6},"end":{"line":30,"column":14}},{"start":{"line":30,"column":6},"end":{"line":30,"column":14}}]},"4":{"loc":{"start":{"line":32,"column":6},"end":{"line":32,"column":20}},"type":"cond-expr","locations":[{"start":{"line":32,"column":12},"end":{"line":32,"column":14}},{"start":{"line":32,"column":6},"end":{"line":32,"column":20}}]},"5":{"loc":{"start":{"line":32,"column":6},"end":{"line":32,"column":14}},"type":"binary-expr","locations":[{"start":{"line":32,"column":6},"end":{"line":32,"column":14}},{"start":{"line":32,"column":6},"end":{"line":32,"column":14}}]},"6":{"loc":{"start":{"line":44,"column":6},"end":{"line":44,"column":56}},"type":"binary-expr","locations":[{"start":{"line":44,"column":6},"end":{"line":44,"column":24}},{"start":{"line":44,"column":28},"end":{"line":44,"column":56}}]},"7":{"loc":{"start":{"line":49,"column":8},"end":{"line":49,"column":69}},"type":"cond-expr","locations":[{"start":{"line":49,"column":43},"end":{"line":49,"column":54}},{"start":{"line":49,"column":57},"end":{"line":49,"column":69}}]},"8":{"loc":{"start":{"line":61,"column":24},"end":{"line":61,"column":71}},"type":"binary-expr","locations":[{"start":{"line":61,"column":24},"end":{"line":61,"column":47}},{"start":{"line":61,"column":51},"end":{"line":61,"column":71}}]},"9":{"loc":{"start":{"line":71,"column":4},"end":{"line":73,"column":5}},"type":"if","locations":[{"start":{"line":71,"column":4},"end":{"line":73,"column":5}}]},"10":{"loc":{"start":{"line":71,"column":8},"end":{"line":71,"column":57}},"type":"binary-expr","locations":[{"start":{"line":71,"column":8},"end":{"line":71,"column":31}},{"start":{"line":71,"column":35},"end":{"line":71,"column":57}}]},"11":{"loc":{"start":{"line":71,"column":8},"end":{"line":71,"column":20}},"type":"cond-expr","locations":[{"start":{"line":71,"column":14},"end":{"line":71,"column":16}},{"start":{"line":71,"column":8},"end":{"line":71,"column":20}}]},"12":{"loc":{"start":{"line":71,"column":8},"end":{"line":71,"column":16}},"type":"binary-expr","locations":[{"start":{"line":71,"column":8},"end":{"line":71,"column":16}},{"start":{"line":71,"column":8},"end":{"line":71,"column":16}}]}},"s":{"0":8,"1":8,"2":8,"3":50,"4":50,"5":50,"6":50,"7":10,"8":10,"9":10,"10":10,"11":6,"12":4,"13":3,"14":3,"15":3,"16":3,"17":3,"18":3,"19":10,"20":10,"21":100,"22":40,"23":10,"24":3,"25":3,"26":3,"27":2,"28":1,"29":8},"f":{"0":50,"1":10,"2":3,"3":10,"4":100,"5":40,"6":3},"b":{"0":[6],"1":[10,8,7,6,5],"2":[0,8],"3":[8,8],"4":[0,6],"5":[6,6],"6":[3,0],"7":[3,0],"8":[100,50],"9":[2],"10":[3,2],"11":[0,3],"12":[3,3]}}
,"C:\\Users\\enkgp\\Desktop\\werewolf_app\\src\\classes\\GameInstanceManager.ts": {"path":"C:\\Users\\enkgp\\Desktop\\werewolf_app\\src\\classes\\GameInstanceManager.ts","statementMap":{"0":{"start":{"line":3,"column":13},"end":{"line":5,"column":7}},"1":{"start":{"line":7,"column":28},"end":{"line":12,"column":1}},"2":{"start":{"line":8,"column":2},"end":{"line":11,"column":4}},"3":{"start":{"line":10,"column":6},"end":{"line":10,"column":77}},"4":{"start":{"line":7,"column":13},"end":{"line":7,"column":28}},"5":{"start":{"line":14,"column":33},"end":{"line":23,"column":1}},"6":{"start":{"line":15,"column":15},"end":{"line":19,"column":null}},"7":{"start":{"line":17,"column":6},"end":{"line":19,"column":59}},"8":{"start":{"line":22,"column":2},"end":{"line":22,"column":35}},"9":{"start":{"line":14,"column":13},"end":{"line":14,"column":33}}},"fnMap":{"0":{"name":"(anonymous_0)","decl":{"start":{"line":7,"column":28},"end":{"line":7,"column":29}},"loc":{"start":{"line":7,"column":47},"end":{"line":12,"column":1}}},"1":{"name":"(anonymous_1)","decl":{"start":{"line":9,"column":4},"end":{"line":9,"column":5}},"loc":{"start":{"line":10,"column":6},"end":{"line":10,"column":77}}},"2":{"name":"(anonymous_2)","decl":{"start":{"line":14,"column":33},"end":{"line":14,"column":34}},"loc":{"start":{"line":14,"column":52},"end":{"line":23,"column":1}}},"3":{"name":"(anonymous_3)","decl":{"start":{"line":16,"column":4},"end":{"line":16,"column":5}},"loc":{"start":{"line":17,"column":6},"end":{"line":19,"column":59}}}},"branchMap":{"0":{"loc":{"start":{"line":10,"column":6},"end":{"line":10,"column":77}},"type":"binary-expr","locations":[{"start":{"line":10,"column":6},"end":{"line":10,"column":42}},{"start":{"line":10,"column":46},"end":{"line":10,"column":77}}]},"1":{"loc":{"start":{"line":17,"column":6},"end":{"line":19,"column":59}},"type":"binary-expr","locations":[{"start":{"line":17,"column":6},"end":{"line":17,"column":42}},{"start":{"line":18,"column":6},"end":{"line":18,"column":37}},{"start":{"line":19,"column":6},"end":{"line":19,"column":59}}]},"2":{"loc":{"start":{"line":22,"column":9},"end":{"line":22,"column":34}},"type":"cond-expr","locations":[{"start":{"line":22,"column":16},"end":{"line":22,"column":27}},{"start":{"line":22,"column":30},"end":{"line":22,"column":34}}]}},"s":{"0":8,"1":8,"2":0,"3":0,"4":8,"5":8,"6":0,"7":0,"8":0,"9":8},"f":{"0":0,"1":0,"2":0,"3":0},"b":{"0":[0,0],"1":[0,0,0],"2":[0,0]}}
,"C:\\Users\\enkgp\\Desktop\\werewolf_app\\src\\classes\\GameManager.ts": {"path":"C:\\Users\\enkgp\\Desktop\\werewolf_app\\src\\classes\\GameManager.ts","statementMap":{"0":{"start":{"line":1,"column":0},"end":{"line":1,"column":34}},"1":{"start":{"line":2,"column":0},"end":{"line":2,"column":46}},"2":{"start":{"line":3,"column":0},"end":{"line":3,"column":60}},"3":{"start":{"line":4,"column":0},"end":{"line":4,"column":63}},"4":{"start":{"line":5,"column":0},"end":{"line":5,"column":40}},"5":{"start":{"line":6,"column":0},"end":{"line":6,"column":44}},"6":{"start":{"line":7,"column":0},"end":{"line":7,"column":44}},"7":{"start":{"line":8,"column":0},"end":{"line":8,"column":42}},"8":{"start":{"line":9,"column":0},"end":{"line":9,"column":44}},"9":{"start":{"line":10,"column":0},"end":{"line":10,"column":59}},"10":{"start":{"line":11,"column":0},"end":{"line":11,"column":39}},"11":{"start":{"line":12,"column":0},"end":{"line":12,"column":48}},"12":{"start":{"line":39,"column":9},"end":{"line":39,"column":57}},"13":{"start":{"line":42,"column":9},"end":{"line":42,"column":58}},"14":{"start":{"line":43,"column":9},"end":{"line":46,"column":4}},"15":{"start":{"line":53,"column":9},"end":{"line":53,"column":39}},"16":{"start":{"line":56,"column":4},"end":{"line":56,"column":31}},"17":{"start":{"line":57,"column":4},"end":{"line":57,"column":25}},"18":{"start":{"line":58,"column":4},"end":{"line":58,"column":58}},"19":{"start":{"line":59,"column":4},"end":{"line":59,"column":78}},"20":{"start":{"line":60,"column":4},"end":{"line":63,"column":6}},"21":{"start":{"line":64,"column":4},"end":{"line":67,"column":6}},"22":{"start":{"line":68,"column":4},"end":{"line":68,"column":80}},"23":{"start":{"line":69,"column":4},"end":{"line":73,"column":6}},"24":{"start":{"line":74,"column":4},"end":{"line":74,"column":28}},"25":{"start":{"line":79,"column":4},"end":{"line":79,"column":78}},"26":{"start":{"line":79,"column":48},"end":{"line":79,"column":77}},"27":{"start":{"line":79,"column":49},"end":{"line":79,"column":77}},"28":{"start":{"line":80,"column":4},"end":{"line":80,"column":76}},"29":{"start":{"line":80,"column":48},"end":{"line":80,"column":74}},"30":{"start":{"line":84,"column":29},"end":{"line":84,"column":46}},"31":{"start":{"line":85,"column":4},"end":{"line":85,"column":29}},"32":{"start":{"line":87,"column":4},"end":{"line":87,"column":75}},"33":{"start":{"line":87,"column":32},"end":{"line":87,"column":75}},"34":{"start":{"line":88,"column":4},"end":{"line":88,"column":63}},"35":{"start":{"line":88,"column":32},"end":{"line":88,"column":63}},"36":{"start":{"line":89,"column":4},"end":{"line":89,"column":67}},"37":{"start":{"line":89,"column":34},"end":{"line":89,"column":67}},"38":{"start":{"line":90,"column":4},"end":{"line":90,"column":65}},"39":{"start":{"line":90,"column":37},"end":{"line":90,"column":65}},"40":{"start":{"line":92,"column":4},"end":{"line":92,"column":47}},"41":{"start":{"line":96,"column":4},"end":{"line":96,"column":27}},"42":{"start":{"line":98,"column":4},"end":{"line":98,"column":57}},"43":{"start":{"line":98,"column":50},"end":{"line":98,"column":57}},"44":{"start":{"line":100,"column":4},"end":{"line":100,"column":27}},"45":{"start":{"line":102,"column":4},"end":{"line":104,"column":5}},"46":{"start":{"line":103,"column":6},"end":{"line":103,"column":47}},"47":{"start":{"line":108,"column":34},"end":{"line":108,"column":36}},"48":{"start":{"line":109,"column":17},"end":{"line":109,"column":60}},"49":{"start":{"line":110,"column":38},"end":{"line":110,"column":42}},"50":{"start":{"line":113,"column":4},"end":{"line":122,"column":5}},"51":{"start":{"line":114,"column":29},"end":{"line":114,"column":56}},"52":{"start":{"line":115,"column":27},"end":{"line":115,"column":69}},"53":{"start":{"line":118,"column":6},"end":{"line":121,"column":7}},"54":{"start":{"line":119,"column":8},"end":{"line":119,"column":38}},"55":{"start":{"line":120,"column":8},"end":{"line":120,"column":48}},"56":{"start":{"line":125,"column":27},"end":{"line":125,"column":54}},"57":{"start":{"line":126,"column":4},"end":{"line":129,"column":5}},"58":{"start":{"line":127,"column":27},"end":{"line":127,"column":69}},"59":{"start":{"line":128,"column":6},"end":{"line":128,"column":46}},"60":{"start":{"line":132,"column":4},"end":{"line":135,"column":5}},"61":{"start":{"line":133,"column":6},"end":{"line":133,"column":44}},"62":{"start":{"line":134,"column":6},"end":{"line":134,"column":29}},"63":{"start":{"line":137,"column":4},"end":{"line":137,"column":59}},"64":{"start":{"line":139,"column":4},"end":{"line":139,"column":27}},"65":{"start":{"line":141,"column":4},"end":{"line":143,"column":5}},"66":{"start":{"line":142,"column":6},"end":{"line":142,"column":49}},"67":{"start":{"line":147,"column":4},"end":{"line":154,"column":5}},"68":{"start":{"line":148,"column":6},"end":{"line":148,"column":79}},"69":{"start":{"line":149,"column":6},"end":{"line":149,"column":45}},"70":{"start":{"line":151,"column":6},"end":{"line":151,"column":32}},"71":{"start":{"line":153,"column":6},"end":{"line":153,"column":65}},"72":{"start":{"line":158,"column":30},"end":{"line":158,"column":67}},"73":{"start":{"line":161,"column":4},"end":{"line":161,"column":65}},"74":{"start":{"line":161,"column":28},"end":{"line":161,"column":65}},"75":{"start":{"line":164,"column":28},"end":{"line":164,"column":73}},"76":{"start":{"line":165,"column":4},"end":{"line":165,"column":47}},"77":{"start":{"line":166,"column":4},"end":{"line":166,"column":75}},"78":{"start":{"line":168,"column":4},"end":{"line":168,"column":63}},"79":{"start":{"line":168,"column":40},"end":{"line":168,"column":63}},"80":{"start":{"line":171,"column":19},"end":{"line":171,"column":64}},"81":{"start":{"line":172,"column":4},"end":{"line":174,"column":5}},"82":{"start":{"line":173,"column":6},"end":{"line":173,"column":51}},"83":{"start":{"line":178,"column":4},"end":{"line":178,"column":43}},"84":{"start":{"line":179,"column":4},"end":{"line":179,"column":57}},"85":{"start":{"line":183,"column":24},"end":{"line":183,"column":59}},"86":{"start":{"line":185,"column":4},"end":{"line":185,"column":41}},"87":{"start":{"line":185,"column":34},"end":{"line":185,"column":41}},"88":{"start":{"line":187,"column":4},"end":{"line":190,"column":7}},"89":{"start":{"line":188,"column":21},"end":{"line":188,"column":39}},"90":{"start":{"line":189,"column":6},"end":{"line":189,"column":38}},"91":{"start":{"line":192,"column":4},"end":{"line":194,"column":6}},"92":{"start":{"line":193,"column":59},"end":{"line":193,"column":72}},"93":{"start":{"line":198,"column":26},"end":{"line":198,"column":63}},"94":{"start":{"line":201,"column":22},"end":{"line":203,"column":12}},"95":{"start":{"line":202,"column":16},"end":{"line":202,"column":40}},"96":{"start":{"line":204,"column":23},"end":{"line":206,"column":12}},"97":{"start":{"line":205,"column":16},"end":{"line":205,"column":40}},"98":{"start":{"line":207,"column":23},"end":{"line":207,"column":72}},"99":{"start":{"line":207,"column":52},"end":{"line":207,"column":71}},"100":{"start":{"line":210,"column":4},"end":{"line":219,"column":5}},"101":{"start":{"line":211,"column":6},"end":{"line":211,"column":37}},"102":{"start":{"line":212,"column":6},"end":{"line":212,"column":51}},"103":{"start":{"line":213,"column":11},"end":{"line":219,"column":5}},"104":{"start":{"line":214,"column":6},"end":{"line":214,"column":41}},"105":{"start":{"line":215,"column":6},"end":{"line":215,"column":55}},"106":{"start":{"line":216,"column":11},"end":{"line":219,"column":5}},"107":{"start":{"line":217,"column":6},"end":{"line":217,"column":42}},"108":{"start":{"line":218,"column":6},"end":{"line":218,"column":56}},"109":{"start":{"line":223,"column":33},"end":{"line":223,"column":66}},"110":{"start":{"line":229,"column":23},"end":{"line":234,"column":6}},"111":{"start":{"line":236,"column":4},"end":{"line":236,"column":22}},"112":{"start":{"line":240,"column":4},"end":{"line":240,"column":27}},"113":{"start":{"line":241,"column":4},"end":{"line":241,"column":30}},"114":{"start":{"line":245,"column":22},"end":{"line":245,"column":41}},"115":{"start":{"line":250,"column":52},"end":{"line":250,"column":69}},"116":{"start":{"line":251,"column":18},"end":{"line":251,"column":57}},"117":{"start":{"line":252,"column":34},"end":{"line":252,"column":75}},"118":{"start":{"line":255,"column":4},"end":{"line":259,"column":5}},"119":{"start":{"line":256,"column":6},"end":{"line":256,"column":64}},"120":{"start":{"line":258,"column":6},"end":{"line":258,"column":67}},"121":{"start":{"line":261,"column":4},"end":{"line":261,"column":49}},"122":{"start":{"line":38,"column":0},"end":{"line":38,"column":21}}},"fnMap":{"0":{"name":"(anonymous_8)","decl":{"start":{"line":55,"column":2},"end":{"line":55,"column":14}},"loc":{"start":{"line":55,"column":63},"end":{"line":76,"column":3}}},"1":{"name":"(anonymous_9)","decl":{"start":{"line":78,"column":2},"end":{"line":78,"column":18}},"loc":{"start":{"line":78,"column":18},"end":{"line":81,"column":3}}},"2":{"name":"(anonymous_10)","decl":{"start":{"line":79,"column":37},"end":{"line":79,"column":46}},"loc":{"start":{"line":79,"column":48},"end":{"line":79,"column":77}}},"3":{"name":"(anonymous_11)","decl":{"start":{"line":79,"column":48},"end":{"line":79,"column":49}},"loc":{"start":{"line":79,"column":48},"end":{"line":79,"column":77}}},"4":{"name":"(anonymous_12)","decl":{"start":{"line":80,"column":42},"end":{"line":80,"column":45}},"loc":{"start":{"line":80,"column":48},"end":{"line":80,"column":74}}},"5":{"name":"(anonymous_13)","decl":{"start":{"line":83,"column":8},"end":{"line":83,"column":22}},"loc":{"start":{"line":83,"column":22},"end":{"line":93,"column":null}}},"6":{"name":"(anonymous_15)","decl":{"start":{"line":95,"column":8},"end":{"line":95,"column":25}},"loc":{"start":{"line":95,"column":25},"end":{"line":105,"column":null}}},"7":{"name":"(anonymous_17)","decl":{"start":{"line":107,"column":8},"end":{"line":107,"column":27}},"loc":{"start":{"line":107,"column":27},"end":{"line":144,"column":null}}},"8":{"name":"(anonymous_19)","decl":{"start":{"line":146,"column":8},"end":{"line":146,"column":21}},"loc":{"start":{"line":146,"column":21},"end":{"line":155,"column":null}}},"9":{"name":"(anonymous_21)","decl":{"start":{"line":157,"column":8},"end":{"line":157,"column":17}},"loc":{"start":{"line":157,"column":17},"end":{"line":175,"column":null}}},"10":{"name":"(anonymous_23)","decl":{"start":{"line":177,"column":8},"end":{"line":177,"column":24}},"loc":{"start":{"line":177,"column":24},"end":{"line":180,"column":null}}},"11":{"name":"(anonymous_25)","decl":{"start":{"line":182,"column":2},"end":{"line":182,"column":17}},"loc":{"start":{"line":182,"column":17},"end":{"line":195,"column":3}}},"12":{"name":"(anonymous_26)","decl":{"start":{"line":187,"column":24},"end":{"line":187,"column":25}},"loc":{"start":{"line":187,"column":40},"end":{"line":190,"column":5}}},"13":{"name":"(anonymous_27)","decl":{"start":{"line":193,"column":49},"end":{"line":193,"column":50}},"loc":{"start":{"line":193,"column":59},"end":{"line":193,"column":72}}},"14":{"name":"(anonymous_28)","decl":{"start":{"line":197,"column":8},"end":{"line":197,"column":17}},"loc":{"start":{"line":197,"column":17},"end":{"line":220,"column":null}}},"15":{"name":"(anonymous_30)","decl":{"start":{"line":202,"column":6},"end":{"line":202,"column":7}},"loc":{"start":{"line":202,"column":16},"end":{"line":202,"column":40}}},"16":{"name":"(anonymous_31)","decl":{"start":{"line":205,"column":6},"end":{"line":205,"column":7}},"loc":{"start":{"line":205,"column":16},"end":{"line":205,"column":40}}},"17":{"name":"(anonymous_32)","decl":{"start":{"line":207,"column":42},"end":{"line":207,"column":43}},"loc":{"start":{"line":207,"column":52},"end":{"line":207,"column":71}}},"18":{"name":"(anonymous_33)","decl":{"start":{"line":222,"column":8},"end":{"line":222,"column":19}},"loc":{"start":{"line":222,"column":35},"end":{"line":226,"column":null}}},"19":{"name":"(anonymous_35)","decl":{"start":{"line":228,"column":8},"end":{"line":228,"column":21}},"loc":{"start":{"line":228,"column":37},"end":{"line":237,"column":null}}},"20":{"name":"(anonymous_37)","decl":{"start":{"line":239,"column":2},"end":{"line":239,"column":21}},"loc":{"start":{"line":239,"column":21},"end":{"line":242,"column":3}}},"21":{"name":"(anonymous_38)","decl":{"start":{"line":244,"column":2},"end":{"line":244,"column":17}},"loc":{"start":{"line":244,"column":17},"end":{"line":247,"column":3}}},"22":{"name":"(anonymous_39)","decl":{"start":{"line":249,"column":2},"end":{"line":249,"column":14}},"loc":{"start":{"line":249,"column":14},"end":{"line":262,"column":3}}}},"branchMap":{"0":{"loc":{"start":{"line":87,"column":4},"end":{"line":87,"column":75}},"type":"if","locations":[{"start":{"line":87,"column":4},"end":{"line":87,"column":75}}]},"1":{"loc":{"start":{"line":88,"column":4},"end":{"line":88,"column":63}},"type":"if","locations":[{"start":{"line":88,"column":4},"end":{"line":88,"column":63}}]},"2":{"loc":{"start":{"line":89,"column":4},"end":{"line":89,"column":67}},"type":"if","locations":[{"start":{"line":89,"column":4},"end":{"line":89,"column":67}}]},"3":{"loc":{"start":{"line":90,"column":4},"end":{"line":90,"column":65}},"type":"if","locations":[{"start":{"line":90,"column":4},"end":{"line":90,"column":65}}]},"4":{"loc":{"start":{"line":98,"column":4},"end":{"line":98,"column":57}},"type":"if","locations":[{"start":{"line":98,"column":4},"end":{"line":98,"column":57}}]},"5":{"loc":{"start":{"line":102,"column":4},"end":{"line":104,"column":5}},"type":"if","locations":[{"start":{"line":102,"column":4},"end":{"line":104,"column":5}}]},"6":{"loc":{"start":{"line":113,"column":4},"end":{"line":122,"column":5}},"type":"if","locations":[{"start":{"line":113,"column":4},"end":{"line":122,"column":5}}]},"7":{"loc":{"start":{"line":113,"column":8},"end":{"line":113,"column":20}},"type":"cond-expr","locations":[{"start":{"line":113,"column":12},"end":{"line":113,"column":14}},{"start":{"line":113,"column":8},"end":{"line":113,"column":20}}]},"8":{"loc":{"start":{"line":113,"column":8},"end":{"line":113,"column":14}},"type":"binary-expr","locations":[{"start":{"line":113,"column":8},"end":{"line":113,"column":14}},{"start":{"line":113,"column":8},"end":{"line":113,"column":14}}]},"9":{"loc":{"start":{"line":118,"column":6},"end":{"line":121,"column":7}},"type":"if","locations":[{"start":{"line":118,"column":6},"end":{"line":121,"column":7}}]},"10":{"loc":{"start":{"line":126,"column":4},"end":{"line":129,"column":5}},"type":"if","locations":[{"start":{"line":126,"column":4},"end":{"line":129,"column":5}}]},"11":{"loc":{"start":{"line":132,"column":4},"end":{"line":135,"column":5}},"type":"if","locations":[{"start":{"line":132,"column":4},"end":{"line":135,"column":5}}]},"12":{"loc":{"start":{"line":141,"column":4},"end":{"line":143,"column":5}},"type":"if","locations":[{"start":{"line":141,"column":4},"end":{"line":143,"column":5}}]},"13":{"loc":{"start":{"line":161,"column":4},"end":{"line":161,"column":65}},"type":"if","locations":[{"start":{"line":161,"column":4},"end":{"line":161,"column":65}}]},"14":{"loc":{"start":{"line":168,"column":4},"end":{"line":168,"column":63}},"type":"if","locations":[{"start":{"line":168,"column":4},"end":{"line":168,"column":63}}]},"15":{"loc":{"start":{"line":172,"column":4},"end":{"line":174,"column":5}},"type":"if","locations":[{"start":{"line":172,"column":4},"end":{"line":174,"column":5}}]},"16":{"loc":{"start":{"line":172,"column":8},"end":{"line":172,"column":22}},"type":"cond-expr","locations":[{"start":{"line":172,"column":14},"end":{"line":172,"column":16}},{"start":{"line":172,"column":8},"end":{"line":172,"column":22}}]},"17":{"loc":{"start":{"line":172,"column":8},"end":{"line":172,"column":16}},"type":"binary-expr","locations":[{"start":{"line":172,"column":8},"end":{"line":172,"column":16}},{"start":{"line":172,"column":8},"end":{"line":172,"column":16}}]},"18":{"loc":{"start":{"line":185,"column":4},"end":{"line":185,"column":41}},"type":"if","locations":[{"start":{"line":185,"column":4},"end":{"line":185,"column":41}}]},"19":{"loc":{"start":{"line":210,"column":4},"end":{"line":219,"column":5}},"type":"if","locations":[{"start":{"line":210,"column":4},"end":{"line":219,"column":5}},{"start":{"line":213,"column":11},"end":{"line":219,"column":5}}]},"20":{"loc":{"start":{"line":210,"column":8},"end":{"line":210,"column":67}},"type":"binary-expr","locations":[{"start":{"line":210,"column":8},"end":{"line":210,"column":18}},{"start":{"line":210,"column":23},"end":{"line":210,"column":39}},{"start":{"line":210,"column":43},"end":{"line":210,"column":66}}]},"21":{"loc":{"start":{"line":213,"column":11},"end":{"line":219,"column":5}},"type":"if","locations":[{"start":{"line":213,"column":11},"end":{"line":219,"column":5}},{"start":{"line":216,"column":11},"end":{"line":219,"column":5}}]},"22":{"loc":{"start":{"line":216,"column":11},"end":{"line":219,"column":5}},"type":"if","locations":[{"start":{"line":216,"column":11},"end":{"line":219,"column":5}}]},"23":{"loc":{"start":{"line":255,"column":4},"end":{"line":259,"column":5}},"type":"if","locations":[{"start":{"line":255,"column":4},"end":{"line":259,"column":5}},{"start":{"line":257,"column":11},"end":{"line":259,"column":5}}]}},"s":{"0":8,"1":8,"2":8,"3":8,"4":8,"5":8,"6":8,"7":8,"8":8,"9":8,"10":8,"11":8,"12":50,"13":50,"14":50,"15":50,"16":50,"17":50,"18":50,"19":50,"20":50,"21":50,"22":50,"23":50,"24":50,"25":51,"26":2,"27":2,"28":51,"29":3,"30":2,"31":2,"32":2,"33":2,"34":2,"35":0,"36":2,"37":0,"38":2,"39":0,"40":2,"41":0,"42":0,"43":0,"44":0,"45":0,"46":0,"47":0,"48":0,"49":0,"50":0,"51":0,"52":0,"53":0,"54":0,"55":0,"56":0,"57":0,"58":0,"59":0,"60":0,"61":0,"62":0,"63":0,"64":0,"65":0,"66":0,"67":0,"68":0,"69":0,"70":0,"71":0,"72":0,"73":0,"74":0,"75":0,"76":0,"77":0,"78":0,"79":0,"80":0,"81":0,"82":0,"83":0,"84":0,"85":0,"86":0,"87":0,"88":0,"89":0,"90":0,"91":0,"92":0,"93":0,"94":0,"95":0,"96":0,"97":0,"98":0,"99":0,"100":0,"101":0,"102":0,"103":0,"104":0,"105":0,"106":0,"107":0,"108":0,"109":0,"110":0,"111":0,"112":3,"113":3,"114":3,"115":3,"116":3,"117":3,"118":3,"119":0,"120":3,"121":3,"122":8},"f":{"0":50,"1":51,"2":2,"3":2,"4":3,"5":2,"6":0,"7":0,"8":0,"9":0,"10":0,"11":0,"12":0,"13":0,"14":0,"15":0,"16":0,"17":0,"18":0,"19":0,"20":3,"21":3,"22":3},"b":{"0":[2],"1":[0],"2":[0],"3":[0],"4":[0],"5":[0],"6":[0],"7":[0,0],"8":[0,0],"9":[0],"10":[0],"11":[0],"12":[0],"13":[0],"14":[0],"15":[0],"16":[0,0],"17":[0,0],"18":[0],"19":[0,0],"20":[0,0,0],"21":[0,0],"22":[0],"23":[0,3]}}
,"C:\\Users\\enkgp\\Desktop\\werewolf_app\\src\\classes\\GuardManager.ts": {"path":"C:\\Users\\enkgp\\Desktop\\werewolf_app\\src\\classes\\GuardManager.ts","statementMap":{"0":{"start":{"line":1,"column":0},"end":{"line":1,"column":32}},"1":{"start":{"line":4,"column":0},"end":{"line":4,"column":41}},"2":{"start":{"line":5,"column":0},"end":{"line":5,"column":47}},"3":{"start":{"line":13,"column":9},"end":{"line":13,"column":44}},"4":{"start":{"line":16,"column":9},"end":{"line":16,"column":42}},"5":{"start":{"line":19,"column":4},"end":{"line":19,"column":37}},"6":{"start":{"line":20,"column":4},"end":{"line":20,"column":39}},"7":{"start":{"line":24,"column":29},"end":{"line":24,"column":46}},"8":{"start":{"line":25,"column":19},"end":{"line":25,"column":55}},"9":{"start":{"line":26,"column":19},"end":{"line":26,"column":55}},"10":{"start":{"line":28,"column":4},"end":{"line":35,"column":55}},"11":{"start":{"line":35,"column":6},"end":{"line":35,"column":55}},"12":{"start":{"line":37,"column":4},"end":{"line":37,"column":33}},"13":{"start":{"line":41,"column":27},"end":{"line":41,"column":44}},"14":{"start":{"line":43,"column":26},"end":{"line":43,"column":74}},"15":{"start":{"line":44,"column":4},"end":{"line":44,"column":50}},"16":{"start":{"line":46,"column":4},"end":{"line":46,"column":29}},"17":{"start":{"line":48,"column":4},"end":{"line":48,"column":44}},"18":{"start":{"line":52,"column":20},"end":{"line":52,"column":46}},"19":{"start":{"line":53,"column":25},"end":{"line":55,"column":33}},"20":{"start":{"line":54,"column":24},"end":{"line":54,"column":73}},"21":{"start":{"line":55,"column":21},"end":{"line":55,"column":32}},"22":{"start":{"line":57,"column":4},"end":{"line":57,"column":33}},"23":{"start":{"line":61,"column":29},"end":{"line":61,"column":46}},"24":{"start":{"line":62,"column":19},"end":{"line":62,"column":53}},"25":{"start":{"line":64,"column":4},"end":{"line":66,"column":5}},"26":{"start":{"line":65,"column":6},"end":{"line":65,"column":65}},"27":{"start":{"line":68,"column":4},"end":{"line":68,"column":29}},"28":{"start":{"line":12,"column":0},"end":{"line":12,"column":21}}},"fnMap":{"0":{"name":"(anonymous_1)","decl":{"start":{"line":18,"column":2},"end":{"line":18,"column":14}},"loc":{"start":{"line":18,"column":70},"end":{"line":21,"column":3}}},"1":{"name":"(anonymous_2)","decl":{"start":{"line":23,"column":2},"end":{"line":23,"column":21}},"loc":{"start":{"line":23,"column":56},"end":{"line":38,"column":3}}},"2":{"name":"(anonymous_3)","decl":{"start":{"line":40,"column":2},"end":{"line":40,"column":7}},"loc":{"start":{"line":40,"column":30},"end":{"line":49,"column":3}}},"3":{"name":"(anonymous_4)","decl":{"start":{"line":51,"column":2},"end":{"line":51,"column":22}},"loc":{"start":{"line":51,"column":22},"end":{"line":58,"column":3}}},"4":{"name":"(anonymous_5)","decl":{"start":{"line":54,"column":14},"end":{"line":54,"column":15}},"loc":{"start":{"line":54,"column":24},"end":{"line":54,"column":73}}},"5":{"name":"(anonymous_6)","decl":{"start":{"line":55,"column":11},"end":{"line":55,"column":12}},"loc":{"start":{"line":55,"column":21},"end":{"line":55,"column":32}}},"6":{"name":"(anonymous_7)","decl":{"start":{"line":60,"column":2},"end":{"line":60,"column":17}},"loc":{"start":{"line":60,"column":32},"end":{"line":69,"column":3}}}},"branchMap":{"0":{"loc":{"start":{"line":28,"column":4},"end":{"line":35,"column":55}},"type":"if","locations":[{"start":{"line":28,"column":4},"end":{"line":35,"column":55}}]},"1":{"loc":{"start":{"line":29,"column":6},"end":{"line":33,"column":30}},"type":"binary-expr","locations":[{"start":{"line":29,"column":6},"end":{"line":29,"column":30}},{"start":{"line":30,"column":6},"end":{"line":30,"column":32}},{"start":{"line":31,"column":6},"end":{"line":31,"column":30}},{"start":{"line":32,"column":6},"end":{"line":32,"column":32}},{"start":{"line":33,"column":6},"end":{"line":33,"column":30}}]},"2":{"loc":{"start":{"line":30,"column":6},"end":{"line":30,"column":20}},"type":"cond-expr","locations":[{"start":{"line":30,"column":12},"end":{"line":30,"column":14}},{"start":{"line":30,"column":6},"end":{"line":30,"column":20}}]},"3":{"loc":{"start":{"line":30,"column":6},"end":{"line":30,"column":14}},"type":"binary-expr","locations":[{"start":{"line":30,"column":6},"end":{"line":30,"column":14}},{"start":{"line":30,"column":6},"end":{"line":30,"column":14}}]},"4":{"loc":{"start":{"line":32,"column":6},"end":{"line":32,"column":20}},"type":"cond-expr","locations":[{"start":{"line":32,"column":12},"end":{"line":32,"column":14}},{"start":{"line":32,"column":6},"end":{"line":32,"column":20}}]},"5":{"loc":{"start":{"line":32,"column":6},"end":{"line":32,"column":14}},"type":"binary-expr","locations":[{"start":{"line":32,"column":6},"end":{"line":32,"column":14}},{"start":{"line":32,"column":6},"end":{"line":32,"column":14}}]},"6":{"loc":{"start":{"line":43,"column":26},"end":{"line":43,"column":74}},"type":"binary-expr","locations":[{"start":{"line":43,"column":26},"end":{"line":43,"column":43}},{"start":{"line":43,"column":47},"end":{"line":43,"column":74}}]},"7":{"loc":{"start":{"line":54,"column":24},"end":{"line":54,"column":73}},"type":"binary-expr","locations":[{"start":{"line":54,"column":24},"end":{"line":54,"column":47}},{"start":{"line":54,"column":51},"end":{"line":54,"column":73}}]},"8":{"loc":{"start":{"line":64,"column":4},"end":{"line":66,"column":5}},"type":"if","locations":[{"start":{"line":64,"column":4},"end":{"line":66,"column":5}}]},"9":{"loc":{"start":{"line":64,"column":8},"end":{"line":64,"column":59}},"type":"binary-expr","locations":[{"start":{"line":64,"column":8},"end":{"line":64,"column":33}},{"start":{"line":64,"column":37},"end":{"line":64,"column":59}}]},"10":{"loc":{"start":{"line":64,"column":8},"end":{"line":64,"column":20}},"type":"cond-expr","locations":[{"start":{"line":64,"column":14},"end":{"line":64,"column":16}},{"start":{"line":64,"column":8},"end":{"line":64,"column":20}}]},"11":{"loc":{"start":{"line":64,"column":8},"end":{"line":64,"column":16}},"type":"binary-expr","locations":[{"start":{"line":64,"column":8},"end":{"line":64,"column":16}},{"start":{"line":64,"column":8},"end":{"line":64,"column":16}}]}},"s":{"0":8,"1":8,"2":8,"3":50,"4":50,"5":50,"6":50,"7":7,"8":7,"9":7,"10":7,"11":6,"12":1,"13":2,"14":2,"15":2,"16":2,"17":2,"18":10,"19":10,"20":100,"21":40,"22":10,"23":3,"24":3,"25":3,"26":2,"27":1,"28":8},"f":{"0":50,"1":7,"2":2,"3":10,"4":100,"5":40,"6":3},"b":{"0":[6],"1":[7,5,4,3,2],"2":[0,5],"3":[5,5],"4":[0,3],"5":[3,3],"6":[2,0],"7":[100,50],"8":[2],"9":[3,2],"10":[0,3],"11":[3,3]}}
,"C:\\Users\\enkgp\\Desktop\\werewolf_app\\src\\classes\\MediumManager.ts": {"path":"C:\\Users\\enkgp\\Desktop\\werewolf_app\\src\\classes\\MediumManager.ts","statementMap":{"0":{"start":{"line":3,"column":0},"end":{"line":3,"column":41}},"1":{"start":{"line":4,"column":0},"end":{"line":4,"column":47}},"2":{"start":{"line":14,"column":9},"end":{"line":14,"column":42}},"3":{"start":{"line":17,"column":4},"end":{"line":17,"column":37}},"4":{"start":{"line":18,"column":4},"end":{"line":18,"column":39}},"5":{"start":{"line":22,"column":27},"end":{"line":22,"column":44}},"6":{"start":{"line":24,"column":19},"end":{"line":24,"column":55}},"7":{"start":{"line":26,"column":4},"end":{"line":28,"column":6}},"8":{"start":{"line":32,"column":29},"end":{"line":32,"column":46}},"9":{"start":{"line":33,"column":19},"end":{"line":33,"column":53}},"10":{"start":{"line":35,"column":4},"end":{"line":37,"column":5}},"11":{"start":{"line":36,"column":6},"end":{"line":36,"column":65}},"12":{"start":{"line":39,"column":4},"end":{"line":39,"column":29}},"13":{"start":{"line":11,"column":0},"end":{"line":11,"column":21}}},"fnMap":{"0":{"name":"(anonymous_1)","decl":{"start":{"line":16,"column":2},"end":{"line":16,"column":14}},"loc":{"start":{"line":16,"column":70},"end":{"line":19,"column":3}}},"1":{"name":"(anonymous_2)","decl":{"start":{"line":21,"column":2},"end":{"line":21,"column":8}},"loc":{"start":{"line":21,"column":25},"end":{"line":29,"column":3}}},"2":{"name":"(anonymous_3)","decl":{"start":{"line":31,"column":2},"end":{"line":31,"column":17}},"loc":{"start":{"line":31,"column":32},"end":{"line":40,"column":3}}}},"branchMap":{"0":{"loc":{"start":{"line":27,"column":18},"end":{"line":27,"column":73}},"type":"cond-expr","locations":[{"start":{"line":27,"column":47},"end":{"line":27,"column":58}},{"start":{"line":27,"column":61},"end":{"line":27,"column":73}}]},"1":{"loc":{"start":{"line":35,"column":4},"end":{"line":37,"column":5}},"type":"if","locations":[{"start":{"line":35,"column":4},"end":{"line":37,"column":5}}]},"2":{"loc":{"start":{"line":35,"column":8},"end":{"line":35,"column":59}},"type":"binary-expr","locations":[{"start":{"line":35,"column":8},"end":{"line":35,"column":33}},{"start":{"line":35,"column":37},"end":{"line":35,"column":59}}]},"3":{"loc":{"start":{"line":35,"column":8},"end":{"line":35,"column":20}},"type":"cond-expr","locations":[{"start":{"line":35,"column":14},"end":{"line":35,"column":16}},{"start":{"line":35,"column":8},"end":{"line":35,"column":20}}]},"4":{"loc":{"start":{"line":35,"column":8},"end":{"line":35,"column":16}},"type":"binary-expr","locations":[{"start":{"line":35,"column":8},"end":{"line":35,"column":16}},{"start":{"line":35,"column":8},"end":{"line":35,"column":16}}]}},"s":{"0":8,"1":8,"2":50,"3":50,"4":50,"5":3,"6":3,"7":3,"8":3,"9":3,"10":3,"11":2,"12":1,"13":8},"f":{"0":50,"1":3,"2":3},"b":{"0":[2,1],"1":[2],"2":[3,1],"3":[0,3],"4":[3,3]}}
,"C:\\Users\\enkgp\\Desktop\\werewolf_app\\src\\classes\\PhaseManager.ts": {"path":"C:\\Users\\enkgp\\Desktop\\werewolf_app\\src\\classes\\PhaseManager.ts","statementMap":{"0":{"start":{"line":11,"column":2},"end":{"line":16,"column":4}},"1":{"start":{"line":18,"column":9},"end":{"line":18,"column":32}},"2":{"start":{"line":19,"column":9},"end":{"line":19,"column":44}},"3":{"start":{"line":23,"column":9},"end":{"line":23,"column":62}},"4":{"start":{"line":26,"column":4},"end":{"line":26,"column":32}},"5":{"start":{"line":27,"column":4},"end":{"line":27,"column":25}},"6":{"start":{"line":28,"column":4},"end":{"line":28,"column":37}},"7":{"start":{"line":29,"column":4},"end":{"line":29,"column":27}},"8":{"start":{"line":30,"column":4},"end":{"line":30,"column":22}},"9":{"start":{"line":34,"column":4},"end":{"line":38,"column":7}},"10":{"start":{"line":35,"column":6},"end":{"line":35,"column":23}},"11":{"start":{"line":36,"column":6},"end":{"line":36,"column":46}},"12":{"start":{"line":37,"column":6},"end":{"line":37,"column":24}},"13":{"start":{"line":42,"column":18},"end":{"line":42,"column":60}},"14":{"start":{"line":43,"column":4},"end":{"line":46,"column":6}},"15":{"start":{"line":44,"column":12},"end":{"line":44,"column":46}},"16":{"start":{"line":50,"column":4},"end":{"line":50,"column":32}},"17":{"start":{"line":52,"column":4},"end":{"line":56,"column":5}},"18":{"start":{"line":53,"column":6},"end":{"line":55,"column":8}},"19":{"start":{"line":58,"column":4},"end":{"line":60,"column":5}},"20":{"start":{"line":59,"column":6},"end":{"line":59,"column":46}},"21":{"start":{"line":62,"column":4},"end":{"line":67,"column":5}},"22":{"start":{"line":63,"column":6},"end":{"line":63,"column":34}},"23":{"start":{"line":65,"column":6},"end":{"line":65,"column":44}},"24":{"start":{"line":66,"column":6},"end":{"line":66,"column":32}},"25":{"start":{"line":10,"column":0},"end":{"line":10,"column":21}}},"fnMap":{"0":{"name":"(anonymous_0)","decl":{"start":{"line":25,"column":2},"end":{"line":25,"column":14}},"loc":{"start":{"line":25,"column":57},"end":{"line":31,"column":3}}},"1":{"name":"(anonymous_1)","decl":{"start":{"line":33,"column":2},"end":{"line":33,"column":17}},"loc":{"start":{"line":33,"column":17},"end":{"line":39,"column":3}}},"2":{"name":"(anonymous_2)","decl":{"start":{"line":34,"column":45},"end":{"line":34,"column":48}},"loc":{"start":{"line":34,"column":50},"end":{"line":38,"column":5}}},"3":{"name":"(anonymous_3)","decl":{"start":{"line":41,"column":2},"end":{"line":41,"column":12}},"loc":{"start":{"line":41,"column":12},"end":{"line":47,"column":3}}},"4":{"name":"(anonymous_4)","decl":{"start":{"line":44,"column":6},"end":{"line":44,"column":9}},"loc":{"start":{"line":44,"column":12},"end":{"line":44,"column":46}}},"5":{"name":"(anonymous_5)","decl":{"start":{"line":49,"column":2},"end":{"line":49,"column":11}},"loc":{"start":{"line":49,"column":11},"end":{"line":68,"column":3}}}},"branchMap":{"0":{"loc":{"start":{"line":52,"column":4},"end":{"line":56,"column":5}},"type":"if","locations":[{"start":{"line":52,"column":4},"end":{"line":56,"column":5}}]},"1":{"loc":{"start":{"line":58,"column":4},"end":{"line":60,"column":5}},"type":"if","locations":[{"start":{"line":58,"column":4},"end":{"line":60,"column":5}}]},"2":{"loc":{"start":{"line":62,"column":4},"end":{"line":67,"column":5}},"type":"if","locations":[{"start":{"line":62,"column":4},"end":{"line":67,"column":5}},{"start":{"line":64,"column":11},"end":{"line":67,"column":5}}]}},"s":{"0":50,"1":50,"2":50,"3":50,"4":50,"5":50,"6":50,"7":50,"8":50,"9":51,"10":3,"11":3,"12":3,"13":53,"14":53,"15":2,"16":51,"17":51,"18":1,"19":50,"20":1,"21":49,"22":18,"23":31,"24":31,"25":8},"f":{"0":50,"1":51,"2":3,"3":53,"4":2,"5":51},"b":{"0":[1],"1":[1],"2":[18,31]}}
,"C:\\Users\\enkgp\\Desktop\\werewolf_app\\src\\classes\\PlayerManager.ts": {"path":"C:\\Users\\enkgp\\Desktop\\werewolf_app\\src\\classes\\PlayerManager.ts","statementMap":{"0":{"start":{"line":1,"column":0},"end":{"line":1,"column":56}},"1":{"start":{"line":2,"column":0},"end":{"line":2,"column":47}},"2":{"start":{"line":3,"column":0},"end":{"line":3,"column":51}},"3":{"start":{"line":4,"column":0},"end":{"line":4,"column":41}},"4":{"start":{"line":5,"column":0},"end":{"line":5,"column":47}},"5":{"start":{"line":23,"column":9},"end":{"line":25,"column":9}},"6":{"start":{"line":28,"column":4},"end":{"line":28,"column":25}},"7":{"start":{"line":29,"column":4},"end":{"line":29,"column":27}},"8":{"start":{"line":33,"column":18},"end":{"line":33,"column":42}},"9":{"start":{"line":34,"column":26},"end":{"line":34,"column":40}},"10":{"start":{"line":36,"column":4},"end":{"line":46,"column":7}},"11":{"start":{"line":37,"column":35},"end":{"line":37,"column":39}},"12":{"start":{"line":38,"column":19},"end":{"line":38,"column":41}},"13":{"start":{"line":40,"column":6},"end":{"line":45,"column":8}},"14":{"start":{"line":50,"column":19},"end":{"line":50,"column":30}},"15":{"start":{"line":51,"column":18},"end":{"line":55,"column":7}},"16":{"start":{"line":51,"column":61},"end":{"line":55,"column":6}},"17":{"start":{"line":57,"column":4},"end":{"line":62,"column":5}},"18":{"start":{"line":58,"column":6},"end":{"line":58,"column":39}},"19":{"start":{"line":60,"column":6},"end":{"line":60,"column":57}},"20":{"start":{"line":61,"column":6},"end":{"line":61,"column":18}},"21":{"start":{"line":66,"column":19},"end":{"line":66,"column":39}},"22":{"start":{"line":67,"column":4},"end":{"line":67,"column":27}},"23":{"start":{"line":73,"column":19},"end":{"line":73,"column":39}},"24":{"start":{"line":74,"column":4},"end":{"line":74,"column":67}},"25":{"start":{"line":74,"column":17},"end":{"line":74,"column":67}},"26":{"start":{"line":83,"column":8},"end":{"line":86,"column":6}},"27":{"start":{"line":89,"column":4},"end":{"line":93,"column":5}},"28":{"start":{"line":90,"column":6},"end":{"line":92,"column":36}},"29":{"start":{"line":91,"column":26},"end":{"line":91,"column":51}},"30":{"start":{"line":92,"column":23},"end":{"line":92,"column":34}},"31":{"start":{"line":95,"column":4},"end":{"line":99,"column":5}},"32":{"start":{"line":96,"column":6},"end":{"line":98,"column":36}},"33":{"start":{"line":97,"column":26},"end":{"line":97,"column":50}},"34":{"start":{"line":98,"column":23},"end":{"line":98,"column":34}},"35":{"start":{"line":101,"column":4},"end":{"line":108,"column":5}},"36":{"start":{"line":102,"column":22},"end":{"line":102,"column":49}},"37":{"start":{"line":104,"column":6},"end":{"line":104,"column":76}},"38":{"start":{"line":104,"column":47},"end":{"line":104,"column":66}},"39":{"start":{"line":105,"column":6},"end":{"line":107,"column":36}},"40":{"start":{"line":106,"column":26},"end":{"line":106,"column":52}},"41":{"start":{"line":107,"column":23},"end":{"line":107,"column":34}},"42":{"start":{"line":110,"column":4},"end":{"line":110,"column":23}},"43":{"start":{"line":114,"column":19},"end":{"line":115,"column":null}},"44":{"start":{"line":115,"column":16},"end":{"line":115,"column":34}},"45":{"start":{"line":118,"column":4},"end":{"line":118,"column":69}},"46":{"start":{"line":118,"column":17},"end":{"line":118,"column":69}},"47":{"start":{"line":120,"column":4},"end":{"line":120,"column":18}},"48":{"start":{"line":124,"column":4},"end":{"line":126,"column":6}},"49":{"start":{"line":125,"column":16},"end":{"line":125,"column":69}},"50":{"start":{"line":130,"column":4},"end":{"line":132,"column":6}},"51":{"start":{"line":131,"column":16},"end":{"line":131,"column":39}},"52":{"start":{"line":136,"column":20},"end":{"line":136,"column":77}},"53":{"start":{"line":136,"column":54},"end":{"line":136,"column":76}},"54":{"start":{"line":138,"column":4},"end":{"line":138,"column":19}},"55":{"start":{"line":142,"column":20},"end":{"line":143,"column":null}},"56":{"start":{"line":143,"column":6},"end":{"line":143,"column":38}},"57":{"start":{"line":146,"column":4},"end":{"line":146,"column":19}},"58":{"start":{"line":21,"column":0},"end":{"line":21,"column":21}}},"fnMap":{"0":{"name":"(anonymous_8)","decl":{"start":{"line":27,"column":2},"end":{"line":27,"column":14}},"loc":{"start":{"line":27,"column":44},"end":{"line":30,"column":3}}},"1":{"name":"(anonymous_9)","decl":{"start":{"line":32,"column":2},"end":{"line":32,"column":12}},"loc":{"start":{"line":32,"column":27},"end":{"line":47,"column":3}}},"2":{"name":"(anonymous_10)","decl":{"start":{"line":36,"column":18},"end":{"line":36,"column":19}},"loc":{"start":{"line":36,"column":27},"end":{"line":46,"column":5}}},"3":{"name":"(anonymous_11)","decl":{"start":{"line":49,"column":8},"end":{"line":49,"column":27}},"loc":{"start":{"line":49,"column":27},"end":{"line":63,"column":null}}},"4":{"name":"(anonymous_13)","decl":{"start":{"line":51,"column":50},"end":{"line":51,"column":51}},"loc":{"start":{"line":51,"column":61},"end":{"line":55,"column":6}}},"5":{"name":"(anonymous_14)","decl":{"start":{"line":65,"column":2},"end":{"line":65,"column":6}},"loc":{"start":{"line":65,"column":21},"end":{"line":70,"column":3}}},"6":{"name":"(anonymous_15)","decl":{"start":{"line":72,"column":2},"end":{"line":72,"column":16}},"loc":{"start":{"line":72,"column":31},"end":{"line":111,"column":3}}},"7":{"name":"(anonymous_16)","decl":{"start":{"line":91,"column":16},"end":{"line":91,"column":17}},"loc":{"start":{"line":91,"column":26},"end":{"line":91,"column":51}}},"8":{"name":"(anonymous_17)","decl":{"start":{"line":92,"column":13},"end":{"line":92,"column":14}},"loc":{"start":{"line":92,"column":23},"end":{"line":92,"column":34}}},"9":{"name":"(anonymous_18)","decl":{"start":{"line":97,"column":16},"end":{"line":97,"column":17}},"loc":{"start":{"line":97,"column":26},"end":{"line":97,"column":50}}},"10":{"name":"(anonymous_19)","decl":{"start":{"line":98,"column":13},"end":{"line":98,"column":14}},"loc":{"start":{"line":98,"column":23},"end":{"line":98,"column":34}}},"11":{"name":"(anonymous_20)","decl":{"start":{"line":104,"column":37},"end":{"line":104,"column":38}},"loc":{"start":{"line":104,"column":47},"end":{"line":104,"column":66}}},"12":{"name":"(anonymous_21)","decl":{"start":{"line":106,"column":16},"end":{"line":106,"column":17}},"loc":{"start":{"line":106,"column":26},"end":{"line":106,"column":52}}},"13":{"name":"(anonymous_22)","decl":{"start":{"line":107,"column":13},"end":{"line":107,"column":14}},"loc":{"start":{"line":107,"column":23},"end":{"line":107,"column":34}}},"14":{"name":"(anonymous_23)","decl":{"start":{"line":113,"column":2},"end":{"line":113,"column":18}},"loc":{"start":{"line":113,"column":29},"end":{"line":121,"column":3}}},"15":{"name":"(anonymous_24)","decl":{"start":{"line":115,"column":6},"end":{"line":115,"column":7}},"loc":{"start":{"line":115,"column":16},"end":{"line":115,"column":34}}},"16":{"name":"(anonymous_25)","decl":{"start":{"line":123,"column":2},"end":{"line":123,"column":16}},"loc":{"start":{"line":123,"column":16},"end":{"line":127,"column":3}}},"17":{"name":"(anonymous_26)","decl":{"start":{"line":125,"column":6},"end":{"line":125,"column":7}},"loc":{"start":{"line":125,"column":16},"end":{"line":125,"column":69}}},"18":{"name":"(anonymous_27)","decl":{"start":{"line":129,"column":2},"end":{"line":129,"column":18}},"loc":{"start":{"line":129,"column":18},"end":{"line":133,"column":3}}},"19":{"name":"(anonymous_28)","decl":{"start":{"line":131,"column":6},"end":{"line":131,"column":7}},"loc":{"start":{"line":131,"column":16},"end":{"line":131,"column":39}}},"20":{"name":"(anonymous_29)","decl":{"start":{"line":135,"column":2},"end":{"line":135,"column":20}},"loc":{"start":{"line":135,"column":20},"end":{"line":139,"column":3}}},"21":{"name":"(anonymous_30)","decl":{"start":{"line":136,"column":44},"end":{"line":136,"column":45}},"loc":{"start":{"line":136,"column":54},"end":{"line":136,"column":76}}},"22":{"name":"(anonymous_31)","decl":{"start":{"line":141,"column":2},"end":{"line":141,"column":23}},"loc":{"start":{"line":141,"column":23},"end":{"line":147,"column":3}}},"23":{"name":"(anonymous_32)","decl":{"start":{"line":142,"column":44},"end":{"line":142,"column":45}},"loc":{"start":{"line":143,"column":6},"end":{"line":143,"column":38}}}},"branchMap":{"0":{"loc":{"start":{"line":74,"column":4},"end":{"line":74,"column":67}},"type":"if","locations":[{"start":{"line":74,"column":4},"end":{"line":74,"column":67}}]},"1":{"loc":{"start":{"line":89,"column":4},"end":{"line":93,"column":5}},"type":"if","locations":[{"start":{"line":89,"column":4},"end":{"line":93,"column":5}}]},"2":{"loc":{"start":{"line":95,"column":4},"end":{"line":99,"column":5}},"type":"if","locations":[{"start":{"line":95,"column":4},"end":{"line":99,"column":5}}]},"3":{"loc":{"start":{"line":101,"column":4},"end":{"line":108,"column":5}},"type":"if","locations":[{"start":{"line":101,"column":4},"end":{"line":108,"column":5}}]},"4":{"loc":{"start":{"line":104,"column":24},"end":{"line":104,"column":75}},"type":"cond-expr","locations":[{"start":{"line":104,"column":67},"end":{"line":104,"column":69}},{"start":{"line":104,"column":67},"end":{"line":104,"column":75}}]},"5":{"loc":{"start":{"line":104,"column":24},"end":{"line":104,"column":69}},"type":"binary-expr","locations":[{"start":{"line":104,"column":24},"end":{"line":104,"column":69}},{"start":{"line":104,"column":67},"end":{"line":104,"column":69}}]},"6":{"loc":{"start":{"line":118,"column":4},"end":{"line":118,"column":69}},"type":"if","locations":[{"start":{"line":118,"column":4},"end":{"line":118,"column":69}}]},"7":{"loc":{"start":{"line":125,"column":16},"end":{"line":125,"column":69}},"type":"binary-expr","locations":[{"start":{"line":125,"column":16},"end":{"line":125,"column":42}},{"start":{"line":125,"column":46},"end":{"line":125,"column":69}}]}},"s":{"0":8,"1":8,"2":8,"3":8,"4":8,"5":50,"6":50,"7":50,"8":50,"9":50,"10":50,"11":500,"12":500,"13":500,"14":1,"15":1,"16":10,"17":1,"18":1,"19":0,"20":0,"21":25,"22":25,"23":11,"24":11,"25":1,"26":10,"27":10,"28":0,"29":0,"30":0,"31":10,"32":2,"33":20,"34":4,"35":10,"36":0,"37":0,"38":0,"39":0,"40":0,"41":0,"42":10,"43":67,"44":290,"45":67,"46":1,"47":66,"48":1,"49":10,"50":1,"51":10,"52":1,"53":10,"54":1,"55":4,"56":40,"57":4,"58":8},"f":{"0":50,"1":50,"2":500,"3":1,"4":10,"5":25,"6":11,"7":0,"8":0,"9":20,"10":4,"11":0,"12":0,"13":0,"14":67,"15":290,"16":1,"17":10,"18":1,"19":10,"20":1,"21":10,"22":4,"23":40},"b":{"0":[1],"1":[0],"2":[2],"3":[0],"4":[0,0],"5":[0,0],"6":[1],"7":[10,0]}}
,"C:\\Users\\enkgp\\Desktop\\werewolf_app\\src\\classes\\VoteManager.ts": {"path":"C:\\Users\\enkgp\\Desktop\\werewolf_app\\src\\classes\\VoteManager.ts","statementMap":{"0":{"start":{"line":1,"column":0},"end":{"line":1,"column":46}},"1":{"start":{"line":4,"column":0},"end":{"line":4,"column":41}},"2":{"start":{"line":5,"column":0},"end":{"line":5,"column":47}},"3":{"start":{"line":16,"column":9},"end":{"line":16,"column":47}},"4":{"start":{"line":19,"column":9},"end":{"line":19,"column":40}},"5":{"start":{"line":22,"column":4},"end":{"line":22,"column":37}},"6":{"start":{"line":23,"column":4},"end":{"line":23,"column":39}},"7":{"start":{"line":27,"column":29},"end":{"line":27,"column":46}},"8":{"start":{"line":28,"column":19},"end":{"line":28,"column":54}},"9":{"start":{"line":29,"column":19},"end":{"line":29,"column":54}},"10":{"start":{"line":31,"column":4},"end":{"line":37,"column":5}},"11":{"start":{"line":36,"column":6},"end":{"line":36,"column":54}},"12":{"start":{"line":39,"column":4},"end":{"line":39,"column":34}},"13":{"start":{"line":43,"column":22},"end":{"line":43,"column":40}},"14":{"start":{"line":44,"column":4},"end":{"line":44,"column":57}},"15":{"start":{"line":44,"column":45},"end":{"line":44,"column":57}},"16":{"start":{"line":47,"column":21},"end":{"line":47,"column":50}},"17":{"start":{"line":48,"column":29},"end":{"line":50,"column":30}},"18":{"start":{"line":49,"column":30},"end":{"line":49,"column":48}},"19":{"start":{"line":50,"column":24},"end":{"line":50,"column":29}},"20":{"start":{"line":52,"column":4},"end":{"line":52,"column":26}},"21":{"start":{"line":55,"column":4},"end":{"line":55,"column":37}},"22":{"start":{"line":59,"column":18},"end":{"line":59,"column":28}},"23":{"start":{"line":60,"column":4},"end":{"line":60,"column":26}},"24":{"start":{"line":60,"column":16},"end":{"line":60,"column":26}},"25":{"start":{"line":62,"column":23},"end":{"line":62,"column":43}},"26":{"start":{"line":63,"column":4},"end":{"line":63,"column":31}},"27":{"start":{"line":67,"column":27},"end":{"line":67,"column":44}},"28":{"start":{"line":69,"column":40},"end":{"line":69,"column":42}},"29":{"start":{"line":72,"column":4},"end":{"line":77,"column":5}},"30":{"start":{"line":73,"column":6},"end":{"line":75,"column":7}},"31":{"start":{"line":74,"column":8},"end":{"line":74,"column":33}},"32":{"start":{"line":76,"column":6},"end":{"line":76,"column":38}},"33":{"start":{"line":79,"column":4},"end":{"line":79,"column":48}},"34":{"start":{"line":82,"column":4},"end":{"line":82,"column":20}},"35":{"start":{"line":86,"column":29},"end":{"line":86,"column":46}},"36":{"start":{"line":88,"column":4},"end":{"line":90,"column":5}},"37":{"start":{"line":89,"column":6},"end":{"line":89,"column":64}},"38":{"start":{"line":92,"column":4},"end":{"line":92,"column":28}},"39":{"start":{"line":15,"column":0},"end":{"line":15,"column":21}}},"fnMap":{"0":{"name":"(anonymous_1)","decl":{"start":{"line":21,"column":2},"end":{"line":21,"column":14}},"loc":{"start":{"line":21,"column":70},"end":{"line":24,"column":3}}},"1":{"name":"(anonymous_2)","decl":{"start":{"line":26,"column":2},"end":{"line":26,"column":13}},"loc":{"start":{"line":26,"column":46},"end":{"line":40,"column":3}}},"2":{"name":"(anonymous_3)","decl":{"start":{"line":42,"column":2},"end":{"line":42,"column":20}},"loc":{"start":{"line":42,"column":20},"end":{"line":56,"column":3}}},"3":{"name":"(anonymous_4)","decl":{"start":{"line":49,"column":14},"end":{"line":49,"column":15}},"loc":{"start":{"line":49,"column":30},"end":{"line":49,"column":48}}},"4":{"name":"(anonymous_5)","decl":{"start":{"line":50,"column":11},"end":{"line":50,"column":12}},"loc":{"start":{"line":50,"column":24},"end":{"line":50,"column":29}}},"5":{"name":"(anonymous_6)","decl":{"start":{"line":58,"column":2},"end":{"line":58,"column":13}},"loc":{"start":{"line":58,"column":13},"end":{"line":64,"column":3}}},"6":{"name":"(anonymous_7)","decl":{"start":{"line":66,"column":2},"end":{"line":66,"column":16}},"loc":{"start":{"line":66,"column":16},"end":{"line":83,"column":3}}},"7":{"name":"(anonymous_8)","decl":{"start":{"line":85,"column":2},"end":{"line":85,"column":16}},"loc":{"start":{"line":85,"column":16},"end":{"line":93,"column":3}}}},"branchMap":{"0":{"loc":{"start":{"line":31,"column":4},"end":{"line":37,"column":5}},"type":"if","locations":[{"start":{"line":31,"column":4},"end":{"line":37,"column":5}}]},"1":{"loc":{"start":{"line":32,"column":6},"end":{"line":34,"column":28}},"type":"binary-expr","locations":[{"start":{"line":32,"column":6},"end":{"line":32,"column":32}},{"start":{"line":33,"column":6},"end":{"line":33,"column":32}},{"start":{"line":34,"column":6},"end":{"line":34,"column":28}}]},"2":{"loc":{"start":{"line":32,"column":6},"end":{"line":32,"column":20}},"type":"cond-expr","locations":[{"start":{"line":32,"column":12},"end":{"line":32,"column":14}},{"start":{"line":32,"column":6},"end":{"line":32,"column":20}}]},"3":{"loc":{"start":{"line":32,"column":6},"end":{"line":32,"column":14}},"type":"binary-expr","locations":[{"start":{"line":32,"column":6},"end":{"line":32,"column":14}},{"start":{"line":32,"column":6},"end":{"line":32,"column":14}}]},"4":{"loc":{"start":{"line":33,"column":6},"end":{"line":33,"column":20}},"type":"cond-expr","locations":[{"start":{"line":33,"column":12},"end":{"line":33,"column":14}},{"start":{"line":33,"column":6},"end":{"line":33,"column":20}}]},"5":{"loc":{"start":{"line":33,"column":6},"end":{"line":33,"column":14}},"type":"binary-expr","locations":[{"start":{"line":33,"column":6},"end":{"line":33,"column":14}},{"start":{"line":33,"column":6},"end":{"line":33,"column":14}}]},"6":{"loc":{"start":{"line":44,"column":4},"end":{"line":44,"column":57}},"type":"if","locations":[{"start":{"line":44,"column":4},"end":{"line":44,"column":57}}]},"7":{"loc":{"start":{"line":60,"column":4},"end":{"line":60,"column":26}},"type":"if","locations":[{"start":{"line":60,"column":4},"end":{"line":60,"column":26}}]},"8":{"loc":{"start":{"line":73,"column":6},"end":{"line":75,"column":7}},"type":"if","locations":[{"start":{"line":73,"column":6},"end":{"line":75,"column":7}}]},"9":{"loc":{"start":{"line":88,"column":4},"end":{"line":90,"column":5}},"type":"if","locations":[{"start":{"line":88,"column":4},"end":{"line":90,"column":5}}]}},"s":{"0":8,"1":8,"2":8,"3":50,"4":50,"5":50,"6":50,"7":17,"8":17,"9":17,"10":17,"11":3,"12":14,"13":2,"14":2,"15":1,"16":1,"17":1,"18":2,"19":1,"20":1,"21":1,"22":3,"23":3,"24":0,"25":3,"26":3,"27":3,"28":3,"29":3,"30":12,"31":4,"32":12,"33":3,"34":3,"35":2,"36":2,"37":1,"38":1,"39":8},"f":{"0":50,"1":17,"2":2,"3":2,"4":1,"5":3,"6":3,"7":2},"b":{"0":[3],"1":[17,16,15],"2":[0,17],"3":[17,17],"4":[0,16],"5":[16,16],"6":[1],"7":[0],"8":[4],"9":[1]}}
,"C:\\Users\\enkgp\\Desktop\\werewolf_app\\src\\config\\messages.ts": {"path":"C:\\Users\\enkgp\\Desktop\\werewolf_app\\src\\config\\messages.ts","statementMap":{"0":{"start":{"line":1,"column":13},"end":{"line":5,"column":2}},"1":{"start":{"line":7,"column":13},"end":{"line":22,"column":2}},"2":{"start":{"line":24,"column":13},"end":{"line":29,"column":2}},"3":{"start":{"line":31,"column":13},"end":{"line":43,"column":2}},"4":{"start":{"line":45,"column":13},"end":{"line":68,"column":2}},"5":{"start":{"line":53,"column":4},"end":{"line":53,"column":52}},"6":{"start":{"line":55,"column":4},"end":{"line":55,"column":74}},"7":{"start":{"line":55,"column":31},"end":{"line":55,"column":44}},"8":{"start":{"line":57,"column":4},"end":{"line":59,"column":43}},"9":{"start":{"line":58,"column":40},"end":{"line":58,"column":53}}},"fnMap":{"0":{"name":"(anonymous_0)","decl":{"start":{"line":52,"column":13},"end":{"line":52,"column":14}},"loc":{"start":{"line":53,"column":4},"end":{"line":53,"column":52}}},"1":{"name":"(anonymous_1)","decl":{"start":{"line":54,"column":19},"end":{"line":54,"column":20}},"loc":{"start":{"line":55,"column":4},"end":{"line":55,"column":74}}},"2":{"name":"(anonymous_2)","decl":{"start":{"line":55,"column":19},"end":{"line":55,"column":20}},"loc":{"start":{"line":55,"column":31},"end":{"line":55,"column":44}}},"3":{"name":"(anonymous_3)","decl":{"start":{"line":56,"column":10},"end":{"line":56,"column":11}},"loc":{"start":{"line":57,"column":4},"end":{"line":59,"column":43}}},"4":{"name":"(anonymous_4)","decl":{"start":{"line":58,"column":28},"end":{"line":58,"column":29}},"loc":{"start":{"line":58,"column":40},"end":{"line":58,"column":53}}}},"branchMap":{"0":{"loc":{"start":{"line":57,"column":4},"end":{"line":59,"column":43}},"type":"cond-expr","locations":[{"start":{"line":58,"column":8},"end":{"line":58,"column":81}},{"start":{"line":59,"column":8},"end":{"line":59,"column":43}}]}},"s":{"0":14,"1":14,"2":14,"3":14,"4":14,"5":0,"6":0,"7":0,"8":0,"9":0},"f":{"0":0,"1":0,"2":0,"3":0,"4":0},"b":{"0":[0,0]}}
,"C:\\Users\\enkgp\\Desktop\\werewolf_app\\src\\config\\roles.ts": {"path":"C:\\Users\\enkgp\\Desktop\\werewolf_app\\src\\config\\roles.ts","statementMap":{"0":{"start":{"line":16,"column":13},"end":{"line":29,"column":2}}},"fnMap":{},"branchMap":{},"s":{"0":8},"f":{},"b":{}}
,"C:\\Users\\enkgp\\Desktop\\werewolf_app\\src\\controllers\\userController\\controller.ts": {"path":"C:\\Users\\enkgp\\Desktop\\werewolf_app\\src\\controllers\\userController\\controller.ts","statementMap":{"0":{"start":{"line":2,"column":0},"end":{"line":2,"column":49}},"1":{"start":{"line":3,"column":0},"end":{"line":3,"column":54}},"2":{"start":{"line":4,"column":0},"end":{"line":4,"column":44}},"3":{"start":{"line":5,"column":0},"end":{"line":5,"column":47}},"4":{"start":{"line":6,"column":0},"end":{"line":6,"column":42}},"5":{"start":{"line":7,"column":0},"end":{"line":7,"column":57}},"6":{"start":{"line":8,"column":0},"end":{"line":8,"column":36}},"7":{"start":{"line":45,"column":13},"end":{"line":66,"column":2}},"8":{"start":{"line":46,"column":76},"end":{"line":65,"column":null}},"9":{"start":{"line":47,"column":42},"end":{"line":47,"column":50}},"10":{"start":{"line":49,"column":30},"end":{"line":49,"column":48}},"11":{"start":{"line":50,"column":4},"end":{"line":52,"column":5}},"12":{"start":{"line":51,"column":6},"end":{"line":51,"column":52}},"13":{"start":{"line":54,"column":24},"end":{"line":54,"column":52}},"14":{"start":{"line":55,"column":4},"end":{"line":55,"column":78}},"15":{"start":{"line":55,"column":21},"end":{"line":55,"column":78}},"16":{"start":{"line":57,"column":4},"end":{"line":62,"column":7}},"17":{"start":{"line":64,"column":4},"end":{"line":64,"column":27}},"18":{"start":{"line":68,"column":13},"end":{"line":88,"column":2}},"19":{"start":{"line":69,"column":69},"end":{"line":87,"column":null}},"20":{"start":{"line":70,"column":32},"end":{"line":70,"column":40}},"21":{"start":{"line":72,"column":19},"end":{"line":72,"column":48}},"22":{"start":{"line":73,"column":4},"end":{"line":73,"column":65}},"23":{"start":{"line":73,"column":17},"end":{"line":73,"column":65}},"24":{"start":{"line":75,"column":4},"end":{"line":77,"column":5}},"25":{"start":{"line":76,"column":6},"end":{"line":76,"column":53}},"26":{"start":{"line":79,"column":17},"end":{"line":84,"column":6}},"27":{"start":{"line":86,"column":4},"end":{"line":86,"column":31}},"28":{"start":{"line":91,"column":13},"end":{"line":105,"column":2}},"29":{"start":{"line":92,"column":77},"end":{"line":104,"column":null}},"30":{"start":{"line":93,"column":19},"end":{"line":93,"column":30}},"31":{"start":{"line":94,"column":30},"end":{"line":94,"column":38}},"32":{"start":{"line":96,"column":4},"end":{"line":96,"column":74}},"33":{"start":{"line":96,"column":27},"end":{"line":96,"column":74}},"34":{"start":{"line":100,"column":4},"end":{"line":100,"column":50}},"35":{"start":{"line":100,"column":13},"end":{"line":100,"column":50}},"36":{"start":{"line":101,"column":4},"end":{"line":101,"column":69}},"37":{"start":{"line":101,"column":18},"end":{"line":101,"column":69}},"38":{"start":{"line":103,"column":4},"end":{"line":103,"column":27}},"39":{"start":{"line":108,"column":13},"end":{"line":125,"column":2}},"40":{"start":{"line":109,"column":69},"end":{"line":124,"column":null}},"41":{"start":{"line":110,"column":22},"end":{"line":110,"column":32}},"42":{"start":{"line":112,"column":38},"end":{"line":112,"column":56}},"43":{"start":{"line":113,"column":4},"end":{"line":115,"column":5}},"44":{"start":{"line":114,"column":6},"end":{"line":114,"column":52}},"45":{"start":{"line":117,"column":24},"end":{"line":117,"column":52}},"46":{"start":{"line":118,"column":4},"end":{"line":118,"column":78}},"47":{"start":{"line":118,"column":21},"end":{"line":118,"column":78}},"48":{"start":{"line":120,"column":17},"end":{"line":120,"column":64}},"49":{"start":{"line":121,"column":4},"end":{"line":121,"column":62}},"50":{"start":{"line":121,"column":15},"end":{"line":121,"column":62}},"51":{"start":{"line":123,"column":4},"end":{"line":123,"column":27}},"52":{"start":{"line":127,"column":13},"end":{"line":144,"column":2}},"53":{"start":{"line":128,"column":78},"end":{"line":143,"column":null}},"54":{"start":{"line":129,"column":19},"end":{"line":129,"column":29}},"55":{"start":{"line":130,"column":45},"end":{"line":130,"column":53}},"56":{"start":{"line":132,"column":17},"end":{"line":132,"column":63}},"57":{"start":{"line":133,"column":4},"end":{"line":133,"column":62}},"58":{"start":{"line":133,"column":15},"end":{"line":133,"column":62}},"59":{"start":{"line":135,"column":4},"end":{"line":137,"column":5}},"60":{"start":{"line":136,"column":6},"end":{"line":136,"column":53}},"61":{"start":{"line":139,"column":4},"end":{"line":139,"column":32}},"62":{"start":{"line":140,"column":4},"end":{"line":140,"column":22}},"63":{"start":{"line":142,"column":4},"end":{"line":142,"column":27}},"64":{"start":{"line":146,"column":13},"end":{"line":163,"column":2}},"65":{"start":{"line":147,"column":77},"end":{"line":162,"column":null}},"66":{"start":{"line":148,"column":32},"end":{"line":148,"column":40}},"67":{"start":{"line":150,"column":30},"end":{"line":150,"column":48}},"68":{"start":{"line":151,"column":4},"end":{"line":153,"column":5}},"69":{"start":{"line":152,"column":6},"end":{"line":152,"column":52}},"70":{"start":{"line":155,"column":17},"end":{"line":155,"column":65}},"71":{"start":{"line":156,"column":4},"end":{"line":156,"column":62}},"72":{"start":{"line":156,"column":15},"end":{"line":156,"column":62}},"73":{"start":{"line":158,"column":4},"end":{"line":158,"column":29}},"74":{"start":{"line":159,"column":4},"end":{"line":159,"column":22}},"75":{"start":{"line":161,"column":4},"end":{"line":161,"column":27}}},"fnMap":{"0":{"name":"(anonymous_8)","decl":{"start":{"line":46,"column":2},"end":{"line":46,"column":9}},"loc":{"start":{"line":46,"column":76},"end":{"line":65,"column":null}}},"1":{"name":"(anonymous_9)","decl":{"start":{"line":46,"column":76},"end":{"line":46,"column":null}},"loc":{"start":{"line":46,"column":76},"end":{"line":65,"column":3}}},"2":{"name":"(anonymous_10)","decl":{"start":{"line":69,"column":2},"end":{"line":69,"column":9}},"loc":{"start":{"line":69,"column":69},"end
[...]
,"C:\\Users\\enkgp\\Desktop\\werewolf_app\\src\\middleware\\protect.ts": {"path":"C:\\Users\\enkgp\\Desktop\\werewolf_app\\src\\middleware\\protect.ts","statementMap":{"0":{"start":{"line":2,"column":0},"end":{"line":2,"column":49}},"1":{"start":{"line":4,"column":0},"end":{"line":4,"column":39}},"2":{"start":{"line":5,"column":0},"end":{"line":5,"column":41}},"3":{"start":{"line":6,"column":0},"end":{"line":6,"column":44}},"4":{"start":{"line":7,"column":0},"end":{"line":7,"column":51}},"5":{"start":{"line":13,"column":16},"end":{"line":30,"column":null}},"6":{"start":{"line":14,"column":66},"end":{"line":30,"column":null}},"7":{"start":{"line":15,"column":19},"end":{"line":15,"column":44}},"8":{"start":{"line":17,"column":4},"end":{"line":19,"column":5}},"9":{"start":{"line":18,"column":6},"end":{"line":18,"column":52}},"10":{"start":{"line":21,"column":18},"end":{"line":21,"column":38}},"11":{"start":{"line":22,"column":20},"end":{"line":22,"column":38}},"12":{"start":{"line":24,"column":17},"end":{"line":24,"column":73}},"13":{"start":{"line":25,"column":4},"end":{"line":25,"column":62}},"14":{"start":{"line":25,"column":15},"end":{"line":25,"column":62}},"15":{"start":{"line":27,"column":4},"end":{"line":27,"column":37}},"16":{"start":{"line":29,"column":4},"end":{"line":29,"column":11}},"17":{"start":{"line":33,"column":0},"end":{"line":33,"column":23}}},"fnMap":{"0":{"name":"(anonymous_8)","decl":{"start":{"line":14,"column":2},"end":{"line":14,"column":9}},"loc":{"start":{"line":14,"column":66},"end":{"line":30,"column":null}}},"1":{"name":"(anonymous_9)","decl":{"start":{"line":14,"column":66},"end":{"line":14,"column":null}},"loc":{"start":{"line":14,"column":66},"end":{"line":30,"column":3}}}},"branchMap":{"0":{"loc":{"start":{"line":17,"column":4},"end":{"line":19,"column":5}},"type":"if","locations":[{"start":{"line":17,"column":4},"end":{"line":19,"column":5}}]},"1":{"loc":{"start":{"line":17,"column":8},"end":{"line":17,"column":48}},"type":"binary-expr","locations":[{"start":{"line":17,"column":8},"end":{"line":17,"column":15}},{"start":{"line":17,"column":19},"end":{"line":17,"column":48}}]},"2":{"loc":{"start":{"line":25,"column":4},"end":{"line":25,"column":62}},"type":"if","locations":[{"start":{"line":25,"column":4},"end":{"line":25,"column":62}}]}},"s":{"0":3,"1":3,"2":3,"3":3,"4":3,"5":3,"6":5,"7":5,"8":5,"9":0,"10":5,"11":5,"12":5,"13":5,"14":1,"15":4,"16":4,"17":3},"f":{"0":5,"1":5},"b":{"0":[0],"1":[5,5],"2":[1]}}
,"C:\\Users\\enkgp\\Desktop\\werewolf_app\\src\\middleware\\validateRequest.ts": {"path":"C:\\Users\\enkgp\\Desktop\\werewolf_app\\src\\middleware\\validateRequest.ts","statementMap":{"0":{"start":{"line":2,"column":0},"end":{"line":2,"column":53}},"1":{"start":{"line":3,"column":0},"end":{"line":3,"column":41}},"2":{"start":{"line":5,"column":24},"end":{"line":16,"column":1}},"3":{"start":{"line":10,"column":17},"end":{"line":10,"column":38}},"4":{"start":{"line":11,"column":2},"end":{"line":14,"column":3}},"5":{"start":{"line":12,"column":23},"end":{"line":12,"column":44}},"6":{"start":{"line":13,"column":4},"end":{"line":13,"column":47}},"7":{"start":{"line":15,"column":2},"end":{"line":15,"column":9}},"8":{"start":{"line":18,"column":0},"end":{"line":18,"column":31}}},"fnMap":{"0":{"name":"(anonymous_1)","decl":{"start":{"line":5,"column":24},"end":{"line":5,"column":null}},"loc":{"start":{"line":9,"column":10},"end":{"line":16,"column":1}}}},"branchMap":{"0":{"loc":{"start":{"line":11,"column":2},"end":{"line":14,"column":3}},"type":"if","locations":[{"start":{"line":11,"column":2},"end":{"line":14,"column":3}}]}},"s":{"0":3,"1":3,"2":3,"3":23,"4":23,"5":7,"6":7,"7":16,"8":3},"f":{"0":23},"b":{"0":[7]}}
,"C:\\Users\\enkgp\\Desktop\\werewolf_app\\src\\models\\channelBlockUserModel.ts": {"path":"C:\\Users\\enkgp\\Desktop\\werewolf_app\\src\\models\\channelBlockUserModel.ts","statementMap":{"0":{"start":{"line":1,"column":0},"end":{"line":1,"column":61}},"1":{"start":{"line":11,"column":31},"end":{"line":25,"column":null}},"2":{"start":{"line":29,"column":0},"end":{"line":29,"column":76}},"3":{"start":{"line":31,"column":25},"end":{"line":33,"column":null}},"4":{"start":{"line":36,"column":0},"end":{"line":36,"column":32}}},"fnMap":{},"branchMap":{},"s":{"0":1,"1":1,"2":1,"3":1,"4":1},"f":{},"b":{}}
,"C:\\Users\\enkgp\\Desktop\\werewolf_app\\src\\models\\channelModel.ts": {"path":"C:\\Users\\enkgp\\Desktop\\werewolf_app\\src\\models\\channelModel.ts","statementMap":{"0":{"start":{"line":1,"column":0},"end":{"line":1,"column":61}},"1":{"start":{"line":2,"column":0},"end":{"line":2,"column":30}},"2":{"start":{"line":17,"column":22},"end":{"line":45,"column":null}},"3":{"start":{"line":33,"column":8},"end":{"line":33,"column":37}},"4":{"start":{"line":48,"column":0},"end":{"line":52,"column":2}},"5":{"start":{"line":51,"column":2},"end":{"line":51,"column":62}},"6":{"start":{"line":54,"column":0},"end":{"line":69,"column":3}},"7":{"start":{"line":56,"column":2},"end":{"line":59,"column":3}},"8":{"start":{"line":57,"column":4},"end":{"line":57,"column":30}},"9":{"start":{"line":58,"column":4},"end":{"line":58,"column":18}},"10":{"start":{"line":61,"column":2},"end":{"line":61,"column":48}},"11":{"start":{"line":61,"column":36},"end":{"line":61,"column":48}},"12":{"start":{"line":63,"column":2},"end":{"line":66,"column":3}},"13":{"start":{"line":64,"column":17},"end":{"line":64,"column":41}},"14":{"start":{"line":65,"column":4},"end":{"line":65,"column":59}},"15":{"start":{"line":68,"column":2},"end":{"line":68,"column":9}},"16":{"start":{"line":71,"column":16},"end":{"line":71,"column":56}},"17":{"start":{"line":73,"column":0},"end":{"line":73,"column":23}}},"fnMap":{"0":{"name":"(anonymous_17)","decl":{"start":{"line":32,"column":6},"end":{"line":32,"column":14}},"loc":{"start":{"line":32,"column":14},"end":{"line":34,"column":7}}},"1":{"name":"(anonymous_18)","decl":{"start":{"line":48,"column":38},"end":{"line":48,"column":null}},"loc":{"start":{"line":49,"column":25},"end":{"line":52,"column":2}}},"2":{"name":"(anonymous_20)","decl":{"start":{"line":54,"column":36},"end":{"line":54,"column":52}},"loc":{"start":{"line":54,"column":56},"end":{"line":69,"column":2}}}},"branchMap":{"0":{"loc":{"start":{"line":56,"column":2},"end":{"line":59,"column":3}},"type":"if","locations":[{"start":{"line":56,"column":2},"end":{"line":59,"column":3}}]},"1":{"loc":{"start":{"line":61,"column":2},"end":{"line":61,"column":48}},"type":"if","locations":[{"start":{"line":61,"column":2},"end":{"line":61,"column":48}}]},"2":{"loc":{"start":{"line":63,"column":2},"end":{"line":66,"column":3}},"type":"if","locations":[{"start":{"line":63,"column":2},"end":{"line":66,"column":3}}]}},"s":{"0":6,"1":6,"2":6,"3":20,"4":6,"5":0,"6":6,"7":17,"8":4,"9":4,"10":13,"11":0,"12":13,"13":13,"14":13,"15":13,"16":6,"17":6},"f":{"0":20,"1":0,"2":17},"b":{"0":[4],"1":[0],"2":[13]}}
,"C:\\Users\\enkgp\\Desktop\\werewolf_app\\src\\models\\channelUserModel.ts": {"path":"C:\\Users\\enkgp\\Desktop\\werewolf_app\\src\\models\\channelUserModel.ts","statementMap":{"0":{"start":{"line":1,"column":0},"end":{"line":1,"column":61}},"1":{"start":{"line":11,"column":26},"end":{"line":25,"column":null}},"2":{"start":{"line":29,"column":0},"end":{"line":29,"column":71}},"3":{"start":{"line":31,"column":20},"end":{"line":31,"column":68}},"4":{"start":{"line":33,"column":0},"end":{"line":33,"column":27}}},"fnMap":{},"branchMap":{},"s":{"0":1,"1":1,"2":1,"3":1,"4":1},"f":{},"b":{}}
,"C:\\Users\\enkgp\\Desktop\\werewolf_app\\src\\models\\gameModel.ts": {"path":"C:\\Users\\enkgp\\Desktop\\werewolf_app\\src\\models\\gameModel.ts","statementMap":{"0":{"start":{"line":1,"column":0},"end":{"line":1,"column":61}},"1":{"start":{"line":17,"column":19},"end":{"line":47,"column":null}},"2":{"start":{"line":50,"column":13},"end":{"line":50,"column":47}},"3":{"start":{"line":52,"column":0},"end":{"line":52,"column":20}}},"fnMap":{},"branchMap":{},"s":{"0":10,"1":10,"2":10,"3":10},"f":{},"b":{}}
,"C:\\Users\\enkgp\\Desktop\\werewolf_app\\src\\models\\gameUserModel.ts": {"path":"C:\\Users\\enkgp\\Desktop\\werewolf_app\\src\\models\\gameUserModel.ts","statementMap":{"0":{"start":{"line":1,"column":0},"end":{"line":1,"column":61}},"1":{"start":{"line":22,"column":23},"end":{"line":54,"column":null}},"2":{"start":{"line":58,"column":0},"end":{"line":58,"column":65}},"3":{"start":{"line":60,"column":17},"end":{"line":60,"column":59}},"4":{"start":{"line":62,"column":0},"end":{"line":62,"column":24}}},"fnMap":{},"branchMap":{},"s":{"0":9,"1":9,"2":9,"3":9,"4":9},"f":{},"b":{}}
,"C:\\Users\\enkgp\\Desktop\\werewolf_app\\src\\models\\messageModel.ts": {"path":"C:\\Users\\enkgp\\Desktop\\werewolf_app\\src\\models\\messageModel.ts","statementMap":{"0":{"start":{"line":1,"column":0},"end":{"line":1,"column":61}},"1":{"start":{"line":15,"column":22},"end":{"line":41,"column":null}},"2":{"start":{"line":44,"column":16},"end":{"line":44,"column":56}},"3":{"start":{"line":46,"column":0},"end":{"line":46,"column":23}}},"fnMap":{},"branchMap":{},"s":{"0":9,"1":9,"2":9,"3":9},"f":{},"b":{}}
,"C:\\Users\\enkgp\\Desktop\\werewolf_app\\src\\models\\userModel.ts": {"path":"C:\\Users\\enkgp\\Desktop\\werewolf_app\\src\\models\\userModel.ts","statementMap":{"0":{"start":{"line":1,"column":0},"end":{"line":1,"column":61}},"1":{"start":{"line":2,"column":0},"end":{"line":2,"column":30}},"2":{"start":{"line":16,"column":19},"end":{"line":40,"column":null}},"3":{"start":{"line":43,"column":0},"end":{"line":47,"column":2}},"4":{"start":{"line":46,"column":2},"end":{"line":46,"column":62}},"5":{"start":{"line":49,"column":0},"end":{"line":56,"column":3}},"6":{"start":{"line":50,"column":2},"end":{"line":50,"column":48}},"7":{"start":{"line":50,"column":36},"end":{"line":50,"column":48}},"8":{"start":{"line":52,"column":15},"end":{"line":52,"column":39}},"9":{"start":{"line":53,"column":2},"end":{"line":53,"column":57}},"10":{"start":{"line":55,"column":2},"end":{"line":55,"column":9}},"11":{"start":{"line":58,"column":13},"end":{"line":58,"column":47}},"12":{"start":{"line":60,"column":0},"end":{"line":60,"column":20}}},"fnMap":{"0":{"name":"(anonymous_17)","decl":{"start":{"line":43,"column":35},"end":{"line":43,"column":null}},"loc":{"start":{"line":44,"column":25},"end":{"line":47,"column":2}}},"1":{"name":"(anonymous_19)","decl":{"start":{"line":49,"column":30},"end":{"line":49,"column":46}},"loc":{"start":{"line":49,"column":50},"end":{"line":56,"column":2}}}},"branchMap":{"0":{"loc":{"start":{"line":50,"column":2},"end":{"line":50,"column":48}},"type":"if","locations":[{"start":{"line":50,"column":2},"end":{"line":50,"column":48}}]}},"s":{"0":10,"1":10,"2":10,"3":10,"4":4,"5":10,"6":31,"7":0,"8":31,"9":31,"10":31,"11":10,"12":10},"f":{"0":4,"1":31},"b":{"0":[0]}}
,"C:\\Users\\enkgp\\Desktop\\werewolf_app\\src\\routes\\userRoutes.ts": {"path":"C:\\Users\\enkgp\\Desktop\\werewolf_app\\src\\routes\\userRoutes.ts","statementMap":{"0":{"start":{"line":1,"column":0},"end":{"line":1,"column":30}},"1":{"start":{"line":2,"column":0},"end":{"line":2,"column":41}},"2":{"start":{"line":4,"column":0},"end":{"line":4,"column":48}},"3":{"start":{"line":5,"column":0},"end":{"line":5,"column":60}},"4":{"start":{"line":6,"column":0},"end":{"line":6,"column":null}},"5":{"start":{"line":14,"column":0},"end":{"line":14,"column":44}},"6":{"start":{"line":16,"column":15},"end":{"line":16,"column":31}},"7":{"start":{"line":18,"column":33},"end":{"line":23,"column":11}},"8":{"start":{"line":25,"column":33},"end":{"line":30,"column":11}},"9":{"start":{"line":32,"column":22},"end":{"line":37,"column":19}},"10":{"start":{"line":39,"column":20},"end":{"line":42,"column":38}},"11":{"start":{"line":44,"column":25},"end":{"line":49,"column":44}},"12":{"start":{"line":45,"column":2},"end":{"line":49,"column":44}},"13":{"start":{"line":51,"column":0},"end":{"line":56,"column":2}},"14":{"start":{"line":58,"column":0},"end":{"line":63,"column":2}},"15":{"start":{"line":65,"column":0},"end":{"line":71,"column":2}},"16":{"start":{"line":73,"column":0},"end":{"line":73,"column":41}},"17":{"start":{"line":75,"column":0},"end":{"line":81,"column":2}},"18":{"start":{"line":83,"column":0},"end":{"line":88,"column":2}},"19":{"start":{"line":90,"column":0},"end":{"line":90,"column":22}}},"fnMap":{"0":{"name":"(anonymous_1)","decl":{"start":{"line":44,"column":25},"end":{"line":44,"column":26}},"loc":{"start":{"line":45,"column":2},"end":{"line":49,"column":44}}}},"branchMap":{},"s":{"0":2,"1":2,"2":2,"3":2,"4":2,"5":2,"6":2,"7":2,"8":2,"9":2,"10":2,"11":2,"12":10,"13":2,"14":2,"15":2,"16":2,"17":2,"18":2,"19":2},"f":{"0":10},"b":{}}
,"C:\\Users\\enkgp\\Desktop\\werewolf_app\\src\\routes\\verifyEmailRoutes.ts": {"path":"C:\\Users\\enkgp\\Desktop\\werewolf_app\\src\\routes\\verifyEmailRoutes.ts","statementMap":{"0":{"start":{"line":1,"column":0},"end":{"line":1,"column":30}},"1":{"start":{"line":2,"column":0},"end":{"line":2,"column":41}},"2":{"start":{"line":3,"column":0},"end":{"line":3,"column":48}},"3":{"start":{"line":5,"column":0},"end":{"line":5,"column":60}},"4":{"start":{"line":6,"column":0},"end":{"line":6,"column":88}},"5":{"start":{"line":7,"column":0},"end":{"line":7,"column":44}},"6":{"start":{"line":9,"column":15},"end":{"line":9,"column":31}},"7":{"start":{"line":11,"column":22},"end":{"line":16,"column":19}},"8":{"start":{"line":18,"column":0},"end":{"line":23,"column":2}},"9":{"start":{"line":25,"column":0},"end":{"line":31,"column":2}},"10":{"start":{"line":33,"column":0},"end":{"line":38,"column":2}},"11":{"start":{"line":40,"column":0},"end":{"line":40,"column":22}}},"fnMap":{},"branchMap":{},"s":{"0":2,"1":2,"2":2,"3":2,"4":2,"5":2,"6":2,"7":2,"8":2,"9":2,"10":2,"11":2},"f":{},"b":{}}
,"C:\\Users\\enkgp\\Desktop\\werewolf_app\\src\\utils\\AppError.ts": {"path":"C:\\Users\\enkgp\\Desktop\\werewolf_app\\src\\utils\\AppError.ts","statementMap":{"0":{"start":{"line":5,"column":4},"end":{"line":5,"column":19}},"1":{"start":{"line":6,"column":4},"end":{"line":6,"column":33}},"2":{"start":{"line":7,"column":4},"end":{"line":7,"column":38}},"3":{"start":{"line":8,"column":4},"end":{"line":8,"column":52}},"4":{"start":{"line":12,"column":0},"end":{"line":12,"column":24}}},"fnMap":{"0":{"name":"(anonymous_0)","decl":{"start":{"line":4,"column":2},"end":{"line":4,"column":14}},"loc":{"start":{"line":4,"column":49},"end":{"line":9,"column":3}}}},"branchMap":{},"s":{"0":84,"1":84,"2":84,"3":84,"4":13},"f":{"0":84},"b":{}}
,"C:\\Users\\enkgp\\Desktop\\werewolf_app\\src\\utils\\connectDB.ts": {"path":"C:\\Users\\enkgp\\Desktop\\werewolf_app\\src\\utils\\connectDB.ts","statementMap":{"0":{"start":{"line":1,"column":0},"end":{"line":1,"column":32}},"1":{"start":{"line":2,"column":0},"end":{"line":2,"column":46}},"2":{"start":{"line":4,"column":18},"end":{"line":20,"column":2}},"3":{"start":{"line":4,"column":44},"end":{"line":20,"column":2}},"4":{"start":{"line":5,"column":2},"end":{"line":19,"column":3}},"5":{"start":{"line":6,"column":4},"end":{"line":15,"column":5}},"6":{"start":{"line":7,"column":23},"end":{"line":7,"column":44}},"7":{"start":{"line":8,"column":6},"end":{"line":10,"column":7}},"8":{"start":{"line":9,"column":8},"end":{"line":9,"column":50}},"9":{"start":{"line":11,"column":6},"end":{"line":11,"column":39}},"10":{"start":{"line":12,"column":6},"end":{"line":12,"column":44}},"11":{"start":{"line":14,"column":6},"end":{"line":14,"column":44}},"12":{"start":{"line":17,"column":4},"end":{"line":17,"column":72}},"13":{"start":{"line":18,"column":4},"end":{"line":18,"column":20}},"14":{"start":{"line":22,"column":0},"end":{"line":22,"column":25}}},"fnMap":{"0":{"name":"(anonymous_8)","decl":{"start":{"line":4,"column":18},"end":{"line":4,"column":42}},"loc":{"start":{"line":4,"column":44},"end":{"line":20,"column":2}}},"1":{"name":"(anonymous_9)","decl":{"start":{"line":4,"column":44},"end":{"line":4,"column":null}},"loc":{"start":{"line":4,"column":44},"end":{"line":20,"column":1}}}},"branchMap":{"0":{"loc":{"start":{"line":6,"column":4},"end":{"line":15,"column":5}},"type":"if","locations":[{"start":{"line":6,"column":4},"end":{"line":15,"column":5}},{"start":{"line":13,"column":11},"end":{"line":15,"column":5}}]},"1":{"loc":{"start":{"line":8,"column":6},"end":{"line":10,"column":7}},"type":"if","locations":[{"start":{"line":8,"column":6},"end":{"line":10,"column":7}}]},"2":{"loc":{"start":{"line":17,"column":28},"end":{"line":17,"column":68}},"type":"cond-expr","locations":[{"start":{"line":17,"column":51},"end":{"line":17,"column":62}},{"start":{"line":17,"column":65},"end":{"line":17,"column":68}}]}},"s":{"0":1,"1":1,"2":1,"3":1,"4":1,"5":1,"6":0,"7":0,"8":0,"9":0,"10":0,"11":1,"12":0,"13":0,"14":1},"f":{"0":1,"1":1},"b":{"0":[0,1],"1":[0],"2":[0,0]}}
,"C:\\Users\\enkgp\\Desktop\\werewolf_app\\src\\utils\\decodeToken.ts": {"path":"C:\\Users\\enkgp\\Desktop\\werewolf_app\\src\\utils\\decodeToken.ts","statementMap":{"0":{"start":{"line":1,"column":0},"end":{"line":1,"column":47}},"1":{"start":{"line":2,"column":0},"end":{"line":2,"column":34}},"2":{"start":{"line":3,"column":0},"end":{"line":3,"column":44}},"3":{"start":{"line":5,"column":27},"end":{"line":12,"column":1}},"4":{"start":{"line":6,"column":2},"end":{"line":11,"column":3}},"5":{"start":{"line":7,"column":20},"end":{"line":7,"column":62}},"6":{"start":{"line":8,"column":4},"end":{"line":8,"column":33}},"7":{"start":{"line":10,"column":4},"end":{"line":10,"column":50}},"8":{"start":{"line":5,"column":13},"end":{"line":5,"column":27}}},"fnMap":{"0":{"name":"(anonymous_1)","decl":{"start":{"line":5,"column":27},"end":{"line":5,"column":28}},"loc":{"start":{"line":5,"column":57},"end":{"line":12,"column":1}}}},"branchMap":{},"s":{"0":2,"1":2,"2":2,"3":2,"4":0,"5":0,"6":0,"7":0,"8":2},"f":{"0":0},"b":{}}
,"C:\\Users\\enkgp\\Desktop\\werewolf_app\\src\\utils\\generateToken.ts": {"path":"C:\\Users\\enkgp\\Desktop\\werewolf_app\\src\\utils\\generateToken.ts","statementMap":{"0":{"start":{"line":1,"column":0},"end":{"line":1,"column":31}},"1":{"start":{"line":2,"column":0},"end":{"line":2,"column":44}},"2":{"start":{"line":10,"column":18},"end":{"line":10,"column":40}},"3":{"start":{"line":11,"column":0},"end":{"line":11,"column":63}},"4":{"start":{"line":11,"column":16},"end":{"line":11,"column":63}},"5":{"start":{"line":13,"column":28},"end":{"line":15,"column":1}},"6":{"start":{"line":14,"column":2},"end":{"line":14,"column":63}},"7":{"start":{"line":13,"column":13},"end":{"line":13,"column":28}},"8":{"start":{"line":17,"column":36},"end":{"line":24,"column":1}},"9":{"start":{"line":22,"column":18},"end":{"line":22,"column":43}},"10":{"start":{"line":23,"column":2},"end":{"line":23,"column":59}},"11":{"start":{"line":17,"column":13},"end":{"line":17,"column":36}}},"fnMap":{"0":{"name":"(anonymous_1)","decl":{"start":{"line":13,"column":28},"end":{"line":13,"column":29}},"loc":{"start":{"line":13,"column":55},"end":{"line":15,"column":1}}},"1":{"name":"(anonymous_2)","decl":{"start":{"line":17,"column":36},"end":{"line":17,"column":37}},"loc":{"start":{"line":21,"column":40},"end":{"line":24,"column":1}}}},"branchMap":{"0":{"loc":{"start":{"line":11,"column":0},"end":{"line":11,"column":63}},"type":"if","locations":[{"start":{"line":11,"column":0},"end":{"line":11,"column":63}}]}},"s":{"0":4,"1":4,"2":4,"3":4,"4":0,"5":4,"6":2,"7":4,"8":4,"9":3,"10":3,"11":4},"f":{"0":2,"1":3},"b":{"0":[0]}}
}
