{"C:\\Users\\enkgp\\Desktop\\werewolf_app\\src\\app.ts": {"path":"C:\\Users\\enkgp\\Desktop\\werewolf_app\\src\\app.ts","statementMap":{"0":{"start":{"line":1,"column":0},"end":{"line":1,"column":28}},"1":{"start":{"line":2,"column":0},"end":{"line":4,"column":3}},"2":{"start":{"line":6,"column":0},"end":{"line":6,"column":67}},"3":{"start":{"line":7,"column":0},"end":{"line":7,"column":24}},"4":{"start":{"line":8,"column":0},"end":{"line":8,"column":24}},"5":{"start":{"line":9,"column":0},"end":{"line":9,"column":38}},"6":{"start":{"line":12,"column":0},"end":{"line":12,"column":42}},"7":{"start":{"line":13,"column":0},"end":{"line":13,"column":59}},"8":{"start":{"line":14,"column":0},"end":{"line":14,"column":45}},"9":{"start":{"line":15,"column":0},"end":{"line":15,"column":47}},"10":{"start":{"line":16,"column":0},"end":{"line":16,"column":51}},"11":{"start":{"line":17,"column":0},"end":{"line":17,"column":45}},"12":{"start":{"line":18,"column":0},"end":{"line":18,"column":51}},"13":{"start":{"line":19,"column":0},"end":{"line":19,"column":53}},"14":{"start":{"line":22,"column":12},"end":{"line":22,"column":21}},"15":{"start":{"line":23,"column":0},"end":{"line":23,"column":12}},"16":{"start":{"line":26,"column":0},"end":{"line":26,"column":24}},"17":{"start":{"line":27,"column":0},"end":{"line":27,"column":48}},"18":{"start":{"line":36,"column":38},"end":{"line":40,"column":2}},"19":{"start":{"line":42,"column":0},"end":{"line":42,"column":27}},"20":{"start":{"line":45,"column":0},"end":{"line":45,"column":48}},"21":{"start":{"line":46,"column":0},"end":{"line":46,"column":33}},"22":{"start":{"line":47,"column":0},"end":{"line":47,"column":35}},"23":{"start":{"line":48,"column":0},"end":{"line":48,"column":39}},"24":{"start":{"line":49,"column":0},"end":{"line":49,"column":33}},"25":{"start":{"line":50,"column":0},"end":{"line":50,"column":39}},"26":{"start":{"line":51,"column":0},"end":{"line":51,"column":41}},"27":{"start":{"line":53,"column":0},"end":{"line":55,"column":3}},"28":{"start":{"line":54,"column":2},"end":{"line":54,"column":25}},"29":{"start":{"line":58,"column":15},"end":{"line":58,"column":37}},"30":{"start":{"line":61,"column":0},"end":{"line":63,"column":3}},"31":{"start":{"line":62,"column":2},"end":{"line":62,"column":25}},"32":{"start":{"line":66,"column":0},"end":{"line":72,"column":3}},"33":{"start":{"line":67,"column":21},"end":{"line":67,"column":42}},"34":{"start":{"line":68,"column":2},"end":{"line":71,"column":5}},"35":{"start":{"line":75,"column":21},"end":{"line":75,"column":61}},"36":{"start":{"line":76,"column":0},"end":{"line":78,"column":3}},"37":{"start":{"line":77,"column":2},"end":{"line":77,"column":63}},"38":{"start":{"line":80,"column":0},"end":{"line":80,"column":22}}},"fnMap":{"0":{"name":"(anonymous_1)","decl":{"start":{"line":53,"column":13},"end":{"line":53,"column":14}},"loc":{"start":{"line":53,"column":45},"end":{"line":55,"column":1}}},"1":{"name":"(anonymous_2)","decl":{"start":{"line":61,"column":8},"end":{"line":61,"column":9}},"loc":{"start":{"line":61,"column":60},"end":{"line":63,"column":1}}},"2":{"name":"(anonymous_3)","decl":{"start":{"line":66,"column":8},"end":{"line":66,"column":9}},"loc":{"start":{"line":66,"column":70},"end":{"line":72,"column":1}}},"3":{"name":"(anonymous_4)","decl":{"start":{"line":76,"column":20},"end":{"line":76,"column":23}},"loc":{"start":{"line":76,"column":25},"end":{"line":78,"column":1}}}},"branchMap":{"0":{"loc":{"start":{"line":3,"column":16},"end":{"line":3,"column":45}},"type":"binary-expr","locations":[{"start":{"line":3,"column":16},"end":{"line":3,"column":36}},{"start":{"line":3,"column":40},"end":{"line":3,"column":45}}]},"1":{"loc":{"start":{"line":37,"column":10},"end":{"line":37,"column":60}},"type":"binary-expr","locations":[{"start":{"line":37,"column":10},"end":{"line":37,"column":33}},{"start":{"line":37,"column":37},"end":{"line":37,"column":60}}]},"2":{"loc":{"start":{"line":67,"column":21},"end":{"line":67,"column":42}},"type":"binary-expr","locations":[{"start":{"line":67,"column":21},"end":{"line":67,"column":35}},{"start":{"line":67,"column":39},"end":{"line":67,"column":42}}]},"3":{"loc":{"start":{"line":69,"column":13},"end":{"line":69,"column":51}},"type":"binary-expr","locations":[{"start":{"line":69,"column":13},"end":{"line":69,"column":24}},{"start":{"line":69,"column":28},"end":{"line":69,"column":51}}]},"4":{"loc":{"start":{"line":70,"column":11},"end":{"line":70,"column":67}},"type":"cond-expr","locations":[{"start":{"line":70,"column":51},"end":{"line":70,"column":55}},{"start":{"line":70,"column":58},"end":{"line":70,"column":67}}]},"5":{"loc":{"start":{"line":75,"column":30},"end":{"line":75,"column":56}},"type":"binary-expr","locations":[{"start":{"line":75,"column":30},"end":{"line":75,"column":46}},{"start":{"line":75,"column":50},"end":{"line":75,"column":56}}]}},"s":{"0":8,"1":8,"2":8,"3":8,"4":8,"5":8,"6":8,"7":8,"8":8,"9":8,"10":8,"11":8,"12":8,"13":8,"14":8,"15":8,"16":8,"17":8,"18":8,"19":8,"20":8,"21":8,"22":8,"23":8,"24":8,"25":8,"26":8,"27":8,"28":1,"29":8,"30":8,"31":0,"32":8,"33":124,"34":124,"35":8,"36":8,"37":8,"38":8},"f":{"0":1,"1":0,"2":124,"3":8},"b":{"0":[8,0],"1":[8,0],"2":[124,1],"3":[124,0],"4":[0,124],"5":[8,8]}}
,"C:\\Users\\enkgp\\Desktop\\werewolf_app\\src\\classes\\AttackManager.ts": {"path":"C:\\Users\\enkgp\\Desktop\\werewolf_app\\src\\classes\\AttackManager.ts","statementMap":{"0":{"start":{"line":1,"column":0},"end":{"line":1,"column":32}},"1":{"start":{"line":5,"column":0},"end":{"line":5,"column":41}},"2":{"start":{"line":6,"column":0},"end":{"line":6,"column":47}},"3":{"start":{"line":14,"column":9},"end":{"line":14,"column":45}},"4":{"start":{"line":18,"column":9},"end":{"line":18,"column":44}},"5":{"start":{"line":25,"column":4},"end":{"line":25,"column":37}},"6":{"start":{"line":26,"column":4},"end":{"line":26,"column":39}},"7":{"start":{"line":27,"column":4},"end":{"line":27,"column":37}},"8":{"start":{"line":31,"column":29},"end":{"line":31,"column":46}},"9":{"start":{"line":32,"column":19},"end":{"line":32,"column":55}},"10":{"start":{"line":33,"column":19},"end":{"line":33,"column":55}},"11":{"start":{"line":35,"column":4},"end":{"line":42,"column":56}},"12":{"start":{"line":42,"column":6},"end":{"line":42,"column":56}},"13":{"start":{"line":44,"column":4},"end":{"line":44,"column":34}},"14":{"start":{"line":48,"column":27},"end":{"line":48,"column":44}},"15":{"start":{"line":49,"column":27},"end":{"line":49,"column":77}},"16":{"start":{"line":51,"column":4},"end":{"line":51,"column":52}},"17":{"start":{"line":52,"column":4},"end":{"line":52,"column":30}},"18":{"start":{"line":54,"column":25},"end":{"line":54,"column":67}},"19":{"start":{"line":55,"column":4},"end":{"line":55,"column":49}},"20":{"start":{"line":55,"column":37},"end":{"line":55,"column":49}},"21":{"start":{"line":57,"column":19},"end":{"line":57,"column":64}},"22":{"start":{"line":58,"column":4},"end":{"line":61,"column":5}},"23":{"start":{"line":59,"column":26},"end":{"line":59,"column":65}},"24":{"start":{"line":60,"column":6},"end":{"line":60,"column":35}},"25":{"start":{"line":60,"column":23},"end":{"line":60,"column":35}},"26":{"start":{"line":63,"column":4},"end":{"line":63,"column":44}},"27":{"start":{"line":65,"column":4},"end":{"line":65,"column":26}},"28":{"start":{"line":69,"column":20},"end":{"line":69,"column":46}},"29":{"start":{"line":70,"column":26},"end":{"line":72,"column":33}},"30":{"start":{"line":71,"column":24},"end":{"line":71,"column":75}},"31":{"start":{"line":72,"column":21},"end":{"line":72,"column":32}},"32":{"start":{"line":74,"column":4},"end":{"line":74,"column":34}},"33":{"start":{"line":78,"column":29},"end":{"line":78,"column":46}},"34":{"start":{"line":79,"column":19},"end":{"line":79,"column":53}},"35":{"start":{"line":81,"column":4},"end":{"line":83,"column":5}},"36":{"start":{"line":82,"column":6},"end":{"line":82,"column":66}},"37":{"start":{"line":85,"column":4},"end":{"line":85,"column":30}},"38":{"start":{"line":13,"column":0},"end":{"line":13,"column":21}}},"fnMap":{"0":{"name":"(anonymous_1)","decl":{"start":{"line":20,"column":2},"end":{"line":20,"column":null}},"loc":{"start":{"line":23,"column":30},"end":{"line":28,"column":3}}},"1":{"name":"(anonymous_2)","decl":{"start":{"line":30,"column":2},"end":{"line":30,"column":22}},"loc":{"start":{"line":30,"column":57},"end":{"line":45,"column":3}}},"2":{"name":"(anonymous_3)","decl":{"start":{"line":47,"column":2},"end":{"line":47,"column":8}},"loc":{"start":{"line":47,"column":8},"end":{"line":66,"column":3}}},"3":{"name":"(anonymous_4)","decl":{"start":{"line":68,"column":2},"end":{"line":68,"column":23}},"loc":{"start":{"line":68,"column":23},"end":{"line":75,"column":3}}},"4":{"name":"(anonymous_5)","decl":{"start":{"line":71,"column":14},"end":{"line":71,"column":15}},"loc":{"start":{"line":71,"column":24},"end":{"line":71,"column":75}}},"5":{"name":"(anonymous_6)","decl":{"start":{"line":72,"column":11},"end":{"line":72,"column":12}},"loc":{"start":{"line":72,"column":21},"end":{"line":72,"column":32}}},"6":{"name":"(anonymous_7)","decl":{"start":{"line":77,"column":2},"end":{"line":77,"column":18}},"loc":{"start":{"line":77,"column":33},"end":{"line":86,"column":3}}}},"branchMap":{"0":{"loc":{"start":{"line":35,"column":4},"end":{"line":42,"column":56}},"type":"if","locations":[{"start":{"line":35,"column":4},"end":{"line":42,"column":56}}]},"1":{"loc":{"start":{"line":36,"column":6},"end":{"line":40,"column":32}},"type":"binary-expr","locations":[{"start":{"line":36,"column":6},"end":{"line":36,"column":30}},{"start":{"line":37,"column":6},"end":{"line":37,"column":32}},{"start":{"line":38,"column":6},"end":{"line":38,"column":32}},{"start":{"line":39,"column":6},"end":{"line":39,"column":32}},{"start":{"line":40,"column":6},"end":{"line":40,"column":32}}]},"2":{"loc":{"start":{"line":37,"column":6},"end":{"line":37,"column":20}},"type":"cond-expr","locations":[{"start":{"line":37,"column":12},"end":{"line":37,"column":14}},{"start":{"line":37,"column":6},"end":{"line":37,"column":20}}]},"3":{"loc":{"start":{"line":37,"column":6},"end":{"line":37,"column":14}},"type":"binary-expr","locations":[{"start":{"line":37,"column":6},"end":{"line":37,"column":14}},{"start":{"line":37,"column":6},"end":{"line":37,"column":14}}]},"4":{"loc":{"start":{"line":39,"column":6},"end":{"line":39,"column":20}},"type":"cond-expr","locations":[{"start":{"line":39,"column":12},"end":{"line":39,"column":14}},{"start":{"line":39,"column":6},"end":{"line":39,"column":20}}]},"5":{"loc":{"start":{"line":39,"column":6},"end":{"line":39,"column":14}},"type":"binary-expr","locations":[{"start":{"line":39,"column":6},"end":{"line":39,"column":14}},{"start":{"line":39,"column":6},"end":{"line":39,"column":14}}]},"6":{"loc":{"start":{"line":49,"column":27},"end":{"line":49,"column":77}},"type":"binary-expr","locations":[{"start":{"line":49,"column":27},"end":{"line":49,"column":45}},{"start":{"line":49,"column":49},"end":{"line":49,"column":77}}]},"7":{"loc":{"start":{"line":55,"column":4},"end":{"line":55,"column":49}},"type":"if","locations":[{"start":{"line":55,"column":4},"end":{"line":55,"column":49}}]},"8":{"loc":{"start":{"line":58,"column":4},"end":{"line":61,"column":5}},"type":"if","locations":[{"start":{"line":58,"column":4},"end":{"line":61,"column":5}}]},"9":{"loc":{"start":{"line":58,"column":8},"end":{"line":58,"column":22}},"type":"cond-expr","locations":[{"start":{"line":58,"column":14},"end":{"line":58,"column":16}},{"start":{"line":58,"column":8},"end":{"line":58,"column":22}}]},"10":{"loc":{"start":{"line":58,"column":8},"end":{"line":58,"column":16}},"type":"binary-expr","locations":[{"start":{"line":58,"column":8},"end":{"line":58,"column":16}},{"start":{"line":58,"column":8},"end":{"line":58,"column":16}}]},"11":{"loc":{"start":{"line":60,"column":6},"end":{"line":60,"column":35}},"type":"if","locations":[{"start":{"line":60,"column":6},"end":{"line":60,"column":35}}]},"12":{"loc":{"start":{"line":71,"column":24},"end":{"line":71,"column":75}},"type":"binary-expr","locations":[{"start":{"line":71,"column":24},"end":{"line":71,"column":47}},{"start":{"line":71,"column":51},"end":{"line":71,"column":75}}]},"13":{"loc":{"start":{"line":81,"column":4},"end":{"line":83,"column":5}},"type":"if","locations":[{"start":{"line":81,"column":4},"end":{"line":83,"column":5}}]},"14":{"loc":{"start":{"line":81,"column":8},"end":{"line":81,"column":61}},"type":"binary-expr","locations":[{"start":{"line":81,"column":8},"end":{"line":81,"column":35}},{"start":{"line":81,"column":39},"end":{"line":81,"column":61}}]},"15":{"loc":{"start":{"line":81,"column":8},"end":{"line":81,"column":20}},"type":"cond-expr","locations":[{"start":{"line":81,"column":14},"end":{"line":81,"column":16}},{"start":{"line":81,"column":8},"end":{"line":81,"column":20}}]},"16":{"loc":{"start":{"line":81,"column":8},"end":{"line":81,"column":16}},"type":"binary-expr","locations":[{"start":{"line":81,"column":8},"end":{"line":81,"column":16}},{"start":{"line":81,"column":8},"end":{"line":81,"column":16}}]}},"s":{"0":15,"1":15,"2":15,"3":147,"4":147,"5":147,"6":147,"7":147,"8":9,"9":9,"10":9,"11":9,"12":7,"13":2,"14":4,"15":4,"16":4,"17":4,"18":4,"19":4,"20":1,"21":3,"22":3,"23":2,"24":2,"25":1,"26":2,"27":2,"28":1000,"29":1000,"30":4000,"31":2000,"32":1000,"33":5,"34":5,"35":5,"36":3,"37":2,"38":15},"f":{"0":147,"1":9,"2":4,"3":1000,"4":4000,"5":2000,"6":5},"b":{"0":[7],"1":[9,8,6,5,3],"2":[1,7],"3":[8,8],"4":[1,4],"5":[5,5],"6":[4,0],"7":[1],"8":[2],"9":[0,3],"10":[3,3],"11":[1],"12":[4000,3000],"13":[3],"14":[5,3],"15":[1,4],"16":[5,5]}}
,"C:\\Users\\enkgp\\Desktop\\werewolf_app\\src\\classes\\ChannelInstanceManager.ts": {"path":"C:\\Users\\enkgp\\Desktop\\werewolf_app\\src\\classes\\ChannelInstanceManager.ts","statementMap":{"0":{"start":{"line":1,"column":0},"end":{"line":1,"column":45}},"1":{"start":{"line":2,"column":0},"end":{"line":2,"column":39}},"2":{"start":{"line":3,"column":0},"end":{"line":3,"column":46}},"3":{"start":{"line":4,"column":0},"end":{"line":4,"column":46}},"4":{"start":{"line":5,"column":0},"end":{"line":5,"column":41}},"5":{"start":{"line":6,"column":0},"end":{"line":6,"column":44}},"6":{"start":{"line":8,"column":13},"end":{"line":8,"column":62}},"7":{"start":{"line":10,"column":37},"end":{"line":31,"column":2}},"8":{"start":{"line":10,"column":65},"end":{"line":31,"column":2}},"9":{"start":{"line":11,"column":30},"end":{"line":14,"column":4}},"10":{"start":{"line":16,"column":2},"end":{"line":30,"column":3}},"11":{"start":{"line":17,"column":4},"end":{"line":17,"column":56}},"12":{"start":{"line":18,"column":4},"end":{"line":18,"column":31}},"13":{"start":{"line":19,"column":9},"end":{"line":30,"column":3}},"14":{"start":{"line":20,"column":17},"end":{"line":20,"column":33}},"15":{"start":{"line":22,"column":4},"end":{"line":27,"column":5}},"16":{"start":{"line":23,"column":6},"end":{"line":23,"column":64}},"17":{"start":{"line":24,"column":6},"end":{"line":24,"column":33}},"18":{"start":{"line":26,"column":6},"end":{"line":26,"column":53}},"19":{"start":{"line":29,"column":4},"end":{"line":29,"column":54}},"20":{"start":{"line":10,"column":13},"end":{"line":10,"column":37}}},"fnMap":{"0":{"name":"(anonymous_8)","decl":{"start":{"line":10,"column":37},"end":{"line":10,"column":44}},"loc":{"start":{"line":10,"column":65},"end":{"line":31,"column":2}}},"1":{"name":"(anonymous_9)","decl":{"start":{"line":10,"column":65},"end":{"line":10,"column":null}},"loc":{"start":{"line":10,"column":65},"end":{"line":31,"column":1}}}},"branchMap":{"0":{"loc":{"start":{"line":16,"column":2},"end":{"line":30,"column":3}},"type":"if","locations":[{"start":{"line":16,"column":2},"end":{"line":30,"column":3}},{"start":{"line":19,"column":9},"end":{"line":30,"column":3}}]},"1":{"loc":{"start":{"line":19,"column":9},"end":{"line":30,"column":3}},"type":"if","locations":[{"start":{"line":19,"column":9},"end":{"line":30,"column":3}},{"start":{"line":28,"column":9},"end":{"line":30,"column":3}}]},"2":{"loc":{"start":{"line":22,"column":4},"end":{"line":27,"column":5}},"type":"if","locations":[{"start":{"line":22,"column":4},"end":{"line":27,"column":5}},{"start":{"line":25,"column":11},"end":{"line":27,"column":5}}]}},"s":{"0":10,"1":10,"2":10,"3":10,"4":10,"5":10,"6":10,"7":10,"8":4,"9":4,"10":4,"11":1,"12":1,"13":3,"14":2,"15":2,"16":1,"17":1,"18":1,"19":1,"20":10},"f":{"0":4,"1":4},"b":{"0":[1,3],"1":[2,1],"2":[1,1]}}
,"C:\\Users\\enkgp\\Desktop\\werewolf_app\\src\\classes\\ChannelManager.ts": {"path":"C:\\Users\\enkgp\\Desktop\\werewolf_app\\src\\classes\\ChannelManager.ts","statementMap":{"0":{"start":{"line":1,"column":0},"end":{"line":1,"column":31}},"1":{"start":{"line":3,"column":0},"end":{"line":3,"column":52}},"2":{"start":{"line":4,"column":0},"end":{"line":4,"column":72}},"3":{"start":{"line":5,"column":0},"end":{"line":5,"column":53}},"4":{"start":{"line":7,"column":0},"end":{"line":7,"column":47}},"5":{"start":{"line":8,"column":0},"end":{"line":8,"column":41}},"6":{"start":{"line":9,"column":0},"end":{"line":9,"column":44}},"7":{"start":{"line":19,"column":4},"end":{"line":19,"column":31}},"8":{"start":{"line":20,"column":4},"end":{"line":20,"column":20}},"9":{"start":{"line":21,"column":4},"end":{"line":21,"column":21}},"10":{"start":{"line":25,"column":22},"end":{"line":25,"column":36}},"11":{"start":{"line":26,"column":17},"end":{"line":26,"column":26}},"12":{"start":{"line":28,"column":23},"end":{"line":30,"column":55}},"13":{"start":{"line":31,"column":4},"end":{"line":31,"column":78}},"14":{"start":{"line":31,"column":21},"end":{"line":31,"column":78}},"15":{"start":{"line":33,"column":31},"end":{"line":33,"column":69}},"16":{"start":{"line":35,"column":4},"end":{"line":43,"column":5}},"17":{"start":{"line":36,"column":21},"end":{"line":36,"column":55}},"18":{"start":{"line":38,"column":6},"end":{"line":42,"column":7}},"19":{"start":{"line":39,"column":8},"end":{"line":39,"column":34}},"20":{"start":{"line":40,"column":13},"end":{"line":42,"column":7}},"21":{"start":{"line":41,"column":8},"end":{"line":41,"column":33}},"22":{"start":{"line":45,"column":4},"end":{"line":45,"column":54}},"23":{"start":{"line":49,"column":4},"end":{"line":49,"column":30}},"24":{"start":{"line":50,"column":4},"end":{"line":50,"column":78}},"25":{"start":{"line":50,"column":46},"end":{"line":50,"column":78}},"26":{"start":{"line":54,"column":4},"end":{"line":54,"column":43}},"27":{"start":{"line":55,"column":17},"end":{"line":55,"column":35}},"28":{"start":{"line":57,"column":17},"end":{"line":57,"column":26}},"29":{"start":{"line":58,"column":4},"end":{"line":58,"column":31}},"30":{"start":{"line":58,"column":15},"end":{"line":58,"column":31}},"31":{"start":{"line":60,"column":29},"end":{"line":60,"column":46}},"32":{"start":{"line":62,"column":4},"end":{"line":62,"column":53}},"33":{"start":{"line":62,"column":37},"end":{"line":62,"column":53}},"34":{"start":{"line":63,"column":4},"end":{"line":63,"column":56}},"35":{"start":{"line":63,"column":37},"end":{"line":63,"column":56}},"36":{"start":{"line":64,"column":4},"end":{"line":68,"column":5}},"37":{"start":{"line":65,"column":6},"end":{"line":65,"column":22}},"38":{"start":{"line":66,"column":11},"end":{"line":68,"column":5}},"39":{"start":{"line":67,"column":6},"end":{"line":67,"column":24}},"40":{"start":{"line":70,"column":4},"end":{"line":70,"column":62}},"41":{"start":{"line":74,"column":4},"end":{"line":74,"column":46}},"42":{"start":{"line":74,"column":34},"end":{"line":74,"column":46}},"43":{"start":{"line":76,"column":23},"end":{"line":76,"column":43}},"44":{"start":{"line":78,"column":4},"end":{"line":78,"column":55}},"45":{"start":{"line":78,"column":37},"end":{"line":78,"column":55}},"46":{"start":{"line":80,"column":23},"end":{"line":80,"column":43}},"47":{"start":{"line":81,"column":4},"end":{"line":81,"column":41}},"48":{"start":{"line":85,"column":4},"end":{"line":87,"column":36}},"49":{"start":{"line":86,"column":24},"end":{"line":86,"column":51}},"50":{"start":{"line":87,"column":21},"end":{"line":87,"column":34}},"51":{"start":{"line":91,"column":4},"end":{"line":93,"column":36}},"52":{"start":{"line":92,"column":24},"end":{"line":92,"column":50}},"53":{"start":{"line":93,"column":21},"end":{"line":93,"column":34}},"54":{"start":{"line":97,"column":4},"end":{"line":97,"column":43}},"55":{"start":{"line":98,"column":17},"end":{"line":98,"column":35}},"56":{"start":{"line":100,"column":17},"end":{"line":100,"column":26}},"57":{"start":{"line":101,"column":4},"end":{"line":101,"column":27}},"58":{"start":{"line":101,"column":15},"end":{"line":101,"column":27}},"59":{"start":{"line":103,"column":29},"end":{"line":103,"column":46}},"60":{"start":{"line":105,"column":4},"end":{"line":105,"column":80}},"61":{"start":{"line":105,"column":68},"end":{"line":105,"column":80}},"62":{"start":{"line":106,"column":4},"end":{"line":106,"column":61}},"63":{"start":{"line":106,"column":34},"end":{"line":106,"column":61}},"64":{"start":{"line":107,"column":4},"end":{"line":107,"column":43}},"65":{"start":{"line":111,"column":4},"end":{"line":112,"column":63}},"66":{"start":{"line":112,"column":6},"end":{"line":112,"column":63}},"67":{"start":{"line":11,"column":0},"end":{"line":11,"column":21}}},"fnMap":{"0":{"name":"(anonymous_8)","decl":{"start":{"line":18,"column":2},"end":{"line":18,"column":14}},"loc":{"start":{"line":18,"column":51},"end":{"line":22,"column":3}}},"1":{"name":"(anonymous_9)","decl":{"start":{"line":24,"column":8},"end":{"line":24,"column":18}},"loc":{"start":{"line":24,"column":51},"end":{"line":46,"column":null}}},"2":{"name":"(anonymous_11)","decl":{"start":{"line":48,"column":2},"end":{"line":48,"column":10}},"loc":{"start":{"line":48,"column":25},"end":{"line":51,"column":3}}},"3":{"name":"(anonymous_12)","decl":{"start":{"line":53,"column":2},"end":{"line":53,"column":20}},"loc":{"start":{"line":53,"column":35},"end":{"line":71,"column":3}}},"4":{"name":"(anonymous_13)","decl":{"start":{"line":73,"column":2},"end":{"line":73,"column":21}},"loc":{"start":{"line":73,"column":46},"end":{"line":82,"column":3}}},"5":{"name":"(anonymous_14)","decl":{"start":{"line":84,"column":2},"end":{"line":84,"column":15}},"loc":{"start":{"line":84,"column":15},"end":{"line":88,"column":3}}},"6":{"name":"(anonymous_15)","decl":{"start":{"line":86,"column":14},"end":{"line":86,"column":15}},"loc":{"start":{"line":86,"column":24},"end":{"line":86,"column":51}}},"7":{"name":"(anonymous_16)","decl":{"start":{"line":87,"column":11},"end":{"line":87,"column":12}},"loc":{"start":{"line":87,"column":21},"end":{"line":87,"column":34}}},"8":{"name":"(anonymous_17)","decl":{"start":{"line":90,"column":2},"end":{"line":90,"column":15}},"loc":{"start":{"line":90,"column":15},"end":{"line":94,"column":3}}},"9":{"name":"(anonymous_18)","decl":{"start":{"line":92,"column":14},"end":{"line":92,"column":15}},"loc":{"start":{"line":92,"column":24},"end":{"line":92,"column":50}}},"10":{"name":"(anonymous_19)","decl":{"start":{"line":93,"column":11},"end":{"line":93,"column":12}},"loc":{"start":{"line":93,"column":21},"end":{"line":93,"column":34}}},"11":{"name":"(anonymous_20)","decl":{"start":{"line":96,"column":2},"end":{"line":96,"column":23}},"loc":{"start":{"line":96,"column":38},"end":{"line":108,"column":3}}},"12":{"name":"(anonymous_21)","decl":{"start":{"line":110,"column":2},"end":{"line":110,"column":27}},"loc":{"start":{"line":110,"column":42},"end":{"line":113,"column":3}}}},"branchMap":{"0":{"loc":{"start":{"line":28,"column":23},"end":{"line":30,"column":55}},"type":"cond-expr","locations":[{"start":{"line":29,"column":8},"end":{"line":29,"column":60}},{"start":{"line":30,"column":8},"end":{"line":30,"column":55}}]},"1":{"loc":{"start":{"line":31,"column":4},"end":{"line":31,"column":78}},"type":"if","locations":[{"start":{"line":31,"column":4},"end":{"line":31,"column":78}}]},"2":{"loc":{"start":{"line":35,"column":4},"end":{"line":43,"column":5}},"type":"if","locations":[{"start":{"line":35,"column":4},"end":{"line":43,"column":5}}]},"3":{"loc":{"start":{"line":38,"column":6},"end":{"line":42,"column":7}},"type":"if","locations":[{"start":{"line":38,"column":6},"end":{"line":42,"column":7}},{"start":{"line":40,"column":13},"end":{"line":42,"column":7}}]},"4":{"loc":{"start":{"line":38,"column":10},"end":{"line":38,"column":46}},"type":"binary-expr","locations":[{"start":{"line":38,"column":10},"end":{"line":38,"column":17}},{"start":{"line":38,"column":21},"end":{"line":38,"column":46}}]},"5":{"loc":{"start":{"line":40,"column":13},"end":{"line":42,"column":7}},"type":"if","locations":[{"start":{"line":40,"column":13},"end":{"line":42,"column":7}}]},"6":{"loc":{"start":{"line":50,"column":4},"end":{"line":50,"column":78}},"type":"if","locations":[{"start":{"line":50,"column":4},"end":{"line":50,"column":78}}]},"7":{"loc":{"start":{"line":58,"column":4},"end":{"line":58,"column":31}},"type":"if","locations":[{"start":{"line":58,"column":4},"end":{"line":58,"column":31}}]},"8":{"loc":{"start":{"line":62,"column":4},"end":{"line":62,"column":53}},"type":"if","locations":[{"start":{"line":62,"column":4},"end":{"line":62,"column":53}}]},"9":{"loc":{"start":{"line":63,"column":4},"end":{"line":63,"column":56}},"type":"if","locations":[{"start":{"line":63,"column":4},"end":{"line":63,"column":56}}]},"10":{"loc":{"start":{"line":64,"column":4},"end":{"line":68,"column":5}},"type":"if","locations":[{"start":{"line":64,"column":4},"end":{"line":68,"column":5}},{"start":{"line":66,"column":11},"end":{"line":68,"column":5}}]},"11":{"loc":{"start":{"line":66,"column":11},"end":{"line":68,"column":5}},"type":"if","locations":[{"start":{"line":66,"column":11},"end":{"line":68,"column":5}}]},"12":{"loc":{"start":{"line":74,"column":4},"end":{"line":74,"column":46}},"type":"if","locations":[{"start":{"line":74,"column":4},"end":{"line":74,"column":46}}]},"13":{"loc":{"start":{"line":78,"column":4},"end":{"line":78,"column":55}},"type":"if","locations":[{"start":{"line":78,"column":4},"end":{"line":78,"column":55}}]},"14":{"loc":{"start":{"line":101,"column":4},"end":{"line":101,"column":27}},"type":"if","locations":[{"start":{"line":101,"column":4},"end":{"line":101,"column":27}}]},"15":{"loc":{"start":{"line":105,"column":4},"end":{"line":105,"column":80}},"type":"if","locations":[{"start":{"line":105,"column":4},"end":{"line":105,"column":80}}]},"16":{"loc":{"start":{"line":105,"column":8},"end":{"line":105,"column":66}},"type":"binary-expr","locations":[{"start":{"line":105,"column":8},"end":{"line":105,"column":35}},{"start":{"line":105,"column":39},"end":{"line":105,"column":66}}]},"17":{"loc":{"start":{"line":106,"column":4},"end":{"line":106,"column":61}},"type":"if","locations":[{"start":{"line":106,"column":4},"end":{"line":106,"column":61}}]},"18":{"loc":{"start":{"line":111,"column":4},"end":{"line":112,"column":63}},"type":"if","locations":[{"start":{"line":111,"column":4},"end":{"line":112,"column":63}}]}},"s":{"0":10,"1":10,"2":10,"3":10,"4":10,"5":10,"6":10,"7":53,"8":53,"9":53,"10":7,"11":7,"12":7,"13":7,"14":2,"15":5,"16":5,"17":4,"18":4,"19":2,"20":2,"21":1,"22":5,"23":4,"24":4,"25":2,"26":13,"27":11,"28":11,"29":11,"30":2,"31":9,"32":9,"33":2,"34":7,"35":2,"36":5,"37":1,"38":4,"39":2,"40":2,"41":7,"42":3,"43":4,"44":4,"45":2,"46":2,"47":2,"48":4,"49":8,"50":3,"51":2,"52":4,"53":2,"54":14,"55":12,"56":12,"57":12,"58":4,"59":8,"60":8,"61":4,"62":4,"63":2,"64":2,"65":30,"66":6,"67":10},"f":{"0":53,"1":7,"2":4,"3":13,"4":7,"5":4,"6":8,"7":3,"8":2,"9":4,"10":2,"11":14,"12":30},"b":{"0":[5,2],"1":[2],"2":[4],"3":[2,2],"4":[4,3],"5":[1],"6":[2],"7":[2],"8":[2],"9":[2],"10":[1,4],"11":[2],"12":[3],"13":[2],"14":[4],"15":[4],"16":[8,6],"17":[2],"18":[6]}}
,"C:\\Users\\enkgp\\Desktop\\werewolf_app\\src\\classes\\ChannelUserManager.ts": {"path":"C:\\Users\\enkgp\\Desktop\\werewolf_app\\src\\classes\\ChannelUserManager.ts","statementMap":{"0":{"start":{"line":1,"column":0},"end":{"line":1,"column":34}},"1":{"start":{"line":17,"column":4},"end":{"line":17,"column":30}},"2":{"start":{"line":18,"column":4},"end":{"line":18,"column":34}},"3":{"start":{"line":19,"column":4},"end":{"line":19,"column":30}},"4":{"start":{"line":20,"column":4},"end":{"line":20,"column":43}},"5":{"start":{"line":21,"column":4},"end":{"line":21,"column":28}},"6":{"start":{"line":25,"column":4},"end":{"line":27,"column":7}},"7":{"start":{"line":26,"column":6},"end":{"line":26,"column":32}},"8":{"start":{"line":10,"column":0},"end":{"line":10,"column":21}}},"fnMap":{"0":{"name":"(anonymous_1)","decl":{"start":{"line":16,"column":2},"end":{"line":16,"column":14}},"loc":{"start":{"line":16,"column":32},"end":{"line":22,"column":3}}},"1":{"name":"(anonymous_2)","decl":{"start":{"line":24,"column":2},"end":{"line":24,"column":18}},"loc":{"start":{"line":24,"column":18},"end":{"line":28,"column":3}}},"2":{"name":"(anonymous_3)","decl":{"start":{"line":25,"column":33},"end":{"line":25,"column":36}},"loc":{"start":{"line":25,"column":38},"end":{"line":27,"column":5}}}},"branchMap":{},"s":{"0":11,"1":38,"2":38,"3":38,"4":38,"5":38,"6":38,"7":1,"8":11},"f":{"0":38,"1":38,"2":1},"b":{}}
,"C:\\Users\\enkgp\\Desktop\\werewolf_app\\src\\classes\\DevineManager.ts": {"path":"C:\\Users\\enkgp\\Desktop\\werewolf_app\\src\\classes\\DevineManager.ts","statementMap":{"0":{"start":{"line":1,"column":0},"end":{"line":1,"column":32}},"1":{"start":{"line":4,"column":0},"end":{"line":4,"column":41}},"2":{"start":{"line":5,"column":0},"end":{"line":5,"column":47}},"3":{"start":{"line":13,"column":9},"end":{"line":13,"column":45}},"4":{"start":{"line":16,"column":9},"end":{"line":16,"column":42}},"5":{"start":{"line":19,"column":4},"end":{"line":19,"column":37}},"6":{"start":{"line":20,"column":4},"end":{"line":20,"column":39}},"7":{"start":{"line":24,"column":29},"end":{"line":24,"column":46}},"8":{"start":{"line":25,"column":19},"end":{"line":25,"column":55}},"9":{"start":{"line":26,"column":19},"end":{"line":26,"column":55}},"10":{"start":{"line":28,"column":4},"end":{"line":35,"column":57}},"11":{"start":{"line":35,"column":6},"end":{"line":35,"column":57}},"12":{"start":{"line":37,"column":4},"end":{"line":37,"column":34}},"13":{"start":{"line":41,"column":27},"end":{"line":41,"column":44}},"14":{"start":{"line":44,"column":6},"end":{"line":44,"column":56}},"15":{"start":{"line":45,"column":25},"end":{"line":45,"column":67}},"16":{"start":{"line":47,"column":4},"end":{"line":50,"column":6}},"17":{"start":{"line":52,"column":4},"end":{"line":52,"column":30}},"18":{"start":{"line":55,"column":4},"end":{"line":55,"column":26}},"19":{"start":{"line":59,"column":20},"end":{"line":59,"column":46}},"20":{"start":{"line":60,"column":26},"end":{"line":62,"column":33}},"21":{"start":{"line":61,"column":24},"end":{"line":61,"column":71}},"22":{"start":{"line":62,"column":21},"end":{"line":62,"column":32}},"23":{"start":{"line":64,"column":4},"end":{"line":64,"column":34}},"24":{"start":{"line":68,"column":29},"end":{"line":68,"column":46}},"25":{"start":{"line":69,"column":19},"end":{"line":69,"column":53}},"26":{"start":{"line":71,"column":4},"end":{"line":73,"column":5}},"27":{"start":{"line":72,"column":6},"end":{"line":72,"column":66}},"28":{"start":{"line":75,"column":4},"end":{"line":75,"column":29}},"29":{"start":{"line":12,"column":0},"end":{"line":12,"column":21}}},"fnMap":{"0":{"name":"(anonymous_1)","decl":{"start":{"line":18,"column":2},"end":{"line":18,"column":14}},"loc":{"start":{"line":18,"column":70},"end":{"line":21,"column":3}}},"1":{"name":"(anonymous_2)","decl":{"start":{"line":23,"column":2},"end":{"line":23,"column":22}},"loc":{"start":{"line":23,"column":57},"end":{"line":38,"column":3}}},"2":{"name":"(anonymous_3)","decl":{"start":{"line":40,"column":2},"end":{"line":40,"column":8}},"loc":{"start":{"line":40,"column":8},"end":{"line":56,"column":3}}},"3":{"name":"(anonymous_4)","decl":{"start":{"line":58,"column":2},"end":{"line":58,"column":23}},"loc":{"start":{"line":58,"column":23},"end":{"line":65,"column":3}}},"4":{"name":"(anonymous_5)","decl":{"start":{"line":61,"column":14},"end":{"line":61,"column":15}},"loc":{"start":{"line":61,"column":24},"end":{"line":61,"column":71}}},"5":{"name":"(anonymous_6)","decl":{"start":{"line":62,"column":11},"end":{"line":62,"column":12}},"loc":{"start":{"line":62,"column":21},"end":{"line":62,"column":32}}},"6":{"name":"(anonymous_7)","decl":{"start":{"line":67,"column":2},"end":{"line":67,"column":17}},"loc":{"start":{"line":67,"column":32},"end":{"line":76,"column":3}}}},"branchMap":{"0":{"loc":{"start":{"line":28,"column":4},"end":{"line":35,"column":57}},"type":"if","locations":[{"start":{"line":28,"column":4},"end":{"line":35,"column":57}}]},"1":{"loc":{"start":{"line":29,"column":6},"end":{"line":33,"column":28}},"type":"binary-expr","locations":[{"start":{"line":29,"column":6},"end":{"line":29,"column":30}},{"start":{"line":30,"column":6},"end":{"line":30,"column":32}},{"start":{"line":31,"column":6},"end":{"line":31,"column":28}},{"start":{"line":32,"column":6},"end":{"line":32,"column":32}},{"start":{"line":33,"column":6},"end":{"line":33,"column":28}}]},"2":{"loc":{"start":{"line":30,"column":6},"end":{"line":30,"column":20}},"type":"cond-expr","locations":[{"start":{"line":30,"column":12},"end":{"line":30,"column":14}},{"start":{"line":30,"column":6},"end":{"line":30,"column":20}}]},"3":{"loc":{"start":{"line":30,"column":6},"end":{"line":30,"column":14}},"type":"binary-expr","locations":[{"start":{"line":30,"column":6},"end":{"line":30,"column":14}},{"start":{"line":30,"column":6},"end":{"line":30,"column":14}}]},"4":{"loc":{"start":{"line":32,"column":6},"end":{"line":32,"column":20}},"type":"cond-expr","locations":[{"start":{"line":32,"column":12},"end":{"line":32,"column":14}},{"start":{"line":32,"column":6},"end":{"line":32,"column":20}}]},"5":{"loc":{"start":{"line":32,"column":6},"end":{"line":32,"column":14}},"type":"binary-expr","locations":[{"start":{"line":32,"column":6},"end":{"line":32,"column":14}},{"start":{"line":32,"column":6},"end":{"line":32,"column":14}}]},"6":{"loc":{"start":{"line":44,"column":6},"end":{"line":44,"column":56}},"type":"binary-expr","locations":[{"start":{"line":44,"column":6},"end":{"line":44,"column":24}},{"start":{"line":44,"column":28},"end":{"line":44,"column":56}}]},"7":{"loc":{"start":{"line":49,"column":8},"end":{"line":49,"column":69}},"type":"cond-expr","locations":[{"start":{"line":49,"column":43},"end":{"line":49,"column":54}},{"start":{"line":49,"column":57},"end":{"line":49,"column":69}}]},"8":{"loc":{"start":{"line":61,"column":24},"end":{"line":61,"column":71}},"type":"binary-expr","locations":[{"start":{"line":61,"column":24},"end":{"line":61,"column":47}},{"start":{"line":61,"column":51},"end":{"line":61,"column":71}}]},"9":{"loc":{"start":{"line":71,"column":4},"end":{"line":73,"column":5}},"type":"if","locations":[{"start":{"line":71,"column":4},"end":{"line":73,"column":5}}]},"10":{"loc":{"start":{"line":71,"column":8},"end":{"line":71,"column":57}},"type":"binary-expr","locations":[{"start":{"line":71,"column":8},"end":{"line":71,"column":31}},{"start":{"line":71,"column":35},"end":{"line":71,"column":57}}]},"11":{"loc":{"start":{"line":71,"column":8},"end":{"line":71,"column":20}},"type":"cond-expr","locations":[{"start":{"line":71,"column":14},"end":{"line":71,"column":16}},{"start":{"line":71,"column":8},"end":{"line":71,"column":20}}]},"12":{"loc":{"start":{"line":71,"column":8},"end":{"line":71,"column":16}},"type":"binary-expr","locations":[{"start":{"line":71,"column":8},"end":{"line":71,"column":16}},{"start":{"line":71,"column":8},"end":{"line":71,"column":16}}]}},"s":{"0":15,"1":15,"2":15,"3":147,"4":147,"5":147,"6":147,"7":11,"8":11,"9":11,"10":11,"11":6,"12":5,"13":3,"14":3,"15":3,"16":3,"17":3,"18":3,"19":10,"20":10,"21":100,"22":40,"23":10,"24":4,"25":4,"26":4,"27":2,"28":2,"29":15},"f":{"0":147,"1":11,"2":3,"3":10,"4":100,"5":40,"6":4},"b":{"0":[6],"1":[11,9,8,7,6],"2":[0,9],"3":[9,9],"4":[0,7],"5":[7,7],"6":[3,0],"7":[3,0],"8":[100,50],"9":[2],"10":[4,3],"11":[0,4],"12":[4,4]}}
,"C:\\Users\\enkgp\\Desktop\\werewolf_app\\src\\classes\\GameInstanceManager.ts": {"path":"C:\\Users\\enkgp\\Desktop\\werewolf_app\\src\\classes\\GameInstanceManager.ts","statementMap":{"0":{"start":{"line":3,"column":13},"end":{"line":5,"column":7}},"1":{"start":{"line":7,"column":33},"end":{"line":12,"column":1}},"2":{"start":{"line":8,"column":2},"end":{"line":11,"column":4}},"3":{"start":{"line":10,"column":6},"end":{"line":10,"column":77}},"4":{"start":{"line":7,"column":13},"end":{"line":7,"column":33}},"5":{"start":{"line":14,"column":33},"end":{"line":23,"column":1}},"6":{"start":{"line":15,"column":15},"end":{"line":19,"column":null}},"7":{"start":{"line":17,"column":6},"end":{"line":19,"column":59}},"8":{"start":{"line":22,"column":2},"end":{"line":22,"column":35}},"9":{"start":{"line":14,"column":13},"end":{"line":14,"column":33}},"10":{"start":{"line":25,"column":35},"end":{"line":31,"column":1}},"11":{"start":{"line":26,"column":24},"end":{"line":27,"column":null}},"12":{"start":{"line":27,"column":14},"end":{"line":27,"column":42}},"13":{"start":{"line":30,"column":2},"end":{"line":30,"column":23}},"14":{"start":{"line":25,"column":13},"end":{"line":25,"column":35}}},"fnMap":{"0":{"name":"(anonymous_0)","decl":{"start":{"line":7,"column":33},"end":{"line":7,"column":34}},"loc":{"start":{"line":7,"column":52},"end":{"line":12,"column":1}}},"1":{"name":"(anonymous_1)","decl":{"start":{"line":9,"column":4},"end":{"line":9,"column":5}},"loc":{"start":{"line":10,"column":6},"end":{"line":10,"column":77}}},"2":{"name":"(anonymous_2)","decl":{"start":{"line":14,"column":33},"end":{"line":14,"column":34}},"loc":{"start":{"line":14,"column":52},"end":{"line":23,"column":1}}},"3":{"name":"(anonymous_3)","decl":{"start":{"line":16,"column":4},"end":{"line":16,"column":5}},"loc":{"start":{"line":17,"column":6},"end":{"line":19,"column":59}}},"4":{"name":"(anonymous_4)","decl":{"start":{"line":25,"column":35},"end":{"line":25,"column":36}},"loc":{"start":{"line":25,"column":57},"end":{"line":31,"column":1}}},"5":{"name":"(anonymous_5)","decl":{"start":{"line":27,"column":4},"end":{"line":27,"column":5}},"loc":{"start":{"line":27,"column":14},"end":{"line":27,"column":42}}}},"branchMap":{"0":{"loc":{"start":{"line":10,"column":6},"end":{"line":10,"column":77}},"type":"binary-expr","locations":[{"start":{"line":10,"column":6},"end":{"line":10,"column":42}},{"start":{"line":10,"column":46},"end":{"line":10,"column":77}}]},"1":{"loc":{"start":{"line":17,"column":6},"end":{"line":19,"column":59}},"type":"binary-expr","locations":[{"start":{"line":17,"column":6},"end":{"line":17,"column":42}},{"start":{"line":18,"column":6},"end":{"line":18,"column":37}},{"start":{"line":19,"column":6},"end":{"line":19,"column":59}}]},"2":{"loc":{"start":{"line":22,"column":9},"end":{"line":22,"column":34}},"type":"cond-expr","locations":[{"start":{"line":22,"column":16},"end":{"line":22,"column":27}},{"start":{"line":22,"column":30},"end":{"line":22,"column":34}}]}},"s":{"0":20,"1":20,"2":3,"3":3,"4":20,"5":20,"6":4,"7":4,"8":4,"9":20,"10":20,"11":3,"12":3,"13":3,"14":20},"f":{"0":3,"1":3,"2":4,"3":4,"4":3,"5":3},"b":{"0":[3,2],"1":[4,3,2],"2":[1,3]}}
,"C:\\Users\\enkgp\\Desktop\\werewolf_app\\src\\classes\\GameManager.ts": {"path":"C:\\Users\\enkgp\\Desktop\\werewolf_app\\src\\classes\\GameManager.ts","statementMap":{"0":{"start":{"line":1,"column":0},"end":{"line":1,"column":34}},"1":{"start":{"line":2,"column":0},"end":{"line":2,"column":46}},"2":{"start":{"line":3,"column":0},"end":{"line":3,"column":60}},"3":{"start":{"line":4,"column":0},"end":{"line":4,"column":63}},"4":{"start":{"line":5,"column":0},"end":{"line":5,"column":40}},"5":{"start":{"line":6,"column":0},"end":{"line":6,"column":44}},"6":{"start":{"line":7,"column":0},"end":{"line":7,"column":44}},"7":{"start":{"line":8,"column":0},"end":{"line":8,"column":42}},"8":{"start":{"line":9,"column":0},"end":{"line":9,"column":44}},"9":{"start":{"line":10,"column":0},"end":{"line":10,"column":59}},"10":{"start":{"line":11,"column":0},"end":{"line":11,"column":39}},"11":{"start":{"line":12,"column":0},"end":{"line":12,"column":48}},"12":{"start":{"line":39,"column":9},"end":{"line":39,"column":57}},"13":{"start":{"line":42,"column":9},"end":{"line":42,"column":58}},"14":{"start":{"line":43,"column":9},"end":{"line":46,"column":4}},"15":{"start":{"line":53,"column":9},"end":{"line":53,"column":39}},"16":{"start":{"line":56,"column":4},"end":{"line":56,"column":31}},"17":{"start":{"line":57,"column":4},"end":{"line":57,"column":25}},"18":{"start":{"line":58,"column":4},"end":{"line":58,"column":58}},"19":{"start":{"line":59,"column":4},"end":{"line":59,"column":78}},"20":{"start":{"line":60,"column":4},"end":{"line":63,"column":6}},"21":{"start":{"line":64,"column":4},"end":{"line":67,"column":6}},"22":{"start":{"line":68,"column":4},"end":{"line":68,"column":80}},"23":{"start":{"line":69,"column":4},"end":{"line":73,"column":6}},"24":{"start":{"line":74,"column":4},"end":{"line":74,"column":28}},"25":{"start":{"line":79,"column":4},"end":{"line":79,"column":78}},"26":{"start":{"line":79,"column":48},"end":{"line":79,"column":77}},"27":{"start":{"line":79,"column":49},"end":{"line":79,"column":77}},"28":{"start":{"line":80,"column":4},"end":{"line":80,"column":76}},"29":{"start":{"line":80,"column":48},"end":{"line":80,"column":74}},"30":{"start":{"line":84,"column":29},"end":{"line":84,"column":46}},"31":{"start":{"line":85,"column":4},"end":{"line":85,"column":29}},"32":{"start":{"line":87,"column":4},"end":{"line":87,"column":75}},"33":{"start":{"line":87,"column":32},"end":{"line":87,"column":75}},"34":{"start":{"line":88,"column":4},"end":{"line":88,"column":63}},"35":{"start":{"line":88,"column":32},"end":{"line":88,"column":63}},"36":{"start":{"line":89,"column":4},"end":{"line":89,"column":67}},"37":{"start":{"line":89,"column":34},"end":{"line":89,"column":67}},"38":{"start":{"line":90,"column":4},"end":{"line":90,"column":65}},"39":{"start":{"line":90,"column":37},"end":{"line":90,"column":65}},"40":{"start":{"line":92,"column":4},"end":{"line":92,"column":47}},"41":{"start":{"line":96,"column":4},"end":{"line":96,"column":27}},"42":{"start":{"line":98,"column":4},"end":{"line":98,"column":57}},"43":{"start":{"line":98,"column":50},"end":{"line":98,"column":57}},"44":{"start":{"line":100,"column":4},"end":{"line":100,"column":27}},"45":{"start":{"line":102,"column":4},"end":{"line":104,"column":5}},"46":{"start":{"line":103,"column":6},"end":{"line":103,"column":47}},"47":{"start":{"line":108,"column":34},"end":{"line":108,"column":36}},"48":{"start":{"line":109,"column":17},"end":{"line":109,"column":60}},"49":{"start":{"line":110,"column":38},"end":{"line":110,"column":42}},"50":{"start":{"line":113,"column":4},"end":{"line":122,"column":5}},"51":{"start":{"line":114,"column":29},"end":{"line":114,"column":56}},"52":{"start":{"line":115,"column":27},"end":{"line":115,"column":69}},"53":{"start":{"line":118,"column":6},"end":{"line":121,"column":7}},"54":{"start":{"line":119,"column":8},"end":{"line":119,"column":38}},"55":{"start":{"line":120,"column":8},"end":{"line":120,"column":48}},"56":{"start":{"line":125,"column":27},"end":{"line":125,"column":54}},"57":{"start":{"line":126,"column":4},"end":{"line":129,"column":5}},"58":{"start":{"line":127,"column":27},"end":{"line":127,"column":69}},"59":{"start":{"line":128,"column":6},"end":{"line":128,"column":46}},"60":{"start":{"line":132,"column":4},"end":{"line":135,"column":5}},"61":{"start":{"line":133,"column":6},"end":{"line":133,"column":44}},"62":{"start":{"line":134,"column":6},"end":{"line":134,"column":29}},"63":{"start":{"line":137,"column":4},"end":{"line":137,"column":59}},"64":{"start":{"line":139,"column":4},"end":{"line":139,"column":27}},"65":{"start":{"line":141,"column":4},"end":{"line":143,"column":5}},"66":{"start":{"line":142,"column":6},"end":{"line":142,"column":49}},"67":{"start":{"line":147,"column":4},"end":{"line":154,"column":5}},"68":{"start":{"line":148,"column":6},"end":{"line":148,"column":79}},"69":{"start":{"line":149,"column":6},"end":{"line":149,"column":45}},"70":{"start":{"line":151,"column":6},"end":{"line":151,"column":32}},"71":{"start":{"line":153,"column":6},"end":{"line":153,"column":65}},"72":{"start":{"line":158,"column":30},"end":{"line":158,"column":67}},"73":{"start":{"line":161,"column":4},"end":{"line":161,"column":65}},"74":{"start":{"line":161,"column":28},"end":{"line":161,"column":65}},"75":{"start":{"line":164,"column":28},"end":{"line":164,"column":73}},"76":{"start":{"line":165,"column":4},"end":{"line":165,"column":47}},"77":{"start":{"line":166,"column":4},"end":{"line":166,"column":75}},"78":{"start":{"line":168,"column":4},"end":{"line":168,"column":63}},"79":{"start":{"line":168,"column":40},"end":{"line":168,"column":63}},"80":{"start":{"line":171,"column":19},"end":{"line":171,"column":64}},"81":{"start":{"line":172,"column":4},"end":{"line":174,"column":5}},"82":{"start":{"line":173,"column":6},"end":{"line":173,"column":51}},"83":{"start":{"line":178,"column":4},"end":{"line":178,"column":43}},"84":{"start":{"line":179,"column":4},"end":{"line":179,"column":57}},"85":{"start":{"line":183,"column":24},"end":{"line":183,"column":59}},"86":{"start":{"line":185,"column":4},"end":{"line":185,"column":41}},"87":{"start":{"line":185,"column":34},"end":{"line":185,"column":41}},"88":{"start":{"line":187,"column":4},"end":{"line":190,"column":7}},"89":{"start":{"line":188,"column":21},"end":{"line":188,"column":39}},"90":{"start":{"line":189,"column":6},"end":{"line":189,"column":38}},"91":{"start":{"line":192,"column":4},"end":{"line":194,"column":6}},"92":{"start":{"line":193,"column":59},"end":{"line":193,"column":72}},"93":{"start":{"line":198,"column":26},"end":{"line":198,"column":63}},"94":{"start":{"line":201,"column":22},"end":{"line":203,"column":12}},"95":{"start":{"line":202,"column":16},"end":{"line":202,"column":40}},"96":{"start":{"line":204,"column":23},"end":{"line":206,"column":12}},"97":{"start":{"line":205,"column":16},"end":{"line":205,"column":40}},"98":{"start":{"line":207,"column":23},"end":{"line":207,"column":72}},"99":{"start":{"line":207,"column":52},"end":{"line":207,"column":71}},"100":{"start":{"line":210,"column":4},"end":{"line":219,"column":5}},"101":{"start":{"line":211,"column":6},"end":{"line":211,"column":37}},"102":{"start":{"line":212,"column":6},"end":{"line":212,"column":51}},"103":{"start":{"line":213,"column":11},"end":{"line":219,"column":5}},"104":{"start":{"line":214,"column":6},"end":{"line":214,"column":41}},"105":{"start":{"line":215,"column":6},"end":{"line":215,"column":55}},"106":{"start":{"line":216,"column":11},"end":{"line":219,"column":5}},"107":{"start":{"line":217,"column":6},"end":{"line":217,"column":42}},"108":{"start":{"line":218,"column":6},"end":{"line":218,"column":56}},"109":{"start":{"line":223,"column":33},"end":{"line":223,"column":66}},"110":{"start":{"line":229,"column":23},"end":{"line":234,"column":6}},"111":{"start":{"line":236,"column":4},"end":{"line":236,"column":22}},"112":{"start":{"line":240,"column":4},"end":{"line":240,"column":27}},"113":{"start":{"line":241,"column":4},"end":{"line":241,"column":30}},"114":{"start":{"line":245,"column":22},"end":{"line":245,"column":41}},"115":{"start":{"line":250,"column":52},"end":{"line":250,"column":69}},"116":{"start":{"line":251,"column":18},"end":{"line":251,"column":57}},"117":{"start":{"line":252,"column":34},"end":{"line":252,"column":75}},"118":{"start":{"line":255,"column":4},"end":{"line":259,"column":5}},"119":{"start":{"line":256,"column":6},"end":{"line":256,"column":64}},"120":{"start":{"line":258,"column":6},"end":{"line":258,"column":67}},"121":{"start":{"line":261,"column":4},"end":{"line":261,"column":49}},"122":{"start":{"line":38,"column":0},"end":{"line":38,"column":21}}},"fnMap":{"0":{"name":"(anonymous_8)","decl":{"start":{"line":55,"column":2},"end":{"line":55,"column":14}},"loc":{"start":{"line":55,"column":63},"end":{"line":76,"column":3}}},"1":{"name":"(anonymous_9)","decl":{"start":{"line":78,"column":2},"end":{"line":78,"column":18}},"loc":{"start":{"line":78,"column":18},"end":{"line":81,"column":3}}},"2":{"name":"(anonymous_10)","decl":{"start":{"line":79,"column":37},"end":{"line":79,"column":46}},"loc":{"start":{"line":79,"column":48},"end":{"line":79,"column":77}}},"3":{"name":"(anonymous_11)","decl":{"start":{"line":79,"column":48},"end":{"line":79,"column":49}},"loc":{"start":{"line":79,"column":48},"end":{"line":79,"column":77}}},"4":{"name":"(anonymous_12)","decl":{"start":{"line":80,"column":42},"end":{"line":80,"column":45}},"loc":{"start":{"line":80,"column":48},"end":{"line":80,"column":74}}},"5":{"name":"(anonymous_13)","decl":{"start":{"line":83,"column":8},"end":{"line":83,"column":22}},"loc":{"start":{"line":83,"column":22},"end":{"line":93,"column":null}}},"6":{"name":"(anonymous_15)","decl":{"start":{"line":95,"column":8},"end":{"line":95,"column":25}},"loc":{"start":{"line":95,"column":25},"end":{"line":105,"column":null}}},"7":{"name":"(anonymous_17)","decl":{"start":{"line":107,"column":8},"end":{"line":107,"column":27}},"loc":{"start":{"line":107,"column":27},"end":{"line":144,"column":null}}},"8":{"name":"(anonymous_19)","decl":{"start":{"line":146,"column":8},"end":{"line":146,"column":21}},"loc":{"start":{"line":146,"column":21},"end":{"line":155,"column":null}}},"9":{"name":"(anonymous_21)","decl":{"start":{"line":157,"column":8},"end":{"line":157,"column":17}},"loc":{"start":{"line":157,"column":17},"end":{"line":175,"column":null}}},"10":{"name":"(anonymous_23)","decl":{"start":{"line":177,"column":8},"end":{"line":177,"column":24}},"loc":{"start":{"line":177,"column":24},"end":{"line":180,"column":null}}},"11":{"name":"(anonymous_25)","decl":{"start":{"line":182,"column":2},"end":{"line":182,"column":17}},"loc":{"start":{"line":182,"column":17},"end":{"line":195,"column":3}}},"12":{"name":"(anonymous_26)","decl":{"start":{"line":187,"column":24},"end":{"line":187,"column":25}},"loc":{"start":{"line":187,"column":40},"end":{"line":190,"column":5}}},"13":{"name":"(anonymous_27)","decl":{"start":{"line":193,"column":49},"end":{"line":193,"column":50}},"loc":{"start":{"line":193,"column":59},"end":{"line":193,"column":72}}},"14":{"name":"(anonymous_28)","decl":{"start":{"line":197,"column":8},"end":{"line":197,"column":17}},"loc":{"start":{"line":197,"column":17},"end":{"line":220,"column":null}}},"15":{"name":"(anonymous_30)","decl":{"start":{"line":202,"column":6},"end":{"line":202,"column":7}},"loc":{"start":{"line":202,"column":16},"end":{"line":202,"column":40}}},"16":{"name":"(anonymous_31)","decl":{"start":{"line":205,"column":6},"end":{"line":205,"column":7}},"loc":{"start":{"line":205,"column":16},"end":{"line":205,"column":40}}},"17":{"name":"(anonymous_32)","decl":{"start":{"line":207,"column":42},"end":{"line":207,"column":43}},"loc":{"start":{"line":207,"column":52},"end":{"line":207,"column":71}}},"18":{"name":"(anonymous_33)","decl":{"start":{"line":222,"column":8},"end":{"line":222,"column":19}},"loc":{"start":{"line":222,"column":35},"end":{"line":226,"column":null}}},"19":{"name":"(anonymous_35)","decl":{"start":{"line":228,"column":8},"end":{"line":228,"column":21}},"loc":{"start":{"line":228,"column":37},"end":{"line":237,"column":null}}},"20":{"name":"(anonymous_37)","decl":{"start":{"line":239,"column":2},"end":{"line":239,"column":21}},"loc":{"start":{"line":239,"column":21},"end":{"line":242,"column":3}}},"21":{"name":"(anonymous_38)","decl":{"start":{"line":244,"column":2},"end":{"line":244,"column":17}},"loc":{"start":{"line":244,"column":17},"end":{"line":247,"column":3}}},"22":{"name":"(anonymous_39)","decl":{"start":{"line":249,"column":2},"end":{"line":249,"column":14}},"loc":{"start":{"line":249,"column":14},"end":{"line":262,"column":3}}}},"branchMap":{"0":{"loc":{"start":{"line":87,"column":4},"end":{"line":87,"column":75}},"type":"if","locations":[{"start":{"line":87,"column":4},"end":{"line":87,"column":75}}]},"1":{"loc":{"start":{"line":88,"column":4},"end":{"line":88,"column":63}},"type":"if","locations":[{"start":{"line":88,"column":4},"end":{"line":88,"column":63}}]},"2":{"loc":{"start":{"line":89,"column":4},"end":{"line":89,"column":67}},"type":"if","locations":[{"start":{"line":89,"column":4},"end":{"line":89,"column":67}}]},"3":{"loc":{"start":{"line":90,"column":4},"end":{"line":90,"column":65}},"type":"if","locations":[{"start":{"line":90,"column":4},"end":{"line":90,"column":65}}]},"4":{"loc":{"start":{"line":98,"column":4},"end":{"line":98,"column":57}},"type":"if","locations":[{"start":{"line":98,"column":4},"end":{"line":98,"column":57}}]},"5":{"loc":{"start":{"line":102,"column":4},"end":{"line":104,"column":5}},"type":"if","locations":[{"start":{"line":102,"column":4},"end":{"line":104,"column":5}}]},"6":{"loc":{"start":{"line":113,"column":4},"end":{"line":122,"column":5}},"type":"if","locations":[{"start":{"line":113,"column":4},"end":{"line":122,"column":5}}]},"7":{"loc":{"start":{"line":113,"column":8},"end":{"line":113,"column":20}},"type":"cond-expr","locations":[{"start":{"line":113,"column":12},"end":{"line":113,"column":14}},{"start":{"line":113,"column":8},"end":{"line":113,"column":20}}]},"8":{"loc":{"start":{"line":113,"column":8},"end":{"line":113,"column":14}},"type":"binary-expr","locations":[{"start":{"line":113,"column":8},"end":{"line":113,"column":14}},{"start":{"line":113,"column":8},"end":{"line":113,"column":14}}]},"9":{"loc":{"start":{"line":118,"column":6},"end":{"line":121,"column":7}},"type":"if","locations":[{"start":{"line":118,"column":6},"end":{"line":121,"column":7}}]},"10":{"loc":{"start":{"line":126,"column":4},"end":{"line":129,"column":5}},"type":"if","locations":[{"start":{"line":126,"column":4},"end":{"line":129,"column":5}}]},"11":{"loc":{"start":{"line":132,"column":4},"end":{"line":135,"column":5}},"type":"if","locations":[{"start":{"line":132,"column":4},"end":{"line":135,"column":5}}]},"12":{"loc":{"start":{"line":141,"column":4},"end":{"line":143,"column":5}},"type":"if","locations":[{"start":{"line":141,"column":4},"end":{"line":143,"column":5}}]},"13":{"loc":{"start":{"line":161,"column":4},"end":{"line":161,"column":65}},"type":"if","locations":[{"start":{"line":161,"column":4},"end":{"line":161,"column":65}}]},"14":{"loc":{"start":{"line":168,"column":4},"end":{"line":168,"column":63}},"type":"if","locations":[{"start":{"line":168,"column":4},"end":{"line":168,"column":63}}]},"15":{"loc":{"start":{"line":172,"column":4},"end":{"line":174,"column":5}},"type":"if","locations":[{"start":{"line":172,"column":4},"end":{"line":174,"column":5}}]},"16":{"loc":{"start":{"line":172,"column":8},"end":{"line":172,"column":22}},"type":"cond-expr","locations":[{"start":{"line":172,"column":14},"end":{"line":172,"column":16}},{"start":{"line":172,"column":8},"end":{"line":172,"column":22}}]},"17":{"loc":{"start":{"line":172,"column":8},"end":{"line":172,"column":16}},"type":"binary-expr","locations":[{"start":{"line":172,"column":8},"end":{"line":172,"column":16}},{"start":{"line":172,"column":8},"end":{"line":172,"column":16}}]},"18":{"loc":{"start":{"line":185,"column":4},"end":{"line":185,"column":41}},"type":"if","locations":[{"start":{"line":185,"column":4},"end":{"line":185,"column":41}}]},"19":{"loc":{"start":{"line":210,"column":4},"end":{"line":219,"column":5}},"type":"if","locations":[{"start":{"line":210,"column":4},"end":{"line":219,"column":5}},{"start":{"line":213,"column":11},"end":{"line":219,"column":5}}]},"20":{"loc":{"start":{"line":210,"column":8},"end":{"line":210,"column":67}},"type":"binary-expr","locations":[{"start":{"line":210,"column":8},"end":{"line":210,"column":18}},{"start":{"line":210,"column":23},"end":{"line":210,"column":39}},{"start":{"line":210,"column":43},"end":{"line":210,"column":66}}]},"21":{"loc":{"start":{"line":213,"column":11},"end":{"line":219,"column":5}},"type":"if","locations":[{"start":{"line":213,"column":11},"end":{"line":219,"column":5}},{"start":{"line":216,"column":11},"end":{"line":219,"column":5}}]},"22":{"loc":{"start":{"line":216,"column":11},"end":{"line":219,"column":5}},"type":"if","locations":[{"start":{"line":216,"column":11},"end":{"line":219,"column":5}}]},"23":{"loc":{"start":{"line":255,"column":4},"end":{"line":259,"column":5}},"type":"if","locations":[{"start":{"line":255,"column":4},"end":{"line":259,"column":5}},{"start":{"line":257,"column":11},"end":{"line":259,"column":5}}]}},"s":{"0":15,"1":15,"2":15,"3":15,"4":15,"5":15,"6":15,"7":15,"8":15,"9":15,"10":15,"11":15,"12":147,"13":147,"14":147,"15":147,"16":147,"17":147,"18":147,"19":147,"20":147,"21":147,"22":147,"23":147,"24":147,"25":148,"26":2,"27":2,"28":148,"29":3,"30":2,"31":2,"32":2,"33":2,"34":2,"35":0,"36":2,"37":0,"38":2,"39":0,"40":2,"41":0,"42":0,"43":0,"44":0,"45":0,"46":0,"47":0,"48":0,"49":0,"50":0,"51":0,"52":0,"53":0,"54":0,"55":0,"56":0,"57":0,"58":0,"59":0,"60":0,"61":0,"62":0,"63":0,"64":0,"65":0,"66":0,"67":0,"68":0,"69":0,"70":0,"71":0,"72":0,"73":0,"74":0,"75":0,"76":0,"77":0,"78":0,"79":0,"80":0,"81":0,"82":0,"83":0,"84":0,"85":0,"86":0,"87":0,"88":0,"89":0,"90":0,"91":0,"92":0,"93":0,"94":0,"95":0,"96":0,"97":0,"98":0,"99":0,"100":0,"101":0,"102":0,"103":0,"104":0,"105":0,"106":0,"107":0,"108":0,"109":0,"110":0,"111":0,"112":3,"113":3,"114":3,"115":3,"116":3,"117":3,"118":3,"119":0,"120":3,"121":3,"122":15},"f":{"0":147,"1":148,"2":2,"3":2,"4":3,"5":2,"6":0,"7":0,"8":0,"9":0,"10":0,"11":0,"12":0,"13":0,"14":0,"15":0,"16":0,"17":0,"18":0,"19":0,"20":3,"21":3,"22":3},"b":{"0":[2],"1":[0],"2":[0],"3":[0],"4":[0],"5":[0],"6":[0],"7":[0,0],"8":[0,0],"9":[0],"10":[0],"11":[0],"12":[0],"13":[0],"14":[0],"15":[0],"16":[0,0],"17":[0,0],"18":[0],"19":[0,0],"20":[0,0,0],"21":[0,0],"22":[0],"23":[0,3]}}
,"C:\\Users\\enkgp\\Desktop\\werewolf_app\\src\\classes\\GuardManager.ts": {"path":"C:\\Users\\enkgp\\Desktop\\werewolf_app\\src\\classes\\GuardManager.ts","statementMap":{"0":{"start":{"line":1,"column":0},"end":{"line":1,"column":32}},"1":{"start":{"line":4,"column":0},"end":{"line":4,"column":41}},"2":{"start":{"line":5,"column":0},"end":{"line":5,"column":47}},"3":{"start":{"line":13,"column":9},"end":{"line":13,"column":44}},"4":{"start":{"line":16,"column":9},"end":{"line":16,"column":42}},"5":{"start":{"line":19,"column":4},"end":{"line":19,"column":37}},"6":{"start":{"line":20,"column":4},"end":{"line":20,"column":39}},"7":{"start":{"line":24,"column":29},"end":{"line":24,"column":46}},"8":{"start":{"line":25,"column":19},"end":{"line":25,"column":55}},"9":{"start":{"line":26,"column":19},"end":{"line":26,"column":55}},"10":{"start":{"line":28,"column":4},"end":{"line":35,"column":55}},"11":{"start":{"line":35,"column":6},"end":{"line":35,"column":55}},"12":{"start":{"line":37,"column":4},"end":{"line":37,"column":33}},"13":{"start":{"line":41,"column":27},"end":{"line":41,"column":44}},"14":{"start":{"line":43,"column":26},"end":{"line":43,"column":74}},"15":{"start":{"line":44,"column":4},"end":{"line":44,"column":50}},"16":{"start":{"line":46,"column":4},"end":{"line":46,"column":29}},"17":{"start":{"line":48,"column":4},"end":{"line":48,"column":44}},"18":{"start":{"line":52,"column":20},"end":{"line":52,"column":46}},"19":{"start":{"line":53,"column":25},"end":{"line":55,"column":33}},"20":{"start":{"line":54,"column":24},"end":{"line":54,"column":73}},"21":{"start":{"line":55,"column":21},"end":{"line":55,"column":32}},"22":{"start":{"line":57,"column":4},"end":{"line":57,"column":33}},"23":{"start":{"line":61,"column":29},"end":{"line":61,"column":46}},"24":{"start":{"line":62,"column":19},"end":{"line":62,"column":53}},"25":{"start":{"line":64,"column":4},"end":{"line":66,"column":5}},"26":{"start":{"line":65,"column":6},"end":{"line":65,"column":65}},"27":{"start":{"line":68,"column":4},"end":{"line":68,"column":29}},"28":{"start":{"line":12,"column":0},"end":{"line":12,"column":21}}},"fnMap":{"0":{"name":"(anonymous_1)","decl":{"start":{"line":18,"column":2},"end":{"line":18,"column":14}},"loc":{"start":{"line":18,"column":70},"end":{"line":21,"column":3}}},"1":{"name":"(anonymous_2)","decl":{"start":{"line":23,"column":2},"end":{"line":23,"column":21}},"loc":{"start":{"line":23,"column":56},"end":{"line":38,"column":3}}},"2":{"name":"(anonymous_3)","decl":{"start":{"line":40,"column":2},"end":{"line":40,"column":7}},"loc":{"start":{"line":40,"column":30},"end":{"line":49,"column":3}}},"3":{"name":"(anonymous_4)","decl":{"start":{"line":51,"column":2},"end":{"line":51,"column":22}},"loc":{"start":{"line":51,"column":22},"end":{"line":58,"column":3}}},"4":{"name":"(anonymous_5)","decl":{"start":{"line":54,"column":14},"end":{"line":54,"column":15}},"loc":{"start":{"line":54,"column":24},"end":{"line":54,"column":73}}},"5":{"name":"(anonymous_6)","decl":{"start":{"line":55,"column":11},"end":{"line":55,"column":12}},"loc":{"start":{"line":55,"column":21},"end":{"line":55,"column":32}}},"6":{"name":"(anonymous_7)","decl":{"start":{"line":60,"column":2},"end":{"line":60,"column":17}},"loc":{"start":{"line":60,"column":32},"end":{"line":69,"column":3}}}},"branchMap":{"0":{"loc":{"start":{"line":28,"column":4},"end":{"line":35,"column":55}},"type":"if","locations":[{"start":{"line":28,"column":4},"end":{"line":35,"column":55}}]},"1":{"loc":{"start":{"line":29,"column":6},"end":{"line":33,"column":30}},"type":"binary-expr","locations":[{"start":{"line":29,"column":6},"end":{"line":29,"column":30}},{"start":{"line":30,"column":6},"end":{"line":30,"column":32}},{"start":{"line":31,"column":6},"end":{"line":31,"column":30}},{"start":{"line":32,"column":6},"end":{"line":32,"column":32}},{"start":{"line":33,"column":6},"end":{"line":33,"column":30}}]},"2":{"loc":{"start":{"line":30,"column":6},"end":{"line":30,"column":20}},"type":"cond-expr","locations":[{"start":{"line":30,"column":12},"end":{"line":30,"column":14}},{"start":{"line":30,"column":6},"end":{"line":30,"column":20}}]},"3":{"loc":{"start":{"line":30,"column":6},"end":{"line":30,"column":14}},"type":"binary-expr","locations":[{"start":{"line":30,"column":6},"end":{"line":30,"column":14}},{"start":{"line":30,"column":6},"end":{"line":30,"column":14}}]},"4":{"loc":{"start":{"line":32,"column":6},"end":{"line":32,"column":20}},"type":"cond-expr","locations":[{"start":{"line":32,"column":12},"end":{"line":32,"column":14}},{"start":{"line":32,"column":6},"end":{"line":32,"column":20}}]},"5":{"loc":{"start":{"line":32,"column":6},"end":{"line":32,"column":14}},"type":"binary-expr","locations":[{"start":{"line":32,"column":6},"end":{"line":32,"column":14}},{"start":{"line":32,"column":6},"end":{"line":32,"column":14}}]},"6":{"loc":{"start":{"line":43,"column":26},"end":{"line":43,"column":74}},"type":"binary-expr","locations":[{"start":{"line":43,"column":26},"end":{"line":43,"column":43}},{"start":{"line":43,"column":47},"end":{"line":43,"column":74}}]},"7":{"loc":{"start":{"line":54,"column":24},"end":{"line":54,"column":73}},"type":"binary-expr","locations":[{"start":{"line":54,"column":24},"end":{"line":54,"column":47}},{"start":{"line":54,"column":51},"end":{"line":54,"column":73}}]},"8":{"loc":{"start":{"line":64,"column":4},"end":{"line":66,"column":5}},"type":"if","locations":[{"start":{"line":64,"column":4},"end":{"line":66,"column":5}}]},"9":{"loc":{"start":{"line":64,"column":8},"end":{"line":64,"column":59}},"type":"binary-expr","locations":[{"start":{"line":64,"column":8},"end":{"line":64,"column":33}},{"start":{"line":64,"column":37},"end":{"line":64,"column":59}}]},"10":{"loc":{"start":{"line":64,"column":8},"end":{"line":64,"column":20}},"type":"cond-expr","locations":[{"start":{"line":64,"column":14},"end":{"line":64,"column":16}},{"start":{"line":64,"column":8},"end":{"line":64,"column":20}}]},"11":{"loc":{"start":{"line":64,"column":8},"end":{"line":64,"column":16}},"type":"binary-expr","locations":[{"start":{"line":64,"column":8},"end":{"line":64,"column":16}},{"start":{"line":64,"column":8},"end":{"line":64,"column":16}}]}},"s":{"0":15,"1":15,"2":15,"3":147,"4":147,"5":147,"6":147,"7":8,"8":8,"9":8,"10":8,"11":6,"12":2,"13":2,"14":2,"15":2,"16":2,"17":2,"18":10,"19":10,"20":100,"21":40,"22":10,"23":4,"24":4,"25":4,"26":2,"27":2,"28":15},"f":{"0":147,"1":8,"2":2,"3":10,"4":100,"5":40,"6":4},"b":{"0":[6],"1":[8,6,5,4,3],"2":[0,6],"3":[6,6],"4":[0,4],"5":[4,4],"6":[2,0],"7":[100,50],"8":[2],"9":[4,3],"10":[0,4],"11":[4,4]}}
,"C:\\Users\\enkgp\\Desktop\\werewolf_app\\src\\classes\\MediumManager.ts": {"path":"C:\\Users\\enkgp\\Desktop\\werewolf_app\\src\\classes\\MediumManager.ts","statementMap":{"0":{"start":{"line":3,"column":0},"end":{"line":3,"column":41}},"1":{"start":{"line":4,"column":0},"end":{"line":4,"column":47}},"2":{"start":{"line":14,"column":9},"end":{"line":14,"column":42}},"3":{"start":{"line":17,"column":4},"end":{"line":17,"column":37}},"4":{"start":{"line":18,"column":4},"end":{"line":18,"column":39}},"5":{"start":{"line":22,"column":27},"end":{"line":22,"column":44}},"6":{"start":{"line":24,"column":19},"end":{"line":24,"column":55}},"7":{"start":{"line":26,"column":4},"end":{"line":28,"column":6}},"8":{"start":{"line":32,"column":29},"end":{"line":32,"column":46}},"9":{"start":{"line":33,"column":19},"end":{"line":33,"column":53}},"10":{"start":{"line":35,"column":4},"end":{"line":37,"column":5}},"11":{"start":{"line":36,"column":6},"end":{"line":36,"column":65}},"12":{"start":{"line":39,"column":4},"end":{"line":39,"column":29}},"13":{"start":{"line":11,"column":0},"end":{"line":11,"column":21}}},"fnMap":{"0":{"name":"(anonymous_1)","decl":{"start":{"line":16,"column":2},"end":{"line":16,"column":14}},"loc":{"start":{"line":16,"column":70},"end":{"line":19,"column":3}}},"1":{"name":"(anonymous_2)","decl":{"start":{"line":21,"column":2},"end":{"line":21,"column":8}},"loc":{"start":{"line":21,"column":25},"end":{"line":29,"column":3}}},"2":{"name":"(anonymous_3)","decl":{"start":{"line":31,"column":2},"end":{"line":31,"column":17}},"loc":{"start":{"line":31,"column":32},"end":{"line":40,"column":3}}}},"branchMap":{"0":{"loc":{"start":{"line":27,"column":18},"end":{"line":27,"column":73}},"type":"cond-expr","locations":[{"start":{"line":27,"column":47},"end":{"line":27,"column":58}},{"start":{"line":27,"column":61},"end":{"line":27,"column":73}}]},"1":{"loc":{"start":{"line":35,"column":4},"end":{"line":37,"column":5}},"type":"if","locations":[{"start":{"line":35,"column":4},"end":{"line":37,"column":5}}]},"2":{"loc":{"start":{"line":35,"column":8},"end":{"line":35,"column":59}},"type":"binary-expr","locations":[{"start":{"line":35,"column":8},"end":{"line":35,"column":33}},{"start":{"line":35,"column":37},"end":{"line":35,"column":59}}]},"3":{"loc":{"start":{"line":35,"column":8},"end":{"line":35,"column":20}},"type":"cond-expr","locations":[{"start":{"line":35,"column":14},"end":{"line":35,"column":16}},{"start":{"line":35,"column":8},"end":{"line":35,"column":20}}]},"4":{"loc":{"start":{"line":35,"column":8},"end":{"line":35,"column":16}},"type":"binary-expr","locations":[{"start":{"line":35,"column":8},"end":{"line":35,"column":16}},{"start":{"line":35,"column":8},"end":{"line":35,"column":16}}]}},"s":{"0":15,"1":15,"2":147,"3":147,"4":147,"5":3,"6":3,"7":3,"8":4,"9":4,"10":4,"11":2,"12":2,"13":15},"f":{"0":147,"1":3,"2":4},"b":{"0":[2,1],"1":[2],"2":[4,2],"3":[0,4],"4":[4,4]}}
,"C:\\Users\\enkgp\\Desktop\\werewolf_app\\src\\classes\\PhaseManager.ts": {"path":"C:\\Users\\enkgp\\Desktop\\werewolf_app\\src\\classes\\PhaseManager.ts","statementMap":{"0":{"start":{"line":11,"column":2},"end":{"line":16,"column":4}},"1":{"start":{"line":18,"column":9},"end":{"line":18,"column":32}},"2":{"start":{"line":19,"column":9},"end":{"line":19,"column":44}},"3":{"start":{"line":23,"column":9},"end":{"line":23,"column":62}},"4":{"start":{"line":26,"column":4},"end":{"line":26,"column":32}},"5":{"start":{"line":27,"column":4},"end":{"line":27,"column":25}},"6":{"start":{"line":28,"column":4},"end":{"line":28,"column":37}},"7":{"start":{"line":29,"column":4},"end":{"line":29,"column":27}},"8":{"start":{"line":30,"column":4},"end":{"line":30,"column":22}},"9":{"start":{"line":34,"column":4},"end":{"line":38,"column":7}},"10":{"start":{"line":35,"column":6},"end":{"line":35,"column":23}},"11":{"start":{"line":36,"column":6},"end":{"line":36,"column":46}},"12":{"start":{"line":37,"column":6},"end":{"line":37,"column":24}},"13":{"start":{"line":42,"column":18},"end":{"line":42,"column":60}},"14":{"start":{"line":43,"column":4},"end":{"line":46,"column":6}},"15":{"start":{"line":44,"column":12},"end":{"line":44,"column":46}},"16":{"start":{"line":50,"column":4},"end":{"line":50,"column":32}},"17":{"start":{"line":52,"column":4},"end":{"line":56,"column":5}},"18":{"start":{"line":53,"column":6},"end":{"line":55,"column":8}},"19":{"start":{"line":58,"column":4},"end":{"line":60,"column":5}},"20":{"start":{"line":59,"column":6},"end":{"line":59,"column":46}},"21":{"start":{"line":62,"column":4},"end":{"line":67,"column":5}},"22":{"start":{"line":63,"column":6},"end":{"line":63,"column":34}},"23":{"start":{"line":65,"column":6},"end":{"line":65,"column":44}},"24":{"start":{"line":66,"column":6},"end":{"line":66,"column":32}},"25":{"start":{"line":10,"column":0},"end":{"line":10,"column":21}}},"fnMap":{"0":{"name":"(anonymous_0)","decl":{"start":{"line":25,"column":2},"end":{"line":25,"column":14}},"loc":{"start":{"line":25,"column":57},"end":{"line":31,"column":3}}},"1":{"name":"(anonymous_1)","decl":{"start":{"line":33,"column":2},"end":{"line":33,"column":17}},"loc":{"start":{"line":33,"column":17},"end":{"line":39,"column":3}}},"2":{"name":"(anonymous_2)","decl":{"start":{"line":34,"column":45},"end":{"line":34,"column":48}},"loc":{"start":{"line":34,"column":50},"end":{"line":38,"column":5}}},"3":{"name":"(anonymous_3)","decl":{"start":{"line":41,"column":2},"end":{"line":41,"column":12}},"loc":{"start":{"line":41,"column":12},"end":{"line":47,"column":3}}},"4":{"name":"(anonymous_4)","decl":{"start":{"line":44,"column":6},"end":{"line":44,"column":9}},"loc":{"start":{"line":44,"column":12},"end":{"line":44,"column":46}}},"5":{"name":"(anonymous_5)","decl":{"start":{"line":49,"column":2},"end":{"line":49,"column":11}},"loc":{"start":{"line":49,"column":11},"end":{"line":68,"column":3}}}},"branchMap":{"0":{"loc":{"start":{"line":52,"column":4},"end":{"line":56,"column":5}},"type":"if","locations":[{"start":{"line":52,"column":4},"end":{"line":56,"column":5}}]},"1":{"loc":{"start":{"line":58,"column":4},"end":{"line":60,"column":5}},"type":"if","locations":[{"start":{"line":58,"column":4},"end":{"line":60,"column":5}}]},"2":{"loc":{"start":{"line":62,"column":4},"end":{"line":67,"column":5}},"type":"if","locations":[{"start":{"line":62,"column":4},"end":{"line":67,"column":5}},{"start":{"line":64,"column":11},"end":{"line":67,"column":5}}]}},"s":{"0":147,"1":147,"2":147,"3":147,"4":147,"5":147,"6":147,"7":147,"8":147,"9":148,"10":3,"11":3,"12":3,"13":150,"14":150,"15":2,"16":39,"17":39,"18":1,"19":38,"20":1,"21":37,"22":12,"23":25,"24":25,"25":15},"f":{"0":147,"1":148,"2":3,"3":150,"4":2,"5":39},"b":{"0":[1],"1":[1],"2":[12,25]}}
,"C:\\Users\\enkgp\\Desktop\\werewolf_app\\src\\classes\\PlayerManager.ts": {"path":"C:\\Users\\enkgp\\Desktop\\werewolf_app\\src\\classes\\PlayerManager.ts","statementMap":{"0":{"start":{"line":1,"column":0},"end":{"line":1,"column":56}},"1":{"start":{"line":2,"column":0},"end":{"line":2,"column":47}},"2":{"start":{"line":3,"column":0},"end":{"line":3,"column":51}},"3":{"start":{"line":4,"column":0},"end":{"line":4,"column":41}},"4":{"start":{"line":5,"column":0},"end":{"line":5,"column":47}},"5":{"start":{"line":23,"column":9},"end":{"line":25,"column":9}},"6":{"start":{"line":28,"column":4},"end":{"line":28,"column":25}},"7":{"start":{"line":29,"column":4},"end":{"line":29,"column":27}},"8":{"start":{"line":33,"column":18},"end":{"line":33,"column":42}},"9":{"start":{"line":34,"column":26},"end":{"line":34,"column":40}},"10":{"start":{"line":36,"column":4},"end":{"line":46,"column":7}},"11":{"start":{"line":37,"column":35},"end":{"line":37,"column":39}},"12":{"start":{"line":38,"column":19},"end":{"line":38,"column":41}},"13":{"start":{"line":40,"column":6},"end":{"line":45,"column":8}},"14":{"start":{"line":50,"column":19},"end":{"line":50,"column":30}},"15":{"start":{"line":51,"column":18},"end":{"line":55,"column":7}},"16":{"start":{"line":51,"column":61},"end":{"line":55,"column":6}},"17":{"start":{"line":57,"column":4},"end":{"line":62,"column":5}},"18":{"start":{"line":58,"column":6},"end":{"line":58,"column":39}},"19":{"start":{"line":60,"column":6},"end":{"line":60,"column":57}},"20":{"start":{"line":61,"column":6},"end":{"line":61,"column":18}},"21":{"start":{"line":66,"column":19},"end":{"line":66,"column":39}},"22":{"start":{"line":67,"column":4},"end":{"line":67,"column":27}},"23":{"start":{"line":73,"column":19},"end":{"line":73,"column":39}},"24":{"start":{"line":74,"column":4},"end":{"line":74,"column":67}},"25":{"start":{"line":74,"column":17},"end":{"line":74,"column":67}},"26":{"start":{"line":83,"column":8},"end":{"line":86,"column":6}},"27":{"start":{"line":89,"column":4},"end":{"line":93,"column":5}},"28":{"start":{"line":90,"column":6},"end":{"line":92,"column":36}},"29":{"start":{"line":91,"column":26},"end":{"line":91,"column":51}},"30":{"start":{"line":92,"column":23},"end":{"line":92,"column":34}},"31":{"start":{"line":95,"column":4},"end":{"line":99,"column":5}},"32":{"start":{"line":96,"column":6},"end":{"line":98,"column":36}},"33":{"start":{"line":97,"column":26},"end":{"line":97,"column":50}},"34":{"start":{"line":98,"column":23},"end":{"line":98,"column":34}},"35":{"start":{"line":101,"column":4},"end":{"line":108,"column":5}},"36":{"start":{"line":102,"column":22},"end":{"line":102,"column":49}},"37":{"start":{"line":104,"column":6},"end":{"line":104,"column":76}},"38":{"start":{"line":104,"column":47},"end":{"line":104,"column":66}},"39":{"start":{"line":105,"column":6},"end":{"line":107,"column":36}},"40":{"start":{"line":106,"column":26},"end":{"line":106,"column":52}},"41":{"start":{"line":107,"column":23},"end":{"line":107,"column":34}},"42":{"start":{"line":110,"column":4},"end":{"line":110,"column":23}},"43":{"start":{"line":114,"column":19},"end":{"line":115,"column":null}},"44":{"start":{"line":115,"column":16},"end":{"line":115,"column":34}},"45":{"start":{"line":118,"column":4},"end":{"line":118,"column":69}},"46":{"start":{"line":118,"column":17},"end":{"line":118,"column":69}},"47":{"start":{"line":120,"column":4},"end":{"line":120,"column":18}},"48":{"start":{"line":124,"column":4},"end":{"line":126,"column":6}},"49":{"start":{"line":125,"column":16},"end":{"line":125,"column":69}},"50":{"start":{"line":130,"column":4},"end":{"line":132,"column":6}},"51":{"start":{"line":131,"column":16},"end":{"line":131,"column":39}},"52":{"start":{"line":136,"column":20},"end":{"line":136,"column":77}},"53":{"start":{"line":136,"column":54},"end":{"line":136,"column":76}},"54":{"start":{"line":138,"column":4},"end":{"line":138,"column":19}},"55":{"start":{"line":142,"column":20},"end":{"line":143,"column":null}},"56":{"start":{"line":143,"column":6},"end":{"line":143,"column":38}},"57":{"start":{"line":146,"column":4},"end":{"line":146,"column":19}},"58":{"start":{"line":21,"column":0},"end":{"line":21,"column":21}}},"fnMap":{"0":{"name":"(anonymous_8)","decl":{"start":{"line":27,"column":2},"end":{"line":27,"column":14}},"loc":{"start":{"line":27,"column":44},"end":{"line":30,"column":3}}},"1":{"name":"(anonymous_9)","decl":{"start":{"line":32,"column":2},"end":{"line":32,"column":12}},"loc":{"start":{"line":32,"column":27},"end":{"line":47,"column":3}}},"2":{"name":"(anonymous_10)","decl":{"start":{"line":36,"column":18},"end":{"line":36,"column":19}},"loc":{"start":{"line":36,"column":27},"end":{"line":46,"column":5}}},"3":{"name":"(anonymous_11)","decl":{"start":{"line":49,"column":8},"end":{"line":49,"column":27}},"loc":{"start":{"line":49,"column":27},"end":{"line":63,"column":null}}},"4":{"name":"(anonymous_13)","decl":{"start":{"line":51,"column":50},"end":{"line":51,"column":51}},"loc":{"start":{"line":51,"column":61},"end":{"line":55,"column":6}}},"5":{"name":"(anonymous_14)","decl":{"start":{"line":65,"column":2},"end":{"line":65,"column":6}},"loc":{"start":{"line":65,"column":21},"end":{"line":70,"column":3}}},"6":{"name":"(anonymous_15)","decl":{"start":{"line":72,"column":2},"end":{"line":72,"column":16}},"loc":{"start":{"line":72,"column":31},"end":{"line":111,"column":3}}},"7":{"name":"(anonymous_16)","decl":{"start":{"line":91,"column":16},"end":{"line":91,"column":17}},"loc":{"start":{"line":91,"column":26},"end":{"line":91,"column":51}}},"8":{"name":"(anonymous_17)","decl":{"start":{"line":92,"column":13},"end":{"line":92,"column":14}},"loc":{"start":{"line":92,"column":23},"end":{"line":92,"column":34}}},"9":{"name":"(anonymous_18)","decl":{"start":{"line":97,"column":16},"end":{"line":97,"column":17}},"loc":{"start":{"line":97,"column":26},"end":{"line":97,"column":50}}},"10":{"name":"(anonymous_19)","decl":{"start":{"line":98,"column":13},"end":{"line":98,"column":14}},"loc":{"start":{"line":98,"column":23},"end":{"line":98,"column":34}}},"11":{"name":"(anonymous_20)","decl":{"start":{"line":104,"column":37},"end":{"line":104,"column":38}},"loc":{"start":{"line":104,"column":47},"end":{"line":104,"column":66}}},"12":{"name":"(anonymous_21)","decl":{"start":{"line":106,"column":16},"end":{"line":106,"column":17}},"loc":{"start":{"line":106,"column":26},"end":{"line":106,"column":52}}},"13":{"name":"(anonymous_22)","decl":{"start":{"line":107,"column":13},"end":{"line":107,"column":14}},"loc":{"start":{"line":107,"column":23},"end":{"line":107,"column":34}}},"14":{"name":"(anonymous_23)","decl":{"start":{"line":113,"column":2},"end":{"line":113,"column":18}},"loc":{"start":{"line":113,"column":29},"end":{"line":121,"column":3}}},"15":{"name":"(anonymous_24)","decl":{"start":{"line":115,"column":6},"end":{"line":115,"column":7}},"loc":{"start":{"line":115,"column":16},"end":{"line":115,"column":34}}},"16":{"name":"(anonymous_25)","decl":{"start":{"line":123,"column":2},"end":{"line":123,"column":16}},"loc":{"start":{"line":123,"column":16},"end":{"line":127,"column":3}}},"17":{"name":"(anonymous_26)","decl":{"start":{"line":125,"column":6},"end":{"line":125,"column":7}},"loc":{"start":{"line":125,"column":16},"end":{"line":125,"column":69}}},"18":{"name":"(anonymous_27)","decl":{"start":{"line":129,"column":2},"end":{"line":129,"column":18}},"loc":{"start":{"line":129,"column":18},"end":{"line":133,"column":3}}},"19":{"name":"(anonymous_28)","decl":{"start":{"line":131,"column":6},"end":{"line":131,"column":7}},"loc":{"start":{"line":131,"column":16},"end":{"line":131,"column":39}}},"20":{"name":"(anonymous_29)","decl":{"start":{"line":135,"column":2},"end":{"line":135,"column":20}},"loc":{"start":{"line":135,"column":20},"end":{"line":139,"column":3}}},"21":{"name":"(anonymous_30)","decl":{"start":{"line":136,"column":44},"end":{"line":136,"column":45}},"loc":{"start":{"line":136,"column":54},"end":{"line":136,"column":76}}},"22":{"name":"(anonymous_31)","decl":{"start":{"line":141,"column":2},"end":{"line":141,"column":23}},"loc":{"start":{"line":141,"column":23},"end":{"line":147,"column":3}}},"23":{"name":"(anonymous_32)","decl":{"start":{"line":142,"column":44},"end":{"line":142,"column":45}},"loc":{"start":{"line":143,"column":6},"end":{"line":143,"column":38}}}},"branchMap":{"0":{"loc":{"start":{"line":74,"column":4},"end":{"line":74,"column":67}},"type":"if","locations":[{"start":{"line":74,"column":4},"end":{"line":74,"column":67}}]
[...]
,"C:\\Users\\enkgp\\Desktop\\werewolf_app\\src\\routes\\channelRoutes.ts": {"path":"C:\\Users\\enkgp\\Desktop\\werewolf_app\\src\\routes\\channelRoutes.ts","statementMap":{"0":{"start":{"line":1,"column":0},"end":{"line":1,"column":30}},"1":{"start":{"line":2,"column":0},"end":{"line":2,"column":48}},"2":{"start":{"line":4,"column":0},"end":{"line":4,"column":48}},"3":{"start":{"line":5,"column":0},"end":{"line":5,"column":60}},"4":{"start":{"line":6,"column":0},"end":{"line":6,"column":null}},"5":{"start":{"line":13,"column":0},"end":{"line":13,"column":44}},"6":{"start":{"line":15,"column":26},"end":{"line":17,"column":45}},"7":{"start":{"line":19,"column":36},"end":{"line":25,"column":11}},"8":{"start":{"line":27,"column":36},"end":{"line":33,"column":11}},"9":{"start":{"line":35,"column":43},"end":{"line":41,"column":11}},"10":{"start":{"line":43,"column":43},"end":{"line":49,"column":11}},"11":{"start":{"line":51,"column":32},"end":{"line":54,"column":14}},"12":{"start":{"line":56,"column":25},"end":{"line":61,"column":42}},"13":{"start":{"line":63,"column":27},"end":{"line":66,"column":14}},"14":{"start":{"line":68,"column":15},"end":{"line":68,"column":31}},"15":{"start":{"line":70,"column":0},"end":{"line":70,"column":20}},"16":{"start":{"line":72,"column":0},"end":{"line":72,"column":36}},"17":{"start":{"line":74,"column":0},"end":{"line":85,"column":2}},"18":{"start":{"line":87,"column":0},"end":{"line":99,"column":2}},"19":{"start":{"line":101,"column":0},"end":{"line":106,"column":2}},"20":{"start":{"line":108,"column":0},"end":{"line":113,"column":2}},"21":{"start":{"line":115,"column":0},"end":{"line":115,"column":22}}},"fnMap":{},"branchMap":{},"s":{"0":8,"1":8,"2":8,"3":8,"4":8,"5":8,"6":8,"7":8,"8":8,"9":8,"10":8,"11":8,"12":8,"13":8,"14":8,"15":8,"16":8,"17":8,"18":8,"19":8,"20":8,"21":8},"f":{},"b":{}}
,"C:\\Users\\enkgp\\Desktop\\werewolf_app\\src\\routes\\gameRoutes.ts": {"path":"C:\\Users\\enkgp\\Desktop\\werewolf_app\\src\\routes\\gameRoutes.ts","statementMap":{"0":{"start":{"line":1,"column":0},"end":{"line":1,"column":30}},"1":{"start":{"line":2,"column":0},"end":{"line":2,"column":48}},"2":{"start":{"line":3,"column":0},"end":{"line":3,"column":48}},"3":{"start":{"line":4,"column":0},"end":{"line":4,"column":60}},"4":{"start":{"line":5,"column":0},"end":{"line":5,"column":null}},"5":{"start":{"line":9,"column":0},"end":{"line":9,"column":44}},"6":{"start":{"line":11,"column":23},"end":{"line":13,"column":42}},"7":{"start":{"line":15,"column":29},"end":{"line":17,"column":48}},"8":{"start":{"line":19,"column":15},"end":{"line":19,"column":31}},"9":{"start":{"line":21,"column":17},"end":{"line":28,"column":1}},"10":{"start":{"line":22,"column":2},"end":{"line":27,"column":4}},"11":{"start":{"line":30,"column":18},"end":{"line":37,"column":1}},"12":{"start":{"line":31,"column":2},"end":{"line":36,"column":4}},"13":{"start":{"line":39,"column":0},"end":{"line":39,"column":20}},"14":{"start":{"line":41,"column":0},"end":{"line":41,"column":73}},"15":{"start":{"line":42,"column":0},"end":{"line":42,"column":41}},"16":{"start":{"line":43,"column":0},"end":{"line":43,"column":27}},"17":{"start":{"line":44,"column":0},"end":{"line":44,"column":38}},"18":{"start":{"line":45,"column":0},"end":{"line":45,"column":36}},"19":{"start":{"line":46,"column":0},"end":{"line":46,"column":38}},"20":{"start":{"line":47,"column":0},"end":{"line":47,"column":41}},"21":{"start":{"line":48,"column":0},"end":{"line":48,"column":43}},"22":{"start":{"line":49,"column":0},"end":{"line":49,"column":43}},"23":{"start":{"line":50,"column":0},"end":{"line":50,"column":43}},"24":{"start":{"line":51,"column":0},"end":{"line":51,"column":45}},"25":{"start":{"line":53,"column":0},"end":{"line":53,"column":22}}},"fnMap":{"0":{"name":"(anonymous_1)","decl":{"start":{"line":21,"column":17},"end":{"line":21,"column":18}},"loc":{"start":{"line":21,"column":54},"end":{"line":28,"column":1}}},"1":{"name":"(anonymous_2)","decl":{"start":{"line":30,"column":18},"end":{"line":30,"column":19}},"loc":{"start":{"line":30,"column":55},"end":{"line":37,"column":1}}}},"branchMap":{},"s":{"0":8,"1":8,"2":8,"3":8,"4":8,"5":8,"6":8,"7":8,"8":8,"9":8,"10":48,"11":8,"12":32,"13":8,"14":8,"15":8,"16":8,"17":8,"18":8,"19":8,"20":8,"21":8,"22":8,"23":8,"24":8,"25":8},"f":{"0":48,"1":32},"b":{}}
,"C:\\Users\\enkgp\\Desktop\\werewolf_app\\src\\routes\\messageRoutes.ts": {"path":"C:\\Users\\enkgp\\Desktop\\werewolf_app\\src\\routes\\messageRoutes.ts","statementMap":{"0":{"start":{"line":1,"column":0},"end":{"line":1,"column":30}},"1":{"start":{"line":2,"column":0},"end":{"line":2,"column":55}},"2":{"start":{"line":4,"column":0},"end":{"line":4,"column":48}},"3":{"start":{"line":5,"column":0},"end":{"line":5,"column":60}},"4":{"start":{"line":6,"column":0},"end":{"line":6,"column":null}},"5":{"start":{"line":10,"column":0},"end":{"line":10,"column":44}},"6":{"start":{"line":12,"column":26},"end":{"line":14,"column":45}},"7":{"start":{"line":16,"column":26},"end":{"line":19,"column":45}},"8":{"start":{"line":21,"column":24},"end":{"line":26,"column":11}},"9":{"start":{"line":28,"column":15},"end":{"line":28,"column":31}},"10":{"start":{"line":30,"column":0},"end":{"line":30,"column":20}},"11":{"start":{"line":32,"column":0},"end":{"line":37,"column":2}},"12":{"start":{"line":39,"column":0},"end":{"line":44,"column":2}},"13":{"start":{"line":46,"column":0},"end":{"line":46,"column":22}}},"fnMap":{},"branchMap":{},"s":{"0":8,"1":8,"2":8,"3":8,"4":8,"5":8,"6":8,"7":8,"8":8,"9":8,"10":8,"11":8,"12":8,"13":8},"f":{},"b":{}}
,"C:\\Users\\enkgp\\Desktop\\werewolf_app\\src\\routes\\spectateRoutes.ts": {"path":"C:\\Users\\enkgp\\Desktop\\werewolf_app\\src\\routes\\spectateRoutes.ts","statementMap":{"0":{"start":{"line":1,"column":0},"end":{"line":1,"column":30}},"1":{"start":{"line":2,"column":0},"end":{"line":2,"column":42}},"2":{"start":{"line":4,"column":0},"end":{"line":4,"column":48}},"3":{"start":{"line":5,"column":0},"end":{"line":5,"column":60}},"4":{"start":{"line":6,"column":0},"end":{"line":6,"column":75}},"5":{"start":{"line":7,"column":0},"end":{"line":7,"column":44}},"6":{"start":{"line":9,"column":26},"end":{"line":11,"column":45}},"7":{"start":{"line":13,"column":15},"end":{"line":13,"column":31}},"8":{"start":{"line":15,"column":0},"end":{"line":15,"column":20}},"9":{"start":{"line":17,"column":0},"end":{"line":17,"column":77}},"10":{"start":{"line":19,"column":0},"end":{"line":19,"column":22}}},"fnMap":{},"branchMap":{},"s":{"0":8,"1":8,"2":8,"3":8,"4":8,"5":8,"6":8,"7":8,"8":8,"9":8,"10":8},"f":{},"b":{}}
,"C:\\Users\\enkgp\\Desktop\\werewolf_app\\src\\routes\\userRoutes.ts": {"path":"C:\\Users\\enkgp\\Desktop\\werewolf_app\\src\\routes\\userRoutes.ts","statementMap":{"0":{"start":{"line":1,"column":0},"end":{"line":1,"column":30}},"1":{"start":{"line":2,"column":0},"end":{"line":2,"column":41}},"2":{"start":{"line":4,"column":0},"end":{"line":4,"column":48}},"3":{"start":{"line":5,"column":0},"end":{"line":5,"column":60}},"4":{"start":{"line":6,"column":0},"end":{"line":6,"column":null}},"5":{"start":{"line":15,"column":0},"end":{"line":15,"column":44}},"6":{"start":{"line":17,"column":15},"end":{"line":17,"column":31}},"7":{"start":{"line":19,"column":25},"end":{"line":30,"column":1}},"8":{"start":{"line":20,"column":18},"end":{"line":20,"column":41}},"9":{"start":{"line":22,"column":2},"end":{"line":24,"column":3}},"10":{"start":{"line":23,"column":4},"end":{"line":23,"column":37}},"11":{"start":{"line":26,"column":2},"end":{"line":29,"column":14}},"12":{"start":{"line":32,"column":22},"end":{"line":36,"column":19}},"13":{"start":{"line":38,"column":20},"end":{"line":41,"column":38}},"14":{"start":{"line":43,"column":25},"end":{"line":47,"column":44}},"15":{"start":{"line":44,"column":2},"end":{"line":47,"column":44}},"16":{"start":{"line":49,"column":0},"end":{"line":54,"column":2}},"17":{"start":{"line":56,"column":0},"end":{"line":61,"column":2}},"18":{"start":{"line":63,"column":0},"end":{"line":63,"column":35}},"19":{"start":{"line":65,"column":0},"end":{"line":71,"column":2}},"20":{"start":{"line":73,"column":0},"end":{"line":73,"column":41}},"21":{"start":{"line":75,"column":0},"end":{"line":81,"column":2}},"22":{"start":{"line":83,"column":0},"end":{"line":88,"column":2}},"23":{"start":{"line":90,"column":0},"end":{"line":90,"column":22}}},"fnMap":{"0":{"name":"(anonymous_1)","decl":{"start":{"line":19,"column":25},"end":{"line":19,"column":26}},"loc":{"start":{"line":19,"column":49},"end":{"line":30,"column":1}}},"1":{"name":"(anonymous_2)","decl":{"start":{"line":43,"column":25},"end":{"line":43,"column":26}},"loc":{"start":{"line":44,"column":2},"end":{"line":47,"column":44}}}},"branchMap":{"0":{"loc":{"start":{"line":22,"column":2},"end":{"line":24,"column":3}},"type":"if","locations":[{"start":{"line":22,"column":2},"end":{"line":24,"column":3}}]}},"s":{"0":8,"1":8,"2":8,"3":8,"4":8,"5":8,"6":8,"7":8,"8":16,"9":16,"10":8,"11":16,"12":8,"13":8,"14":8,"15":40,"16":8,"17":8,"18":8,"19":8,"20":8,"21":8,"22":8,"23":8},"f":{"0":16,"1":40},"b":{"0":[8]}}
,"C:\\Users\\enkgp\\Desktop\\werewolf_app\\src\\routes\\verifyEmailRoutes.ts": {"path":"C:\\Users\\enkgp\\Desktop\\werewolf_app\\src\\routes\\verifyEmailRoutes.ts","statementMap":{"0":{"start":{"line":1,"column":0},"end":{"line":1,"column":30}},"1":{"start":{"line":2,"column":0},"end":{"line":2,"column":41}},"2":{"start":{"line":3,"column":0},"end":{"line":3,"column":48}},"3":{"start":{"line":5,"column":0},"end":{"line":5,"column":60}},"4":{"start":{"line":6,"column":0},"end":{"line":6,"column":88}},"5":{"start":{"line":7,"column":0},"end":{"line":7,"column":44}},"6":{"start":{"line":9,"column":15},"end":{"line":9,"column":31}},"7":{"start":{"line":11,"column":22},"end":{"line":15,"column":19}},"8":{"start":{"line":17,"column":0},"end":{"line":22,"column":2}},"9":{"start":{"line":24,"column":0},"end":{"line":30,"column":2}},"10":{"start":{"line":32,"column":0},"end":{"line":37,"column":2}},"11":{"start":{"line":39,"column":0},"end":{"line":39,"column":22}}},"fnMap":{},"branchMap":{},"s":{"0":8,"1":8,"2":8,"3":8,"4":8,"5":8,"6":8,"7":8,"8":8,"9":8,"10":8,"11":8},"f":{},"b":{}}
,"C:\\Users\\enkgp\\Desktop\\werewolf_app\\src\\utils\\AppError.ts": {"path":"C:\\Users\\enkgp\\Desktop\\werewolf_app\\src\\utils\\AppError.ts","statementMap":{"0":{"start":{"line":5,"column":4},"end":{"line":5,"column":19}},"1":{"start":{"line":6,"column":4},"end":{"line":6,"column":33}},"2":{"start":{"line":7,"column":4},"end":{"line":7,"column":38}},"3":{"start":{"line":8,"column":4},"end":{"line":8,"column":52}},"4":{"start":{"line":12,"column":0},"end":{"line":12,"column":24}}},"fnMap":{"0":{"name":"(anonymous_0)","decl":{"start":{"line":4,"column":2},"end":{"line":4,"column":14}},"loc":{"start":{"line":4,"column":49},"end":{"line":9,"column":3}}}},"branchMap":{},"s":{"0":211,"1":211,"2":211,"3":211,"4":24},"f":{"0":211},"b":{}}
,"C:\\Users\\enkgp\\Desktop\\werewolf_app\\src\\utils\\checkChannelAdmin.ts": {"path":"C:\\Users\\enkgp\\Desktop\\werewolf_app\\src\\utils\\checkChannelAdmin.ts","statementMap":{"0":{"start":{"line":1,"column":0},"end":{"line":1,"column":45}},"1":{"start":{"line":2,"column":0},"end":{"line":2,"column":41}},"2":{"start":{"line":3,"column":0},"end":{"line":3,"column":44}},"3":{"start":{"line":5,"column":33},"end":{"line":13,"column":2}},"4":{"start":{"line":5,"column":77},"end":{"line":13,"column":2}},"5":{"start":{"line":6,"column":18},"end":{"line":8,"column":11}},"6":{"start":{"line":10,"column":2},"end":{"line":10,"column":66}},"7":{"start":{"line":10,"column":16},"end":{"line":10,"column":66}},"8":{"start":{"line":12,"column":2},"end":{"line":12,"column":52}},"9":{"start":{"line":5,"column":13},"end":{"line":5,"column":33}}},"fnMap":{"0":{"name":"(anonymous_8)","decl":{"start":{"line":5,"column":33},"end":{"line":5,"column":40}},"loc":{"start":{"line":5,"column":77},"end":{"line":13,"column":2}}},"1":{"name":"(anonymous_9)","decl":{"start":{"line":5,"column":77},"end":{"line":5,"column":null}},"loc":{"start":{"line":5,"column":77},"end":{"line":13,"column":1}}}},"branchMap":{"0":{"loc":{"start":{"line":10,"column":2},"end":{"line":10,"column":66}},"type":"if","locations":[{"start":{"line":10,"column":2},"end":{"line":10,"column":66}}]}},"s":{"0":9,"1":9,"2":9,"3":9,"4":29,"5":29,"6":29,"7":5,"8":24,"9":9},"f":{"0":29,"1":29},"b":{"0":[5]}}
,"C:\\Users\\enkgp\\Desktop\\werewolf_app\\src\\utils\\checkUserGuest.ts": {"path":"C:\\Users\\enkgp\\Desktop\\werewolf_app\\src\\utils\\checkUserGuest.ts","statementMap":{"0":{"start":{"line":1,"column":0},"end":{"line":1,"column":39}},"1":{"start":{"line":2,"column":0},"end":{"line":2,"column":41}},"2":{"start":{"line":3,"column":0},"end":{"line":3,"column":44}},"3":{"start":{"line":5,"column":30},"end":{"line":11,"column":2}},"4":{"start":{"line":5,"column":55},"end":{"line":11,"column":2}},"5":{"start":{"line":6,"column":15},"end":{"line":6,"column":67}},"6":{"start":{"line":8,"column":2},"end":{"line":8,"column":60}},"7":{"start":{"line":8,"column":13},"end":{"line":8,"column":60}},"8":{"start":{"line":10,"column":2},"end":{"line":10,"column":22}},"9":{"start":{"line":5,"column":13},"end":{"line":5,"column":30}}},"fnMap":{"0":{"name":"(anonymous_8)","decl":{"start":{"line":5,"column":30},"end":{"line":5,"column":37}},"loc":{"start":{"line":5,"column":55},"end":{"line":11,"column":2}}},"1":{"name":"(anonymous_9)","decl":{"start":{"line":5,"column":55},"end":{"line":5,"column":null}},"loc":{"start":{"line":5,"column":55},"end":{"line":11,"column":1}}}},"branchMap":{"0":{"loc":{"start":{"line":8,"column":2},"end":{"line":8,"column":60}},"type":"if","locations":[{"start":{"line":8,"column":2},"end":{"line":8,"column":60}}]}},"s":{"0":9,"1":9,"2":9,"3":9,"4":9,"5":9,"6":9,"7":1,"8":8,"9":9},"f":{"0":9,"1":9},"b":{"0":[1]}}
,"C:\\Users\\enkgp\\Desktop\\werewolf_app\\src\\utils\\connectDB.ts": {"path":"C:\\Users\\enkgp\\Desktop\\werewolf_app\\src\\utils\\connectDB.ts","statementMap":{"0":{"start":{"line":1,"column":0},"end":{"line":1,"column":32}},"1":{"start":{"line":2,"column":0},"end":{"line":2,"column":46}},"2":{"start":{"line":4,"column":18},"end":{"line":20,"column":2}},"3":{"start":{"line":4,"column":44},"end":{"line":20,"column":2}},"4":{"start":{"line":5,"column":2},"end":{"line":19,"column":3}},"5":{"start":{"line":6,"column":4},"end":{"line":15,"column":5}},"6":{"start":{"line":7,"column":23},"end":{"line":7,"column":44}},"7":{"start":{"line":8,"column":6},"end":{"line":10,"column":7}},"8":{"start":{"line":9,"column":8},"end":{"line":9,"column":50}},"9":{"start":{"line":11,"column":6},"end":{"line":11,"column":39}},"10":{"start":{"line":12,"column":6},"end":{"line":12,"column":44}},"11":{"start":{"line":14,"column":6},"end":{"line":14,"column":44}},"12":{"start":{"line":17,"column":4},"end":{"line":17,"column":72}},"13":{"start":{"line":18,"column":4},"end":{"line":18,"column":20}},"14":{"start":{"line":22,"column":0},"end":{"line":22,"column":25}}},"fnMap":{"0":{"name":"(anonymous_8)","decl":{"start":{"line":4,"column":18},"end":{"line":4,"column":42}},"loc":{"start":{"line":4,"column":44},"end":{"line":20,"column":2}}},"1":{"name":"(anonymous_9)","decl":{"start":{"line":4,"column":44},"end":{"line":4,"column":null}},"loc":{"start":{"line":4,"column":44},"end":{"line":20,"column":1}}}},"branchMap":{"0":{"loc":{"start":{"line":6,"column":4},"end":{"line":15,"column":5}},"type":"if","locations":[{"start":{"line":6,"column":4},"end":{"line":15,"column":5}},{"start":{"line":13,"column":11},"end":{"line":15,"column":5}}]},"1":{"loc":{"start":{"line":8,"column":6},"end":{"line":10,"column":7}},"type":"if","locations":[{"start":{"line":8,"column":6},"end":{"line":10,"column":7}}]},"2":{"loc":{"start":{"line":17,"column":28},"end":{"line":17,"column":68}},"type":"cond-expr","locations":[{"start":{"line":17,"column":51},"end":{"line":17,"column":62}},{"start":{"line":17,"column":65},"end":{"line":17,"column":68}}]}},"s":{"0":8,"1":8,"2":8,"3":8,"4":8,"5":8,"6":0,"7":0,"8":0,"9":0,"10":0,"11":8,"12":0,"13":0,"14":8},"f":{"0":8,"1":8},"b":{"0":[0,8],"1":[0],"2":[0,0]}}
,"C:\\Users\\enkgp\\Desktop\\werewolf_app\\src\\utils\\decodeToken.ts": {"path":"C:\\Users\\enkgp\\Desktop\\werewolf_app\\src\\utils\\decodeToken.ts","statementMap":{"0":{"start":{"line":1,"column":0},"end":{"line":1,"column":47}},"1":{"start":{"line":2,"column":0},"end":{"line":2,"column":34}},"2":{"start":{"line":3,"column":0},"end":{"line":3,"column":44}},"3":{"start":{"line":5,"column":27},"end":{"line":12,"column":1}},"4":{"start":{"line":6,"column":2},"end":{"line":11,"column":3}},"5":{"start":{"line":7,"column":20},"end":{"line":7,"column":62}},"6":{"start":{"line":8,"column":4},"end":{"line":8,"column":33}},"7":{"start":{"line":10,"column":4},"end":{"line":10,"column":50}},"8":{"start":{"line":5,"column":13},"end":{"line":5,"column":27}}},"fnMap":{"0":{"name":"(anonymous_1)","decl":{"start":{"line":5,"column":27},"end":{"line":5,"column":28}},"loc":{"start":{"line":5,"column":57},"end":{"line":12,"column":1}}}},"branchMap":{},"s":{"0":1,"1":1,"2":1,"3":1,"4":0,"5":0,"6":0,"7":0,"8":1},"f":{"0":0},"b":{}}
,"C:\\Users\\enkgp\\Desktop\\werewolf_app\\src\\utils\\generateToken.ts": {"path":"C:\\Users\\enkgp\\Desktop\\werewolf_app\\src\\utils\\generateToken.ts","statementMap":{"0":{"start":{"line":1,"column":0},"end":{"line":1,"column":31}},"1":{"start":{"line":2,"column":0},"end":{"line":2,"column":44}},"2":{"start":{"line":10,"column":18},"end":{"line":10,"column":40}},"3":{"start":{"line":11,"column":0},"end":{"line":11,"column":63}},"4":{"start":{"line":11,"column":16},"end":{"line":11,"column":63}},"5":{"start":{"line":13,"column":28},"end":{"line":15,"column":1}},"6":{"start":{"line":14,"column":2},"end":{"line":14,"column":63}},"7":{"start":{"line":13,"column":13},"end":{"line":13,"column":28}},"8":{"start":{"line":17,"column":36},"end":{"line":24,"column":1}},"9":{"start":{"line":22,"column":18},"end":{"line":22,"column":43}},"10":{"start":{"line":23,"column":2},"end":{"line":23,"column":59}},"11":{"start":{"line":17,"column":13},"end":{"line":17,"column":36}}},"fnMap":{"0":{"name":"(anonymous_1)","decl":{"start":{"line":13,"column":28},"end":{"line":13,"column":29}},"loc":{"start":{"line":13,"column":55},"end":{"line":15,"column":1}}},"1":{"name":"(anonymous_2)","decl":{"start":{"line":17,"column":36},"end":{"line":17,"column":37}},"loc":{"start":{"line":21,"column":40},"end":{"line":24,"column":1}}}},"branchMap":{"0":{"loc":{"start":{"line":11,"column":0},"end":{"line":11,"column":63}},"type":"if","locations":[{"start":{"line":11,"column":0},"end":{"line":11,"column":63}}]}},"s":{"0":9,"1":9,"2":9,"3":9,"4":0,"5":9,"6":3,"7":9,"8":9,"9":5,"10":5,"11":9},"f":{"0":3,"1":5},"b":{"0":[0]}}
}
