TN:
SF:src\app.ts
FN:43,(anonymous_1)
FN:51,(anonymous_2)
FN:56,(anonymous_3)
FN:66,(anonymous_4)
FNF:4
FNH:2
FNDA:1,(anonymous_1)
FNDA:0,(anonymous_2)
FNDA:0,(anonymous_3)
FNDA:1,(anonymous_4)
DA:1,1
DA:2,1
DA:6,1
DA:7,1
DA:8,1
DA:9,1
DA:12,1
DA:13,1
DA:14,1
DA:17,1
DA:18,1
DA:21,1
DA:22,1
DA:31,1
DA:37,1
DA:40,1
DA:41,1
DA:43,1
DA:44,1
DA:48,1
DA:51,1
DA:52,0
DA:56,1
DA:57,0
DA:58,0
DA:65,1
DA:66,1
DA:67,1
DA:70,1
LF:29
LH:26
BRDA:3,0,0,1
BRDA:3,0,1,0
BRDA:32,1,0,1
BRDA:32,1,1,0
BRDA:57,2,0,0
BRDA:57,2,1,0
BRDA:59,3,0,0
BRDA:59,3,1,0
BRDA:60,4,0,0
BRDA:60,4,1,0
BRDA:65,5,0,1
BRDA:65,5,1,1
BRF:12
BRH:4
end_of_record
TN:
SF:src\classes\AttackManager.ts
FN:20,(anonymous_1)
FN:30,(anonymous_2)
FN:47,(anonymous_3)
FN:68,(anonymous_4)
FN:71,(anonymous_5)
FN:72,(anonymous_6)
FN:77,(anonymous_7)
FNF:7
FNH:7
FNDA:50,(anonymous_1)
FNDA:7,(anonymous_2)
FNDA:3,(anonymous_3)
FNDA:10,(anonymous_4)
FNDA:100,(anonymous_5)
FNDA:30,(anonymous_6)
FNDA:3,(anonymous_7)
DA:1,8
DA:5,8
DA:6,8
DA:13,8
DA:14,50
DA:18,50
DA:25,50
DA:26,50
DA:27,50
DA:31,7
DA:32,7
DA:33,7
DA:35,7
DA:42,6
DA:44,1
DA:48,3
DA:49,3
DA:51,3
DA:52,3
DA:54,3
DA:55,3
DA:57,3
DA:58,3
DA:59,3
DA:60,3
DA:63,2
DA:65,2
DA:69,10
DA:70,10
DA:71,100
DA:72,30
DA:74,10
DA:78,3
DA:79,3
DA:81,3
DA:82,2
DA:85,1
LF:37
LH:37
BRDA:35,0,0,6
BRDA:36,1,0,7
BRDA:36,1,1,5
BRDA:36,1,2,4
BRDA:36,1,3,3
BRDA:36,1,4,2
BRDA:37,2,0,0
BRDA:37,2,1,5
BRDA:37,3,0,5
BRDA:37,3,1,5
BRDA:39,4,0,0
BRDA:39,4,1,3
BRDA:39,5,0,3
BRDA:39,5,1,3
BRDA:49,6,0,3
BRDA:49,6,1,0
BRDA:55,7,0,0
BRDA:58,8,0,3
BRDA:58,9,0,0
BRDA:58,9,1,3
BRDA:58,10,0,3
BRDA:58,10,1,3
BRDA:60,11,0,1
BRDA:71,12,0,100
BRDA:71,12,1,50
BRDA:81,13,0,2
BRDA:81,14,0,3
BRDA:81,14,1,2
BRDA:81,15,0,0
BRDA:81,15,1,3
BRDA:81,16,0,3
BRDA:81,16,1,3
BRF:32
BRH:26
end_of_record
TN:
SF:src\classes\DevineManager.ts
FN:18,(anonymous_1)
FN:23,(anonymous_2)
FN:40,(anonymous_3)
FN:58,(anonymous_4)
FN:61,(anonymous_5)
FN:62,(anonymous_6)
FN:67,(anonymous_7)
FNF:7
FNH:7
FNDA:50,(anonymous_1)
FNDA:10,(anonymous_2)
FNDA:3,(anonymous_3)
FNDA:10,(anonymous_4)
FNDA:100,(anonymous_5)
FNDA:40,(anonymous_6)
FNDA:3,(anonymous_7)
DA:1,8
DA:4,8
DA:5,8
DA:12,8
DA:13,50
DA:16,50
DA:19,50
DA:20,50
DA:24,10
DA:25,10
DA:26,10
DA:28,10
DA:35,6
DA:37,4
DA:41,3
DA:44,3
DA:45,3
DA:47,3
DA:52,3
DA:55,3
DA:59,10
DA:60,10
DA:61,100
DA:62,40
DA:64,10
DA:68,3
DA:69,3
DA:71,3
DA:72,2
DA:75,1
LF:30
LH:30
BRDA:28,0,0,6
BRDA:29,1,0,10
BRDA:29,1,1,8
BRDA:29,1,2,7
BRDA:29,1,3,6
BRDA:29,1,4,5
BRDA:30,2,0,0
BRDA:30,2,1,8
BRDA:30,3,0,8
BRDA:30,3,1,8
BRDA:32,4,0,0
BRDA:32,4,1,6
BRDA:32,5,0,6
BRDA:32,5,1,6
BRDA:44,6,0,3
BRDA:44,6,1,0
BRDA:49,7,0,3
BRDA:49,7,1,0
BRDA:61,8,0,100
BRDA:61,8,1,50
BRDA:71,9,0,2
BRDA:71,10,0,3
BRDA:71,10,1,2
BRDA:71,11,0,0
BRDA:71,11,1,3
BRDA:71,12,0,3
BRDA:71,12,1,3
BRF:27
BRH:22
end_of_record
TN:
SF:src\classes\GameInstanceManager.ts
FN:7,(anonymous_0)
FN:9,(anonymous_1)
FN:14,(anonymous_2)
FN:16,(anonymous_3)
FNF:4
FNH:0
FNDA:0,(anonymous_0)
FNDA:0,(anonymous_1)
FNDA:0,(anonymous_2)
FNDA:0,(anonymous_3)
DA:3,8
DA:7,8
DA:8,0
DA:10,0
DA:14,8
DA:15,0
DA:17,0
DA:22,0
LF:8
LH:3
BRDA:10,0,0,0
BRDA:10,0,1,0
BRDA:17,1,0,0
BRDA:17,1,1,0
BRDA:17,1,2,0
BRDA:22,2,0,0
BRDA:22,2,1,0
BRF:7
BRH:0
end_of_record
TN:
SF:src\classes\GameManager.ts
FN:55,(anonymous_8)
FN:78,(anonymous_9)
FN:79,(anonymous_10)
FN:79,(anonymous_11)
FN:80,(anonymous_12)
FN:83,(anonymous_13)
FN:95,(anonymous_15)
FN:107,(anonymous_17)
FN:146,(anonymous_19)
FN:157,(anonymous_21)
FN:177,(anonymous_23)
FN:182,(anonymous_25)
FN:187,(anonymous_26)
FN:193,(anonymous_27)
FN:197,(anonymous_28)
FN:202,(anonymous_30)
FN:205,(anonymous_31)
FN:207,(anonymous_32)
FN:222,(anonymous_33)
FN:228,(anonymous_35)
FN:239,(anonymous_37)
FN:244,(anonymous_38)
FN:249,(anonymous_39)
FNF:23
FNH:9
FNDA:50,(anonymous_8)
FNDA:51,(anonymous_9)
FNDA:2,(anonymous_10)
FNDA:2,(anonymous_11)
FNDA:3,(anonymous_12)
FNDA:2,(anonymous_13)
FNDA:0,(anonymous_15)
FNDA:0,(anonymous_17)
FNDA:0,(anonymous_19)
FNDA:0,(anonymous_21)
FNDA:0,(anonymous_23)
FNDA:0,(anonymous_25)
FNDA:0,(anonymous_26)
FNDA:0,(anonymous_27)
FNDA:0,(anonymous_28)
FNDA:0,(anonymous_30)
FNDA:0,(anonymous_31)
FNDA:0,(anonymous_32)
FNDA:0,(anonymous_33)
FNDA:0,(anonymous_35)
FNDA:3,(anonymous_37)
FNDA:3,(anonymous_38)
FNDA:3,(anonymous_39)
DA:1,8
DA:2,8
DA:3,8
DA:4,8
DA:5,8
DA:6,8
DA:7,8
DA:8,8
DA:9,8
DA:10,8
DA:11,8
DA:12,8
DA:38,8
DA:39,50
DA:42,50
DA:43,50
DA:53,50
DA:56,50
DA:57,50
DA:58,50
DA:59,50
DA:60,50
DA:64,50
DA:68,50
DA:69,50
DA:74,50
DA:79,51
DA:80,51
DA:84,2
DA:85,2
DA:87,2
DA:88,2
DA:89,2
DA:90,2
DA:92,2
DA:96,0
DA:98,0
DA:100,0
DA:102,0
DA:103,0
DA:108,0
DA:109,0
DA:110,0
DA:113,0
DA:114,0
DA:115,0
DA:118,0
DA:119,0
DA:120,0
DA:125,0
DA:126,0
DA:127,0
DA:128,0
DA:132,0
DA:133,0
DA:134,0
DA:137,0
DA:139,0
DA:141,0
DA:142,0
DA:147,0
DA:148,0
DA:149,0
DA:151,0
DA:153,0
DA:158,0
DA:161,0
DA:164,0
DA:165,0
DA:166,0
DA:168,0
DA:171,0
DA:172,0
DA:173,0
DA:178,0
DA:179,0
DA:183,0
DA:185,0
DA:187,0
DA:188,0
DA:189,0
DA:192,0
DA:193,0
DA:198,0
DA:201,0
DA:202,0
DA:204,0
DA:205,0
DA:207,0
DA:210,0
DA:211,0
DA:212,0
DA:213,0
DA:214,0
DA:215,0
DA:216,0
DA:217,0
DA:218,0
DA:223,0
DA:229,0
DA:236,0
DA:240,3
DA:241,3
DA:245,3
DA:250,3
DA:251,3
DA:252,3
DA:255,3
DA:256,0
DA:258,3
DA:261,3
LF:111
LH:44
BRDA:87,0,0,2
BRDA:88,1,0,0
BRDA:89,2,0,0
BRDA:90,3,0,0
BRDA:98,4,0,0
BRDA:102,5,0,0
BRDA:113,6,0,0
BRDA:113,7,0,0
BRDA:113,7,1,0
BRDA:113,8,0,0
BRDA:113,8,1,0
BRDA:118,9,0,0
BRDA:126,10,0,0
BRDA:132,11,0,0
BRDA:141,12,0,0
BRDA:161,13,0,0
BRDA:168,14,0,0
BRDA:172,15,0,0
BRDA:172,16,0,0
BRDA:172,16,1,0
BRDA:172,17,0,0
BRDA:172,17,1,0
BRDA:185,18,0,0
BRDA:210,19,0,0
BRDA:210,19,1,0
BRDA:210,20,0,0
BRDA:210,20,1,0
BRDA:210,20,2,0
BRDA:213,21,0,0
BRDA:213,21,1,0
BRDA:216,22,0,0
BRDA:255,23,0,0
BRDA:255,23,1,3
BRF:33
BRH:2
end_of_record
TN:
SF:src\classes\GuardManager.ts
FN:18,(anonymous_1)
FN:23,(anonymous_2)
FN:40,(anonymous_3)
FN:51,(anonymous_4)
FN:54,(anonymous_5)
FN:55,(anonymous_6)
FN:60,(anonymous_7)
FNF:7
FNH:7
FNDA:50,(anonymous_1)
FNDA:7,(anonymous_2)
FNDA:2,(anonymous_3)
FNDA:10,(anonymous_4)
FNDA:100,(anonymous_5)
FNDA:40,(anonymous_6)
FNDA:3,(anonymous_7)
DA:1,8
DA:4,8
DA:5,8
DA:12,8
DA:13,50
DA:16,50
DA:19,50
DA:20,50
DA:24,7
DA:25,7
DA:26,7
DA:28,7
DA:35,6
DA:37,1
DA:41,2
DA:43,2
DA:44,2
DA:46,2
DA:48,2
DA:52,10
DA:53,10
DA:54,100
DA:55,40
DA:57,10
DA:61,3
DA:62,3
DA:64,3
DA:65,2
DA:68,1
LF:29
LH:29
BRDA:28,0,0,6
BRDA:29,1,0,7
BRDA:29,1,1,5
BRDA:29,1,2,4
BRDA:29,1,3,3
BRDA:29,1,4,2
BRDA:30,2,0,0
BRDA:30,2,1,5
BRDA:30,3,0,5
BRDA:30,3,1,5
BRDA:32,4,0,0
BRDA:32,4,1,3
BRDA:32,5,0,3
BRDA:32,5,1,3
BRDA:43,6,0,2
BRDA:43,6,1,0
BRDA:54,7,0,100
BRDA:54,7,1,50
BRDA:64,8,0,2
BRDA:64,9,0,3
BRDA:64,9,1,2
BRDA:64,10,0,0
BRDA:64,10,1,3
BRDA:64,11,0,3
BRDA:64,11,1,3
BRF:25
BRH:21
end_of_record
TN:
SF:src\classes\MediumManager.ts
FN:16,(anonymous_1)
FN:21,(anonymous_2)
FN:31,(anonymous_3)
FNF:3
FNH:3
FNDA:50,(anonymous_1)
FNDA:3,(anonymous_2)
FNDA:3,(anonymous_3)
DA:3,8
DA:4,8
DA:11,8
DA:14,50
DA:17,50
DA:18,50
DA:22,3
DA:24,3
DA:26,3
DA:32,3
DA:33,3
DA:35,3
DA:36,2
DA:39,1
LF:14
LH:14
BRDA:27,0,0,2
BRDA:27,0,1,1
BRDA:35,1,0,2
BRDA:35,2,0,3
BRDA:35,2,1,1
BRDA:35,3,0,0
BRDA:35,3,1,3
BRDA:35,4,0,3
BRDA:35,4,1,3
BRF:9
BRH:8
end_of_record
TN:
SF:src\classes\PhaseManager.ts
FN:25,(anonymous_0)
FN:33,(anonymous_1)
FN:34,(anonymous_2)
FN:41,(anonymous_3)
FN:44,(anonymous_4)
FN:49,(anonymous_5)
FNF:6
FNH:6
FNDA:50,(anonymous_0)
FNDA:51,(anonymous_1)
FNDA:3,(anonymous_2)
FNDA:53,(anonymous_3)
FNDA:2,(anonymous_4)
FNDA:51,(anonymous_5)
DA:10,8
DA:11,50
DA:18,50
DA:19,50
DA:23,50
DA:26,50
DA:27,50
DA:28,50
DA:29,50
DA:30,50
DA:34,51
DA:35,3
DA:36,3
DA:37,3
DA:42,53
DA:43,53
DA:44,2
DA:50,51
DA:52,51
DA:53,1
DA:58,50
DA:59,1
DA:62,49
DA:63,18
DA:65,31
DA:66,31
LF:26
LH:26
BRDA:52,0,0,1
BRDA:58,1,0,1
BRDA:62,2,0,18
BRDA:62,2,1,31
BRF:4
BRH:4
end_of_record
TN:
SF:src\classes\PlayerManager.ts
FN:27,(anonymous_8)
FN:32,(anonymous_9)
FN:36,(anonymous_10)
FN:49,(anonymous_11)
FN:51,(anonymous_13)
FN:65,(anonymous_14)
FN:72,(anonymous_15)
FN:91,(anonymous_16)
FN:92,(anonymous_17)
FN:97,(anonymous_18)
FN:98,(anonymous_19)
FN:104,(anonymous_20)
FN:106,(anonymous_21)
FN:107,(anonymous_22)
FN:113,(anonymous_23)
FN:115,(anonymous_24)
FN:123,(anonymous_25)
FN:125,(anonymous_26)
FN:129,(anonymous_27)
FN:131,(anonymous_28)
FN:135,(anonymous_29)
FN:136,(anonymous_30)
FN:141,(anonymous_31)
FN:142,(anonymous_32)
FNF:24
FNH:19
FNDA:50,(anonymous_8)
FNDA:50,(anonymous_9)
FNDA:500,(anonymous_10)
FNDA:1,(anonymous_11)
FNDA:10,(anonymous_13)
FNDA:25,(anonymous_14)
FNDA:11,(anonymous_15)
FNDA:0,(anonymous_16)
FNDA:0,(anonymous_17)
FNDA:20,(anonymous_18)
FNDA:4,(anonymous_19)
FNDA:0,(anonymous_20)
FNDA:0,(anonymous_21)
FNDA:0,(anonymous_22)
FNDA:67,(anonymous_23)
FNDA:290,(anonymous_24)
FNDA:1,(anonymous_25)
FNDA:10,(anonymous_26)
FNDA:1,(anonymous_27)
FNDA:10,(anonymous_28)
FNDA:1,(anonymous_29)
FNDA:10,(anonymous_30)
FNDA:4,(anonymous_31)
FNDA:40,(anonymous_32)
DA:1,8
DA:2,8
DA:3,8
DA:4,8
DA:5,8
DA:21,8
DA:23,50
DA:28,50
DA:29,50
DA:33,50
DA:34,50
DA:36,50
DA:37,500
DA:38,500
DA:40,500
DA:50,1
DA:51,10
DA:57,1
DA:58,1
DA:60,0
DA:61,0
DA:66,25
DA:67,25
DA:73,11
DA:74,11
DA:83,10
DA:89,10
DA:90,0
DA:91,0
DA:92,0
DA:95,10
DA:96,2
DA:97,20
DA:98,4
DA:101,10
DA:102,0
DA:104,0
DA:105,0
DA:106,0
DA:107,0
DA:110,10
DA:114,67
DA:115,290
DA:118,67
DA:120,66
DA:124,1
DA:125,10
DA:130,1
DA:131,10
DA:136,10
DA:138,1
DA:142,4
DA:143,40
DA:146,4
LF:54
LH:44
BRDA:74,0,0,1
BRDA:89,1,0,0
BRDA:95,2,0,2
BRDA:101,3,0,0
BRDA:104,4,0,0
BRDA:104,4,1,0
BRDA:104,5,0,0
BRDA:104,5,1,0
BRDA:118,6,0,1
BRDA:125,7,0,10
BRDA:125,7,1,0
BRF:11
BRH:4
end_of_record
TN:
SF:src\classes\VoteManager.ts
FN:21,(anonymous_1)
FN:26,(anonymous_2)
FN:42,(anonymous_3)
FN:49,(anonymous_4)
FN:50,(anonymous_5)
FN:58,(anonymous_6)
FN:66,(anonymous_7)
FN:85,(anonymous_8)
FNF:8
FNH:8
FNDA:50,(anonymous_1)
FNDA:17,(anonymous_2)
FNDA:2,(anonymous_3)
FNDA:2,(anonymous_4)
FNDA:1,(anonymous_5)
FNDA:3,(anonymous_6)
FNDA:3,(anonymous_7)
FNDA:2,(anonymous_8)
DA:1,8
DA:4,8
DA:5,8
DA:15,8
DA:16,50
DA:19,50
DA:22,50
DA:23,50
DA:27,17
DA:28,17
DA:29,17
DA:31,17
DA:36,3
DA:39,14
DA:43,2
DA:44,2
DA:47,1
DA:48,1
DA:49,2
DA:50,1
DA:52,1
DA:55,1
DA:59,3
DA:60,3
DA:62,3
DA:63,3
DA:67,3
DA:69,3
DA:72,3
DA:73,12
DA:74,4
DA:76,12
DA:79,3
DA:82,3
DA:86,2
DA:88,2
DA:89,1
DA:92,1
LF:38
LH:38
BRDA:31,0,0,3
BRDA:32,1,0,17
BRDA:32,1,1,16
BRDA:32,1,2,15
BRDA:32,2,0,0
BRDA:32,2,1,17
BRDA:32,3,0,17
BRDA:32,3,1,17
BRDA:33,4,0,0
BRDA:33,4,1,16
BRDA:33,5,0,16
BRDA:33,5,1,16
BRDA:44,6,0,1
BRDA:60,7,0,0
BRDA:73,8,0,4
BRDA:88,9,0,1
BRF:16
BRH:13
end_of_record
TN:
SF:src\config\messages.ts
FN:52,(anonymous_0)
FN:54,(anonymous_1)
FN:55,(anonymous_2)
FN:56,(anonymous_3)
FN:58,(anonymous_4)
FNF:5
FNH:0
FNDA:0,(anonymous_0)
FNDA:0,(anonymous_1)
FNDA:0,(anonymous_2)
FNDA:0,(anonymous_3)
FNDA:0,(anonymous_4)
DA:1,14
DA:7,14
DA:24,14
DA:31,14
DA:45,14
DA:53,0
DA:55,0
DA:57,0
DA:58,0
LF:9
LH:5
BRDA:57,0,0,0
BRDA:57,0,1,0
BRF:2
BRH:0
end_of_record
TN:
SF:src\config\roles.ts
FNF:0
FNH:0
DA:16,8
LF:1
LH:1
BRF:0
BRH:0
end_of_record
TN:
SF:src\controllers\userController\controller.ts
FN:46,(anonymous_8)
FN:46,(anonymous_9)
FN:69,(anonymous_10)
FN:69,(anonymous_11)
FN:92,(anonymous_12)
FN:92,(anonymous_13)
FN:109,(anonymous_14)
FN:109,(anonymous_15)
FN:128,(anonymous_16)
FN:128,(anonymous_17)
FN:147,(anonymous_18)
FN:147,(anonymous_19)
FNF:12
FNH:12
FNDA:3,(anonymous_8)
FNDA:3,(anonymous_9)
FNDA:3,(anonymous_10)
FNDA:3,(anonymous_11)
FNDA:2,(anonymous_12)
FNDA:2,(anonymous_13)
FNDA:4,(anonymous_14)
FNDA:4,(anonymous_15)
FNDA:2,(anonymous_16)
FNDA:2,(anonymous_17)
FNDA:3,(anonymous_18)
FNDA:3,(anonymous_19)
DA:2,2
DA:3,2
DA:4,2
DA:5,2
DA:6,2
DA:7,2
DA:8,2
DA:45,2
DA:46,3
DA:47,3
DA:49,3
DA:50,3
DA:51,1
DA:54,2
DA:55,2
DA:57,1
DA:64,1
DA:68,2
DA:69,3
DA:70,3
DA:72,3
DA:73,3
DA:75,2
DA:76,1
DA:79,1
DA:86,1
DA:91,2
DA:92,2
DA:93,2
DA:94,2
DA:96,2
DA:100,1
DA:101,1
DA:103,1
DA:108,2
DA:109,4
DA:110,4
DA:112,4
DA:113,4
DA:114,1
DA:117,3
DA:118,3
DA:120,2
DA:121,2
DA:123,1
DA:127,2
DA:128,2
DA:129,2
DA:130,2
DA:132,2
DA:133,2
DA:135,2
DA:136,1
DA:139,1
DA:140,1
DA:142,1
DA:146,2
DA:147,3
DA:148,3
DA:150,3
DA:151,3
DA:152,1
DA:155,2
DA:156,2
DA:158,1
DA:159,1
DA:161,1
LF:67
LH:67
BRDA:50,0,0,1
BRDA:55,1,0,1
BRDA:73,2,0,1
BRDA:75,3,0,1
BRDA:96,4,0,1
BRDA:96,5,0,2
BRDA:96,5,1,1
BRDA:100,6,0,0
BRDA:101,7,0,1
BRDA:113,8,0,1
BRDA:118,9,0,1
BRDA:121,10,0,1
BRDA:133,11,0,0
BRDA:135,12,0,1
BRDA:151,13,0,1
BRDA:156,14,0,1
BRF:16
BRH:14
end_of_record
TN:
SF:src\controllers\userController\utils.ts
FN:18,(anonymous_8)
FN:21,(anonymous_9)
FNF:2
FNH:2
FNDA:3,(anonymous_8)
FNDA:3,(anonymous_9)
DA:1,3
DA:2,3
DA:3,3
DA:10,3
DA:18,3
DA:21,3
DA:22,3
DA:23,3
DA:24,3
DA:26,3
DA:34,3
DA:35,3
DA:36,3
DA:37,1
DA:39,2
DA:40,2
DA:44,3
LF:17
LH:17
BRF:0
BRH:0
end_of_record
TN:
SF:src\controllers\verifyEmailController\controller.ts
FN:18,(anonymous_8)
FN:20,(anonymous_9)
FN:20,(anonymous_10)
FNF:3
FNH:3
FNDA:6,(anonymous_8)
FNDA:2,(anonymous_9)
FNDA:2,(anonymous_10)
DA:2,2
DA:3,2
DA:4,2
DA:5,2
DA:6,2
DA:7,2
DA:18,2
DA:19,6
DA:20,2
DA:21,2
DA:22,2
DA:25,2
DA:26,2
DA:27,2
DA:28,1
DA:31,1
DA:37,1
DA:39,1
LF:18
LH:18
BRDA:25,0,0,2
BRDA:25,1,0,2
BRDA:25,1,1,0
BRDA:27,2,0,1
BRF:4
BRH:3
end_of_record
TN:
SF:src\controllers\verifyEmailController\utils.ts
FN:12,(anonymous_8)
FN:22,(anonymous_9)
FN:32,(anonymous_10)
FN:44,(anonymous_11)
FN:48,(anonymous_12)
FNF:5
FNH:5
FNDA:1,(anonymous_8)
FNDA:1,(anonymous_9)
FNDA:1,(anonymous_10)
FNDA:3,(anonymous_11)
FNDA:3,(anonymous_12)
DA:1,3
DA:2,3
DA:3,3
DA:11,3
DA:14,1
DA:16,1
DA:24,1
DA:26,1
DA:34,1
DA:36,1
DA:44,3
DA:48,3
DA:49,3
DA:51,3
DA:59,3
DA:65,3
DA:66,3
DA:68,0
LF:18
LH:17
BRF:0
BRH:0
end_of_record
TN:
SF:src\middleware\protect.ts
FN:14,(anonymous_8)
FN:14,(anonymous_9)
FNF:2
FNH:2
FNDA:5,(anonymous_8)
FNDA:5,(anonymous_9)
DA:2,3
DA:4,3
DA:5,3
DA:6,3
DA:7,3
DA:13,3
DA:14,5
DA:15,5
DA:17,5
DA:18,0
DA:21,5
DA:22,5
DA:24,5
DA:25,5
DA:27,4
DA:29,4
DA:33,3
LF:17
LH:16
BRDA:17,0,0,0
BRDA:17,1,0,5
BRDA:17,1,1,5
BRDA:25,2,0,1
BRF:4
BRH:3
end_of_record
TN:
SF:src\middleware\validateRequest.ts
FN:5,(anonymous_1)
FNF:1
FNH:1
FNDA:23,(anonymous_1)
DA:2,3
DA:3,3
DA:5,3
DA:10,23
DA:11,23
DA:12,7
DA:13,7
DA:15,16
DA:18,3
LF:9
LH:9
BRDA:11,0,0,7
BRF:1
BRH:1
end_of_record
TN:
SF:src\models\channelBlockUserModel.ts
FNF:0
FNH:0
DA:1,1
DA:11,1
DA:29,1
DA:31,1
DA:36,1
LF:5
LH:5
BRF:0
BRH:0
end_of_record
TN:
SF:src\models\channelModel.ts
FN:32,(anonymous_17)
FN:48,(anonymous_18)
FN:54,(anonymous_20)
FNF:3
FNH:2
FNDA:20,(anonymous_17)
FNDA:0,(anonymous_18)
FNDA:17,(anonymous_20)
DA:1,6
DA:2,6
DA:17,6
DA:33,20
DA:48,6
DA:51,0
DA:54,6
DA:56,17
DA:57,4
DA:58,4
DA:61,13
DA:63,13
DA:64,13
DA:65,13
DA:68,13
DA:71,6
DA:73,6
LF:17
LH:16
BRDA:56,0,0,4
BRDA:61,1,0,0
BRDA:63,2,0,13
BRF:3
BRH:2
end_of_record
TN:
SF:src\models\channelUserModel.ts
FNF:0
FNH:0
DA:1,1
DA:11,1
DA:29,1
DA:31,1
DA:33,1
LF:5
LH:5
BRF:0
BRH:0
end_of_record
TN:
SF:src\models\gameModel.ts
FNF:0
FNH:0
DA:1,10
DA:17,10
DA:50,10
DA:52,10
LF:4
LH:4
BRF:0
BRH:0
end_of_record
TN:
SF:src\models\gameUserModel.ts
FNF:0
FNH:0
DA:1,9
DA:22,9
DA:58,9
DA:60,9
DA:62,9
LF:5
LH:5
BRF:0
BRH:0
end_of_record
TN:
SF:src\models\messageModel.ts
FNF:0
FNH:0
DA:1,9
DA:15,9
DA:44,9
DA:46,9
LF:4
LH:4
BRF:0
BRH:0
end_of_record
TN:
SF:src\models\userModel.ts
FN:43,(anonymous_17)
FN:49,(anonymous_19)
FNF:2
FNH:2
FNDA:4,(anonymous_17)
FNDA:31,(anonymous_19)
DA:1,10
DA:2,10
DA:16,10
DA:43,10
DA:46,4
DA:49,10
DA:50,31
DA:52,31
DA:53,31
DA:55,31
DA:58,10
DA:60,10
LF:12
LH:12
BRDA:50,0,0,0
BRF:1
BRH:0
end_of_record
TN:
SF:src\routes\userRoutes.ts
FN:44,(anonymous_1)
FNF:1
FNH:1
FNDA:10,(anonymous_1)
DA:1,2
DA:2,2
DA:4,2
DA:5,2
DA:6,2
DA:14,2
DA:16,2
DA:18,2
DA:25,2
DA:32,2
DA:39,2
DA:44,2
DA:45,10
DA:51,2
DA:58,2
DA:65,2
DA:73,2
DA:75,2
DA:83,2
DA:90,2
LF:20
LH:20
BRF:0
BRH:0
end_of_record
TN:
SF:src\routes\verifyEmailRoutes.ts
FNF:0
FNH:0
DA:1,2
DA:2,2
DA:3,2
DA:5,2
DA:6,2
DA:7,2
DA:9,2
DA:11,2
DA:18,2
DA:25,2
DA:33,2
DA:40,2
LF:12
LH:12
BRF:0
BRH:0
end_of_record
TN:
SF:src\utils\AppError.ts
FN:4,(anonymous_0)
FNF:1
FNH:1
FNDA:84,(anonymous_0)
DA:5,84
DA:6,84
DA:7,84
DA:8,84
DA:12,13
LF:5
LH:5
BRF:0
BRH:0
end_of_record
TN:
SF:src\utils\connectDB.ts
FN:4,(anonymous_8)
FN:4,(anonymous_9)
FNF:2
FNH:2
FNDA:1,(anonymous_8)
FNDA:1,(anonymous_9)
DA:1,1
DA:2,1
DA:4,1
DA:5,1
DA:6,1
DA:7,0
DA:8,0
DA:9,0
DA:11,0
DA:12,0
DA:14,1
DA:17,0
DA:18,0
DA:22,1
LF:14
LH:7
BRDA:6,0,0,0
BRDA:6,0,1,1
BRDA:8,1,0,0
BRDA:17,2,0,0
BRDA:17,2,1,0
BRF:5
BRH:1
end_of_record
TN:
SF:src\utils\decodeToken.ts
FN:5,(anonymous_1)
FNF:1
FNH:0
FNDA:0,(anonymous_1)
DA:1,2
DA:2,2
DA:3,2
DA:5,2
DA:6,0
DA:7,0
DA:8,0
DA:10,0
LF:8
LH:4
BRF:0
BRH:0
end_of_record
TN:
SF:src\utils\generateToken.ts
FN:13,(anonymous_1)
FN:17,(anonymous_2)
FNF:2
FNH:2
FNDA:2,(anonymous_1)
FNDA:3,(anonymous_2)
DA:1,4
DA:2,4
DA:10,4
DA:11,4
DA:13,4
DA:14,2
DA:17,4
DA:22,3
DA:23,3
LF:9
LH:9
BRDA:11,0,0,0
BRF:1
BRH:0
end_of_record
