TN:
SF:src\app.ts
FN:53,(anonymous_1)
FN:61,(anonymous_2)
FN:66,(anonymous_3)
FN:76,(anonymous_4)
FNF:4
FNH:3
FNDA:1,(anonymous_1)
FNDA:0,(anonymous_2)
FNDA:124,(anonymous_3)
FNDA:8,(anonymous_4)
DA:1,8
DA:2,8
DA:6,8
DA:7,8
DA:8,8
DA:9,8
DA:12,8
DA:13,8
DA:14,8
DA:15,8
DA:16,8
DA:17,8
DA:18,8
DA:19,8
DA:22,8
DA:23,8
DA:26,8
DA:27,8
DA:36,8
DA:42,8
DA:45,8
DA:46,8
DA:47,8
DA:48,8
DA:49,8
DA:50,8
DA:51,8
DA:53,8
DA:54,1
DA:58,8
DA:61,8
DA:62,0
DA:66,8
DA:67,124
DA:68,124
DA:75,8
DA:76,8
DA:77,8
DA:80,8
LF:39
LH:38
BRDA:3,0,0,8
BRDA:3,0,1,0
BRDA:37,1,0,8
BRDA:37,1,1,0
BRDA:67,2,0,124
BRDA:67,2,1,1
BRDA:69,3,0,124
BRDA:69,3,1,0
BRDA:70,4,0,0
BRDA:70,4,1,124
BRDA:75,5,0,8
BRDA:75,5,1,8
BRF:12
BRH:8
end_of_record
TN:
SF:src\classes\AttackManager.ts
FN:20,(anonymous_1)
FN:30,(anonymous_2)
FN:47,(anonymous_3)
FN:68,(anonymous_4)
FN:71,(anonymous_5)
FN:72,(anonymous_6)
FN:77,(anonymous_7)
FNF:7
FNH:7
FNDA:147,(anonymous_1)
FNDA:9,(anonymous_2)
FNDA:4,(anonymous_3)
FNDA:1000,(anonymous_4)
FNDA:4000,(anonymous_5)
FNDA:2000,(anonymous_6)
FNDA:5,(anonymous_7)
DA:1,15
DA:5,15
DA:6,15
DA:13,15
DA:14,147
DA:18,147
DA:25,147
DA:26,147
DA:27,147
DA:31,9
DA:32,9
DA:33,9
DA:35,9
DA:42,7
DA:44,2
DA:48,4
DA:49,4
DA:51,4
DA:52,4
DA:54,4
DA:55,4
DA:57,3
DA:58,3
DA:59,2
DA:60,2
DA:63,2
DA:65,2
DA:69,1000
DA:70,1000
DA:71,4000
DA:72,2000
DA:74,1000
DA:78,5
DA:79,5
DA:81,5
DA:82,3
DA:85,2
LF:37
LH:37
BRDA:35,0,0,7
BRDA:36,1,0,9
BRDA:36,1,1,8
BRDA:36,1,2,6
BRDA:36,1,3,5
BRDA:36,1,4,3
BRDA:37,2,0,1
BRDA:37,2,1,7
BRDA:37,3,0,8
BRDA:37,3,1,8
BRDA:39,4,0,1
BRDA:39,4,1,4
BRDA:39,5,0,5
BRDA:39,5,1,5
BRDA:49,6,0,4
BRDA:49,6,1,0
BRDA:55,7,0,1
BRDA:58,8,0,2
BRDA:58,9,0,0
BRDA:58,9,1,3
BRDA:58,10,0,3
BRDA:58,10,1,3
BRDA:60,11,0,1
BRDA:71,12,0,4000
BRDA:71,12,1,3000
BRDA:81,13,0,3
BRDA:81,14,0,5
BRDA:81,14,1,3
BRDA:81,15,0,1
BRDA:81,15,1,4
BRDA:81,16,0,5
BRDA:81,16,1,5
BRF:32
BRH:30
end_of_record
TN:
SF:src\classes\ChannelInstanceManager.ts
FN:10,(anonymous_8)
FN:10,(anonymous_9)
FNF:2
FNH:2
FNDA:4,(anonymous_8)
FNDA:4,(anonymous_9)
DA:1,10
DA:2,10
DA:3,10
DA:4,10
DA:5,10
DA:6,10
DA:8,10
DA:10,10
DA:11,4
DA:16,4
DA:17,1
DA:18,1
DA:19,3
DA:20,2
DA:22,2
DA:23,1
DA:24,1
DA:26,1
DA:29,1
LF:19
LH:19
BRDA:16,0,0,1
BRDA:16,0,1,3
BRDA:19,1,0,2
BRDA:19,1,1,1
BRDA:22,2,0,1
BRDA:22,2,1,1
BRF:6
BRH:6
end_of_record
TN:
SF:src\classes\ChannelManager.ts
FN:18,(anonymous_8)
FN:24,(anonymous_9)
FN:48,(anonymous_11)
FN:53,(anonymous_12)
FN:73,(anonymous_13)
FN:84,(anonymous_14)
FN:86,(anonymous_15)
FN:87,(anonymous_16)
FN:90,(anonymous_17)
FN:92,(anonymous_18)
FN:93,(anonymous_19)
FN:96,(anonymous_20)
FN:110,(anonymous_21)
FNF:13
FNH:13
FNDA:53,(anonymous_8)
FNDA:7,(anonymous_9)
FNDA:4,(anonymous_11)
FNDA:13,(anonymous_12)
FNDA:7,(anonymous_13)
FNDA:4,(anonymous_14)
FNDA:8,(anonymous_15)
FNDA:3,(anonymous_16)
FNDA:2,(anonymous_17)
FNDA:4,(anonymous_18)
FNDA:2,(anonymous_19)
FNDA:14,(anonymous_20)
FNDA:30,(anonymous_21)
DA:1,10
DA:3,10
DA:4,10
DA:5,10
DA:7,10
DA:8,10
DA:9,10
DA:11,10
DA:19,53
DA:20,53
DA:21,53
DA:25,7
DA:26,7
DA:28,7
DA:31,7
DA:33,5
DA:35,5
DA:36,4
DA:38,4
DA:39,2
DA:40,2
DA:41,1
DA:45,5
DA:49,4
DA:50,4
DA:54,13
DA:55,11
DA:57,11
DA:58,11
DA:60,9
DA:62,9
DA:63,7
DA:64,5
DA:65,1
DA:66,4
DA:67,2
DA:70,2
DA:74,7
DA:76,4
DA:78,4
DA:80,2
DA:81,2
DA:85,4
DA:86,8
DA:87,3
DA:91,2
DA:92,4
DA:93,2
DA:97,14
DA:98,12
DA:100,12
DA:101,12
DA:103,8
DA:105,8
DA:106,4
DA:107,2
DA:111,30
DA:112,6
LF:58
LH:58
BRDA:28,0,0,5
BRDA:28,0,1,2
BRDA:31,1,0,2
BRDA:35,2,0,4
BRDA:38,3,0,2
BRDA:38,3,1,2
BRDA:38,4,0,4
BRDA:38,4,1,3
BRDA:40,5,0,1
BRDA:50,6,0,2
BRDA:58,7,0,2
BRDA:62,8,0,2
BRDA:63,9,0,2
BRDA:64,10,0,1
BRDA:64,10,1,4
BRDA:66,11,0,2
BRDA:74,12,0,3
BRDA:78,13,0,2
BRDA:101,14,0,4
BRDA:105,15,0,4
BRDA:105,16,0,8
BRDA:105,16,1,6
BRDA:106,17,0,2
BRDA:111,18,0,6
BRF:24
BRH:24
end_of_record
TN:
SF:src\classes\ChannelUserManager.ts
FN:16,(anonymous_1)
FN:24,(anonymous_2)
FN:25,(anonymous_3)
FNF:3
FNH:3
FNDA:38,(anonymous_1)
FNDA:38,(anonymous_2)
FNDA:1,(anonymous_3)
DA:1,11
DA:10,11
DA:17,38
DA:18,38
DA:19,38
DA:20,38
DA:21,38
DA:25,38
DA:26,1
LF:9
LH:9
BRF:0
BRH:0
end_of_record
TN:
SF:src\classes\DevineManager.ts
FN:18,(anonymous_1)
FN:23,(anonymous_2)
FN:40,(anonymous_3)
FN:58,(anonymous_4)
FN:61,(anonymous_5)
FN:62,(anonymous_6)
FN:67,(anonymous_7)
FNF:7
FNH:7
FNDA:147,(anonymous_1)
FNDA:11,(anonymous_2)
FNDA:3,(anonymous_3)
FNDA:10,(anonymous_4)
FNDA:100,(anonymous_5)
FNDA:40,(anonymous_6)
FNDA:4,(anonymous_7)
DA:1,15
DA:4,15
DA:5,15
DA:12,15
DA:13,147
DA:16,147
DA:19,147
DA:20,147
DA:24,11
DA:25,11
DA:26,11
DA:28,11
DA:35,6
DA:37,5
DA:41,3
DA:44,3
DA:45,3
DA:47,3
DA:52,3
DA:55,3
DA:59,10
DA:60,10
DA:61,100
DA:62,40
DA:64,10
DA:68,4
DA:69,4
DA:71,4
DA:72,2
DA:75,2
LF:30
LH:30
BRDA:28,0,0,6
BRDA:29,1,0,11
BRDA:29,1,1,9
BRDA:29,1,2,8
BRDA:29,1,3,7
BRDA:29,1,4,6
BRDA:30,2,0,0
BRDA:30,2,1,9
BRDA:30,3,0,9
BRDA:30,3,1,9
BRDA:32,4,0,0
BRDA:32,4,1,7
BRDA:32,5,0,7
BRDA:32,5,1,7
BRDA:44,6,0,3
BRDA:44,6,1,0
BRDA:49,7,0,3
BRDA:49,7,1,0
BRDA:61,8,0,100
BRDA:61,8,1,50
BRDA:71,9,0,2
BRDA:71,10,0,4
BRDA:71,10,1,3
BRDA:71,11,0,0
BRDA:71,11,1,4
BRDA:71,12,0,4
BRDA:71,12,1,4
BRF:27
BRH:22
end_of_record
TN:
SF:src\classes\GameInstanceManager.ts
FN:7,(anonymous_0)
FN:9,(anonymous_1)
FN:14,(anonymous_2)
FN:16,(anonymous_3)
FN:25,(anonymous_4)
FN:27,(anonymous_5)
FNF:6
FNH:6
FNDA:3,(anonymous_0)
FNDA:3,(anonymous_1)
FNDA:4,(anonymous_2)
FNDA:4,(anonymous_3)
FNDA:3,(anonymous_4)
FNDA:3,(anonymous_5)
DA:3,20
DA:7,20
DA:8,3
DA:10,3
DA:14,20
DA:15,4
DA:17,4
DA:22,4
DA:25,20
DA:26,3
DA:27,3
DA:30,3
LF:12
LH:12
BRDA:10,0,0,3
BRDA:10,0,1,2
BRDA:17,1,0,4
BRDA:17,1,1,3
BRDA:17,1,2,2
BRDA:22,2,0,1
BRDA:22,2,1,3
BRF:7
BRH:7
end_of_record
TN:
SF:src\classes\GameManager.ts
FN:55,(anonymous_8)
FN:78,(anonymous_9)
FN:79,(anonymous_10)
FN:79,(anonymous_11)
FN:80,(anonymous_12)
FN:83,(anonymous_13)
FN:95,(anonymous_15)
FN:107,(anonymous_17)
FN:146,(anonymous_19)
FN:157,(anonymous_21)
FN:177,(anonymous_23)
FN:182,(anonymous_25)
FN:187,(anonymous_26)
FN:193,(anonymous_27)
FN:197,(anonymous_28)
FN:202,(anonymous_30)
FN:205,(anonymous_31)
FN:207,(anonymous_32)
FN:222,(anonymous_33)
FN:228,(anonymous_35)
FN:239,(anonymous_37)
FN:244,(anonymous_38)
FN:249,(anonymous_39)
FNF:23
FNH:9
FNDA:147,(anonymous_8)
FNDA:148,(anonymous_9)
FNDA:2,(anonymous_10)
FNDA:2,(anonymous_11)
FNDA:3,(anonymous_12)
FNDA:2,(anonymous_13)
FNDA:0,(anonymous_15)
FNDA:0,(anonymous_17)
FNDA:0,(anonymous_19)
FNDA:0,(anonymous_21)
FNDA:0,(anonymous_23)
FNDA:0,(anonymous_25)
FNDA:0,(anonymous_26)
FNDA:0,(anonymous_27)
FNDA:0,(anonymous_28)
FNDA:0,(anonymous_30)
FNDA:0,(anonymous_31)
FNDA:0,(anonymous_32)
FNDA:0,(anonymous_33)
FNDA:0,(anonymous_35)
FNDA:3,(anonymous_37)
FNDA:3,(anonymous_38)
FNDA:3,(anonymous_39)
DA:1,15
DA:2,15
DA:3,15
DA:4,15
DA:5,15
DA:6,15
DA:7,15
DA:8,15
DA:9,15
DA:10,15
DA:11,15
DA:12,15
DA:38,15
DA:39,147
DA:42,147
DA:43,147
DA:53,147
DA:56,147
DA:57,147
DA:58,147
DA:59,147
DA:60,147
DA:64,147
DA:68,147
DA:69,147
DA:74,147
DA:79,148
DA:80,148
DA:84,2
DA:85,2
DA:87,2
DA:88,2
DA:89,2
DA:90,2
DA:92,2
DA:96,0
DA:98,0
DA:100,0
DA:102,0
DA:103,0
DA:108,0
DA:109,0
DA:110,0
DA:113,0
DA:114,0
DA:115,0
DA:118,0
DA:119,0
DA:120,0
DA:125,0
DA:126,0
DA:127,0
DA:128,0
DA:132,0
DA:133,0
DA:134,0
DA:137,0
DA:139,0
DA:141,0
DA:142,0
DA:147,0
DA:148,0
DA:149,0
DA:151,0
DA:153,0
DA:158,0
DA:161,0
DA:164,0
DA:165,0
DA:166,0
DA:168,0
DA:171,0
DA:172,0
DA:173,0
DA:178,0
DA:179,0
DA:183,0
DA:185,0
DA:187,0
DA:188,0
DA:189,0
DA:192,0
DA:193,0
DA:198,0
DA:201,0
DA:202,0
DA:204,0
DA:205,0
DA:207,0
DA:210,0
DA:211,0
DA:212,0
DA:213,0
DA:214,0
DA:215,0
DA:216,0
DA:217,0
DA:218,0
DA:223,0
DA:229,0
DA:236,0
DA:240,3
DA:241,3
DA:245,3
DA:250,3
DA:251,3
DA:252,3
DA:255,3
DA:256,0
DA:258,3
DA:261,3
LF:111
LH:44
BRDA:87,0,0,2
BRDA:88,1,0,0
BRDA:89,2,0,0
BRDA:90,3,0,0
BRDA:98,4,0,0
BRDA:102,5,0,0
BRDA:113,6,0,0
BRDA:113,7,0,0
BRDA:113,7,1,0
BRDA:113,8,0,0
BRDA:113,8,1,0
BRDA:118,9,0,0
BRDA:126,10,0,0
BRDA:132,11,0,0
BRDA:141,12,0,0
BRDA:161,13,0,0
BRDA:168,14,0,0
BRDA:172,15,0,0
BRDA:172,16,0,0
BRDA:172,16,1,0
BRDA:172,17,0,0
BRDA:172,17,1,0
BRDA:185,18,0,0
BRDA:210,19,0,0
BRDA:210,19,1,0
BRDA:210,20,0,0
BRDA:210,20,1,0
BRDA:210,20,2,0
BRDA:213,21,0,0
BRDA:213,21,1,0
BRDA:216,22,0,0
BRDA:255,23,0,0
BRDA:255,23,1,3
BRF:33
BRH:2
end_of_record
TN:
SF:src\classes\GuardManager.ts
FN:18,(anonymous_1)
FN:23,(anonymous_2)
FN:40,(anonymous_3)
FN:51,(anonymous_4)
FN:54,(anonymous_5)
FN:55,(anonymous_6)
FN:60,(anonymous_7)
FNF:7
FNH:7
FNDA:147,(anonymous_1)
FNDA:8,(anonymous_2)
FNDA:2,(anonymous_3)
FNDA:10,(anonymous_4)
FNDA:100,(anonymous_5)
FNDA:40,(anonymous_6)
FNDA:4,(anonymous_7)
DA:1,15
DA:4,15
DA:5,15
DA:12,15
DA:13,147
DA:16,147
DA:19,147
DA:20,147
DA:24,8
DA:25,8
DA:26,8
DA:28,8
DA:35,6
DA:37,2
DA:41,2
DA:43,2
DA:44,2
DA:46,2
DA:48,2
DA:52,10
DA:53,10
DA:54,100
DA:55,40
DA:57,10
DA:61,4
DA:62,4
DA:64,4
DA:65,2
DA:68,2
LF:29
LH:29
BRDA:28,0,0,6
BRDA:29,1,0,8
BRDA:29,1,1,6
BRDA:29,1,2,5
BRDA:29,1,3,4
BRDA:29,1,4,3
BRDA:30,2,0,0
BRDA:30,2,1,6
BRDA:30,3,0,6
BRDA:30,3,1,6
BRDA:32,4,0,0
BRDA:32,4,1,4
BRDA:32,5,0,4
BRDA:32,5,1,4
BRDA:43,6,0,2
BRDA:43,6,1,0
BRDA:54,7,0,100
BRDA:54,7,1,50
BRDA:64,8,0,2
BRDA:64,9,0,4
BRDA:64,9,1,3
BRDA:64,10,0,0
BRDA:64,10,1,4
BRDA:64,11,0,4
BRDA:64,11,1,4
BRF:25
BRH:21
end_of_record
TN:
SF:src\classes\MediumManager.ts
FN:16,(anonymous_1)
FN:21,(anonymous_2)
FN:31,(anonymous_3)
FNF:3
FNH:3
FNDA:147,(anonymous_1)
FNDA:3,(anonymous_2)
FNDA:4,(anonymous_3)
DA:3,15
DA:4,15
DA:11,15
DA:14,147
DA:17,147
DA:18,147
DA:22,3
DA:24,3
DA:26,3
DA:32,4
DA:33,4
DA:35,4
DA:36,2
DA:39,2
LF:14
LH:14
BRDA:27,0,0,2
BRDA:27,0,1,1
BRDA:35,1,0,2
BRDA:35,2,0,4
BRDA:35,2,1,2
BRDA:35,3,0,0
BRDA:35,3,1,4
BRDA:35,4,0,4
BRDA:35,4,1,4
BRF:9
BRH:8
end_of_record
TN:
SF:src\classes\PhaseManager.ts
FN:25,(anonymous_0)
FN:33,(anonymous_1)
FN:34,(anonymous_2)
FN:41,(anonymous_3)
FN:44,(anonymous_4)
FN:49,(anonymous_5)
FNF:6
FNH:6
FNDA:147,(anonymous_0)
FNDA:148,(anonymous_1)
FNDA:3,(anonymous_2)
FNDA:150,(anonymous_3)
FNDA:2,(anonymous_4)
FNDA:39,(anonymous_5)
DA:10,15
DA:11,147
DA:18,147
DA:19,147
DA:23,147
DA:26,147
DA:27,147
DA:28,147
DA:29,147
DA:30,147
DA:34,148
DA:35,3
DA:36,3
DA:37,3
DA:42,150
DA:43,150
DA:44,2
DA:50,39
DA:52,39
DA:53,1
DA:58,38
DA:59,1
DA:62,37
DA:63,12
DA:65,25
DA:66,25
LF:26
LH:26
BRDA:52,0,0,1
BRDA:58,1,0,1
BRDA:62,2,0,12
BRDA:62,2,1,25
BRF:4
BRH:4
end_of_record
TN:
SF:src\classes\PlayerManager.ts
FN:27,(anonymous_8)
FN:32,(anonymous_9)
FN:36,(anonymous_10)
FN:49,(anonymous_11)
FN:51,(anonymous_13)
FN:65,(anonymous_14)
FN:72,(anonymous_15)
FN:91,(anonymous_16)
FN:92,(anonymous_17)
FN:97,(anonymous_18)
FN:98,(anonymous_19)
FN:104,(anonymous_20)
FN:106,(anonymous_21)
FN:107,(anonymous_22)
FN:113,(anonymous_23)
FN:115,(anonymous_24)
FN:123,(anonymous_25)
FN:125,(anonymous_26)
FN:129,(anonymous_27)
FN:131,(anonymous_28)
FN:135,(anonymous_29)
FN:136,(anonymous_30)
FN:141,(anonymous_31)
FN:142,(anonymous_32)
FNF:24
FNH:19
FNDA:147,(anonymous_8)
FNDA:147,(anonymous_9)
FNDA:1470,(anonymous_10)
FNDA:1,(anonymous_11)
FNDA:10,(anonymous_13)
FNDA:19,(anonymous_14)
FNDA:12,(anonymous_15)
FNDA:0,(anonymous_16)
FNDA:0,(anonymous_17)
FNDA:20,(anonymous_18)
FNDA:4,(anonymous_19)
FNDA:0,(anonymous_20)
FNDA:0,(anonymous_21)
FNDA:0,(anonymous_22)
FNDA:50,(anonymous_23)
FNDA:197,(anonymous_24)
FNDA:1,(anonymous_25)
FNDA:10,(anonymous_26)
FNDA:1,(anonymous_27)
FNDA:10,(anonymous_28)
FNDA:1,(anonymous_29)
FNDA:10,(anonymous_30)
FNDA:4,(anonymous_31)
FNDA:40,(anonymous_32)
DA:1,15
DA:2,15
DA:3,15
DA:4,15
DA:5,15
DA:21,15
DA:23,147
DA:28,147
DA:29,147
DA:33,147
DA:34,147
DA:36,147
DA:37,1470
DA:38,1470
DA:40,1470
DA:50,1
DA:51,10
DA:57,1
DA:58,1
DA:60,0
DA:61,0
DA:66,19
DA:67,19
DA:73,12
DA:74,12
DA:83,11
DA:89,11
DA:90,0
DA:91,0
DA:92,0
DA:95,11
DA:96,2
DA:97,20
DA:98,4
DA:101,11
DA:102,0
DA:104,0
DA:105,0
DA:106,0
DA:107,0
DA:110,11
DA:114,50
DA:115,197
DA:118,50
DA:120,49
DA:124,1
DA:125,10
DA:130,1
DA:131,10
DA:136,10
DA:138,1
DA:142,4
DA:143,40
DA:146,4
LF:54
LH:44
BRDA:74,0,0,1
BRDA:89,1,0,0
BRDA:95,2,0,2
BRDA:101,3,0,0
BRDA:104,4,0,0
BRDA:104,4,1,0
BRDA:104,5,0,0
BRDA:104,5,1,0
BRDA:118,6,0,1
BRDA:125,7,0,10
BRDA:125,7,1,0
BRF:11
BRH:4
end_of_record
TN:
SF:src\classes\VoteManager.ts
FN:21,(anonymous_1)
FN:26,(anonymous_2)
FN:42,(anonymous_3)
FN:49,(anonymous_4)
FN:50,(anonymous_5)
FN:58,(anonymous_6)
FN:66,(anonymous_7)
FN:85,(anonymous_8)
FNF:8
FNH:8
FNDA:147,(anonymous_1)
FNDA:18,(anonymous_2)
FNDA:2,(anonymous_3)
FNDA:2,(anonymous_4)
FNDA:1,(anonymous_5)
FNDA:3,(anonymous_6)
FNDA:3,(anonymous_7)
FNDA:3,(anonymous_8)
DA:1,15
DA:4,15
DA:5,15
DA:15,15
DA:16,147
DA:19,147
DA:22,147
DA:23,147
DA:27,18
DA:28,18
DA:29,18
DA:31,18
DA:36,3
DA:39,15
DA:43,2
DA:44,2
DA:47,1
DA:48,1
DA:49,2
DA:50,1
DA:52,1
DA:55,1
DA:59,3
DA:60,3
DA:62,3
DA:63,3
DA:67,3
DA:69,3
DA:72,3
DA:73,12
DA:74,4
DA:76,12
DA:79,3
DA:82,3
DA:86,3
DA:88,3
DA:89,1
DA:92,2
LF:38
LH:38
BRDA:31,0,0,3
BRDA:32,1,0,18
BRDA:32,1,1,17
BRDA:32,1,2,16
BRDA:32,2,0,0
BRDA:32,2,1,18
BRDA:32,3,0,18
BRDA:32,3,1,18
BRDA:33,4,0,0
BRDA:33,4,1,17
BRDA:33,5,0,17
BRDA:33,5,1,17
BRDA:44,6,0,1
BRDA:60,7,0,0
BRDA:73,8,0,4
BRDA:88,9,0,1
BRF:16
BRH:13
end_of_record
TN:
SF:src\config\messages.ts
FN:74,(anonymous_0)
FN:76,(anonymous_1)
FN:77,(anonymous_2)
FN:78,(anonymous_3)
FN:80,(anonymous_4)
FNF:5
FNH:0
FNDA:0,(anonymous_0)
FNDA:0,(anonymous_1)
FNDA:0,(anonymous_2)
FNDA:0,(anonymous_3)
FNDA:0,(anonymous_4)
DA:1,25
DA:7,25
DA:38,25
DA:53,25
DA:67,25
DA:75,0
DA:77,0
DA:79,0
DA:80,0
LF:9
LH:5
BRDA:79,0,0,0
BRDA:79,0,1,0
BRF:2
BRH:0
end_of_record
TN:
SF:src\config\roles.ts
FNF:0
FNH:0
DA:16,15
LF:1
LH:1
BRF:0
BRH:0
end_of_record
TN:
SF:src\controllers\blockController\controller.ts
FN:24,(anonymous_8)
FN:27,(anonymous_9)
FN:39,(anonymous_10)
FN:46,(anonymous_11)
FN:49,(anonymous_12)
FN:79,(anonymous_13)
FN:82,(anonymous_14)
FNF:7
FNH:7
FNDA:3,(anonymous_8)
FNDA:3,(anonymous_9)
FNDA:1,(anonymous_10)
FNDA:5,(anonymous_11)
FNDA:5,(anonymous_12)
FNDA:4,(anonymous_13)
FNDA:4,(anonymous_14)
DA:2,8
DA:4,8
DA:5,8
DA:7,8
DA:8,8
DA:23,8
DA:27,3
DA:28,3
DA:29,3
DA:31,3
DA:33,2
DA:35,1
DA:39,1
DA:41,1
DA:45,8
DA:49,5
DA:50,5
DA:51,5
DA:52,5
DA:54,5
DA:55,1
DA:57,4
DA:59,3
DA:61,2
DA:62,2
DA:67,1
DA:68,1
DA:69,0
DA:74,1
DA:78,8
DA:82,4
DA:83,4
DA:84,4
DA:85,4
DA:87,4
DA:89,3
DA:91,2
DA:96,2
DA:100,1
LF:39
LH:38
BRDA:33,0,0,1
BRDA:54,1,0,1
BRDA:59,2,0,1
BRDA:67,3,0,1
BRDA:67,3,1,0
BRDA:89,4,0,1
BRDA:96,5,0,1
BRF:7
BRH:6
end_of_record
TN:
SF:src\controllers\channelController\controller.ts
FN:33,(anonymous_8)
FN:33,(anonymous_9)
FN:54,(anonymous_10)
FN:55,(anonymous_11)
FN:61,(anonymous_12)
FN:61,(anonymous_13)
FN:101,(anonymous_14)
FN:104,(anonymous_15)
FN:144,(anonymous_16)
FN:147,(anonymous_17)
FN:180,(anonymous_18)
FN:195,(anonymous_19)
FN:198,(anonymous_20)
FNF:13
FNH:13
FNDA:2,(anonymous_8)
FNDA:2,(anonymous_9)
FNDA:1,(anonymous_10)
FNDA:1,(anonymous_11)
FNDA:5,(anonymous_12)
FNDA:5,(anonymous_13)
FNDA:12,(anonymous_14)
FNDA:12,(anonymous_15)
FNDA:8,(anonymous_16)
FNDA:8,(anonymous_17)
FNDA:4,(anonymous_18)
FNDA:3,(anonymous_19)
FNDA:3,(anonymous_20)
DA:2,8
DA:3,8
DA:4,8
DA:5,8
DA:6,8
DA:7,8
DA:8,8
DA:9,8
DA:32,8
DA:33,2
DA:34,2
DA:36,2
DA:41,2
DA:42,1
DA:44,1
DA:48,1
DA:52,1
DA:54,1
DA:55,1
DA:60,8
DA:61,5
DA:68,5
DA:69,5
DA:71,5
DA:72,5
DA:73,1
DA:75,4
DA:76,1
DA:78,3
DA:87,3
DA:92,3
DA:96,3
DA:100,8
DA:104,12
DA:105,12
DA:112,12
DA:113,12
DA:115,12
DA:116,11
DA:118,10
DA:119,10
DA:121,10
DA:122,10
DA:123,10
DA:124,6
DA:125,4
DA:126,1
DA:128,10
DA:129,10
DA:131,10
DA:139,10
DA:143,8
DA:147,8
DA:148,8
DA:149,8
DA:150,8
DA:152,8
DA:153,8
DA:155,7
DA:156,7
DA:158,6
DA:160,6
DA:161,5
DA:162,1
DA:165,4
DA:169,2
DA:171,2
DA:175,3
DA:180,4
DA:185,3
DA:194,8
DA:198,3
DA:199,3
DA:200,3
DA:202,3
DA:203,3
DA:205,2
DA:207,2
DA:211,1
LF:79
LH:79
BRDA:41,0,0,1
BRDA:72,1,0,1
BRDA:75,2,0,1
BRDA:75,3,0,4
BRDA:75,3,1,2
BRDA:82,4,0,1
BRDA:82,4,1,2
BRDA:116,5,0,1
BRDA:119,6,0,0
BRDA:121,7,0,1
BRDA:122,8,0,1
BRDA:123,9,0,6
BRDA:123,9,1,4
BRDA:125,10,0,1
BRDA:125,11,0,4
BRDA:125,11,1,2
BRDA:128,12,0,2
BRDA:128,13,0,10
BRDA:128,13,1,4
BRDA:153,14,0,1
BRDA:156,15,0,1
BRDA:160,16,0,5
BRDA:161,17,0,1
BRDA:161,18,0,5
BRDA:161,18,1,1
BRDA:165,19,0,2
BRDA:165,19,1,2
BRDA:166,20,0,4
BRDA:166,20,1,3
BRDA:166,20,2,2
BRDA:203,21,0,1
BRDA:207,22,0,1
BRF:32
BRH:31
end_of_record
TN:
SF:src\controllers\gameController\controller.ts
FN:18,(anonymous_8)
FN:21,(anonymous_9)
FN:54,(anonymous_10)
FN:62,(anonymous_11)
FN:63,(anonymous_12)
FN:65,(anonymous_13)
FN:67,(anonymous_14)
FN:69,(anonymous_15)
FN:71,(anonymous_16)
FN:72,(anonymous_17)
FN:73,(anonymous_18)
FN:74,(anonymous_19)
FN:75,(anonymous_20)
FN:78,(anonymous_21)
FN:82,(anonymous_22)
FN:85,(anonymous_23)
FNF:16
FNH:16
FNDA:3,(anonymous_8)
FNDA:3,(anonymous_9)
FNDA:1,(anonymous_10)
FNDA:1,(anonymous_11)
FNDA:1,(anonymous_12)
FNDA:1,(anonymous_13)
FNDA:1,(anonymous_14)
FNDA:1,(anonymous_15)
FNDA:1,(anonymous_16)
FNDA:1,(anonymous_17)
FNDA:1,(anonymous_18)
FNDA:1,(anonymous_19)
FNDA:1,(anonymous_20)
FNDA:80,(anonymous_21)
FNDA:16,(anonymous_22)
FNDA:16,(anonymous_23)
DA:2,8
DA:3,8
DA:4,8
DA:5,8
DA:6,8
DA:7,8
DA:8,8
DA:9,8
DA:17,8
DA:21,3
DA:22,3
DA:23,3
DA:25,3
DA:27,2
DA:31,2
DA:33,2
DA:35,2
DA:36,1
DA:38,1
DA:44,1
DA:54,1
DA:61,8
DA:62,1
DA:64,1
DA:66,1
DA:68,1
DA:70,1
DA:71,1
DA:72,1
DA:73,1
DA:74,1
DA:75,1
DA:78,8
DA:81,80
DA:85,16
DA:86,16
DA:87,16
DA:88,16
DA:90,16
DA:91,16
DA:92,14
DA:94,12
DA:95,2
DA:97,10
DA:99,10
LF:45
LH:45
BRDA:25,0,0,1
BRDA:31,1,0,0
BRDA:35,2,0,1
BRDA:91,3,0,2
BRDA:92,4,0,2
BRDA:94,5,0,2
BRDA:99,6,0,6
BRDA:99,6,1,4
BRF:8
BRH:7
end_of_record
TN:
SF:src\controllers\messageController\controller.ts
FN:14,(anonymous_8)
FN:17,(anonymous_9)
FN:57,(anonymous_10)
FN:60,(anonymous_11)
FNF:4
FNH:4
FNDA:9,(anonymous_8)
FNDA:9,(anonymous_9)
FNDA:7,(anonymous_10)
FNDA:7,(anonymous_11)
DA:2,8
DA:3,8
DA:4,8
DA:5,8
DA:6,8
DA:13,8
DA:17,9
DA:18,9
DA:19,9
DA:20,9
DA:22,9
DA:23,9
DA:30,8
DA:34,8
DA:35,7
DA:37,7
DA:38,1
DA:41,1
DA:43,1
DA:44,1
DA:47,7
DA:52,7
DA:56,8
DA:60,7
DA:61,7
DA:62,7
DA:63,7
DA:65,7
DA:66,7
DA:68,6
DA:69,4
DA:71,4
DA:80,4
LF:33
LH:33
BRDA:23,0,0,1
BRDA:35,1,0,2
BRDA:37,2,0,1
BRDA:41,3,0,0
BRDA:66,4,0,1
BRF:5
BRH:4
end_of_record
TN:
SF:src\controllers\spectateController\controller.ts
FN:14,(anonymous_8)
FN:17,(anonymous_9)
FNF:2
FNH:2
FNDA:3,(anonymous_8)
FNDA:3,(anonymous_9)
DA:2,8
DA:3,8
DA:4,8
DA:5,8
DA:6,8
DA:13,8
DA:17,3
DA:18,3
DA:19,3
DA:21,3
DA:22,3
DA:23,2
DA:25,1
DA:27,1
LF:14
LH:14
BRDA:22,0,0,1
BRF:1
BRH:1
end_of_record
TN:
SF:src\controllers\spectateController\utils.ts
FN:4,(anonymous_8)
FN:4,(anonymous_9)
FN:10,(anonymous_10)
FN:10,(anonymous_11)
FN:17,(anonymous_12)
FNF:5
FNH:5
FNDA:3,(anonymous_8)
FNDA:3,(anonymous_9)
FNDA:2,(anonymous_10)
FNDA:2,(anonymous_11)
FNDA:2,(anonymous_12)
DA:1,9
DA:2,9
DA:4,9
DA:5,3
DA:6,3
DA:8,2
DA:10,2
DA:11,2
DA:15,2
DA:17,2
LF:10
LH:10
BRDA:6,0,0,1
BRF:1
BRH:1
end_of_record
TN:
SF:src\controllers\userController\controller.ts
FN:46,(anonymous_8)
FN:46,(anonymous_9)
FN:70,(anonymous_10)
FN:70,(anonymous_11)
FN:92,(anonymous_12)
FN:92,(anonymous_13)
FN:104,(anonymous_14)
FN:104,(anonymous_15)
FN:126,(anonymous_16)
FN:126,(anonymous_17)
FN:149,(anonymous_18)
FN:149,(anonymous_19)
FN:169,(anonymous_20)
FN:169,(anonymous_21)
FNF:14
FNH:14
FNDA:3,(anonymous_8)
FNDA:3,(anonymous_9)
FNDA:3,(anonymous_10)
FNDA:3,(anonymous_11)
FNDA:1,(anonymous_12)
FNDA:1,(anonymous_13)
FNDA:3,(anonymous_14)
FNDA:3,(anonymous_15)
FNDA:5,(anonymous_16)
FNDA:5,(anonymous_17)
FNDA:3,(anonymous_18)
FNDA:3,(anonymous_19)
FNDA:3,(anonymous_20)
FNDA:3,(anonymous_21)
DA:2,8
DA:3,8
DA:4,8
DA:5,8
DA:6,8
DA:7,8
DA:8,8
DA:45,8
DA:46,3
DA:47,3
DA:49,3
DA:50,3
DA:51,1
DA:54,2
DA:55,2
DA:57,1
DA:65,1
DA:69,8
DA:70,3
DA:71,3
DA:73,3
DA:74,3
DA:76,2
DA:77,1
DA:80,1
DA:87,1
DA:91,8
DA:92,1
DA:93,1
DA:95,1
DA:103,8
DA:104,3
DA:105,3
DA:106,3
DA:108,3
DA:112,2
DA:113,2
DA:114,2
DA:120,2
DA:125,8
DA:126,5
DA:127,5
DA:129,5
DA:130,5
DA:131,1
DA:134,4
DA:135,4
DA:137,3
DA:142,2
DA:144,1
DA:148,8
DA:149,3
DA:150,3
DA:151,3
DA:153,3
DA:154,3
DA:155,3
DA:157,2
DA:158,1
DA:161,1
DA:162,1
DA:164,1
DA:168,8
DA:169,3
DA:170,3
DA:172,3
DA:173,3
DA:174,1
DA:177,2
DA:178,2
DA:180,1
DA:181,1
DA:183,1
LF:73
LH:73
BRDA:50,0,0,1
BRDA:55,1,0,1
BRDA:74,2,0,1
BRDA:76,3,0,1
BRDA:108,4,0,1
BRDA:108,5,0,3
BRDA:108,5,1,1
BRDA:112,6,0,0
BRDA:113,7,0,2
BRDA:130,8,0,1
BRDA:135,9,0,1
BRDA:142,10,0,1
BRDA:154,11,0,0
BRDA:155,12,0,1
BRDA:157,13,0,1
BRDA:173,14,0,1
BRDA:178,15,0,1
BRF:17
BRH:15
end_of_record
TN:
SF:src\controllers\userController\utils.ts
FN:18,(anonymous_8)
FN:21,(anonymous_9)
FNF:2
FNH:2
FNDA:3,(anonymous_8)
FNDA:3,(anonymous_9)
DA:1,9
DA:2,9
DA:3,9
DA:10,9
DA:18,9
DA:21,3
DA:22,3
DA:23,3
DA:24,3
DA:26,3
DA:34,3
DA:35,3
DA:36,3
DA:37,1
DA:39,2
DA:40,2
DA:44,9
LF:17
LH:17
BRF:0
BRH:0
end_of_record
TN:
SF:src\controllers\verifyEmailController\controller.ts
FN:18,(anonymous_8)
FN:20,(anonymous_9)
FN:20,(anonymous_10)
FNF:3
FNH:3
FNDA:24,(anonymous_8)
FNDA:7,(anonymous_9)
FNDA:7,(anonymous_10)
DA:2,8
DA:3,8
DA:4,8
DA:5,8
DA:6,8
DA:7,8
DA:18,8
DA:19,24
DA:20,7
DA:21,7
DA:22,7
DA:25,7
DA:26,3
DA:27,3
DA:30,6
DA:33,6
DA:37,2
DA:41,4
DA:42,1
DA:44,3
DA:50,3
DA:52,3
LF:22
LH:22
BRDA:25,0,0,3
BRDA:25,1,0,7
BRDA:25,1,1,3
BRDA:27,2,0,1
BRDA:27,3,0,0
BRDA:27,3,1,3
BRDA:27,4,0,3
BRDA:27,4,1,3
BRDA:33,5,0,2
BRDA:34,6,0,6
BRDA:34,6,1,4
BRDA:34,6,2,4
BRDA:41,7,0,1
BRDA:41,8,0,4
BRDA:41,8,1,2
BRF:15
BRH:14
end_of_record
TN:
SF:src\controllers\verifyEmailController\utils.ts
FN:12,(anonymous_8)
FN:22,(anonymous_9)
FN:32,(anonymous_10)
FN:44,(anonymous_11)
FN:48,(anonymous_12)
FNF:5
FNH:5
FNDA:1,(anonymous_8)
FNDA:1,(anonymous_9)
FNDA:1,(anonymous_10)
FNDA:3,(anonymous_11)
FNDA:3,(anonymous_12)
DA:1,9
DA:2,9
DA:3,9
DA:11,9
DA:14,1
DA:16,1
DA:24,1
DA:26,1
DA:34,1
DA:36,1
DA:44,9
DA:48,3
DA:49,3
DA:51,3
DA:59,3
DA:65,3
DA:66,3
DA:68,0
LF:18
LH:17
BRF:0
BRH:0
end_of_record
TN:
SF:src\middleware\protect.ts
FN:14,(anonymous_8)
FN:14,(anonymous_9)
FNF:2
FNH:2
FNDA:131,(anonymous_8)
FNDA:131,(anonymous_9)
DA:2,8
DA:4,8
DA:5,8
DA:6,8
DA:7,8
DA:13,8
DA:14,131
DA:15,131
DA:17,131
DA:18,0
DA:21,131
DA:22,131
DA:24,131
DA:25,131
DA:27,124
DA:29,124
DA:33,8
LF:17
LH:16
BRDA:17,0,0,0
BRDA:17,1,0,131
BRDA:17,1,1,131
BRDA:25,2,0,7
BRF:4
BRH:3
end_of_record
TN:
SF:src\middleware\validateRequest.ts
FN:5,(anonymous_1)
FNF:1
FNH:1
FNDA:165,(anonymous_1)
DA:2,8
DA:3,8
DA:5,8
DA:10,165
DA:11,165
DA:12,64
DA:13,64
DA:15,101
DA:18,8
LF:9
LH:9
BRDA:11,0,0,64
BRF:1
BRH:1
end_of_record
TN:
SF:src\models\channelBlockUserModel.ts
FNF:0
FNH:0
DA:1,9
DA:11,9
DA:31,9
DA:33,9
DA:38,9
LF:5
LH:5
BRF:0
BRH:0
end_of_record
TN:
SF:src\models\channelModel.ts
FN:33,(anonymous_17)
FN:54,(anonymous_18)
FN:60,(anonymous_20)
FNF:3
FNH:3
FNDA:152,(anonymous_17)
FNDA:2,(anonymous_18)
FNDA:149,(anonymous_20)
DA:1,17
DA:2,17
DA:18,17
DA:34,152
DA:54,17
DA:57,2
DA:60,17
DA:62,149
DA:63,95
DA:64,95
DA:67,54
DA:69,53
DA:70,53
DA:71,53
DA:74,53
DA:77,17
DA:79,17
LF:17
LH:17
BRDA:62,0,0,95
BRDA:67,1,0,1
BRDA:69,2,0,53
BRF:3
BRH:3
end_of_record
TN:
SF:src\models\channelUserModel.ts
FNF:0
FNH:0
DA:1,11
DA:11,11
DA:31,11
DA:33,11
DA:35,11
LF:5
LH:5
BRF:0
BRH:0
end_of_record
TN:
SF:src\models\gameModel.ts
FNF:0
FNH:0
DA:1,22
DA:17,22
DA:50,22
DA:52,22
LF:4
LH:4
BRF:0
BRH:0
end_of_record
TN:
SF:src\models\gameUserModel.ts
FNF:0
FNH:0
DA:1,21
DA:22,21
DA:58,21
DA:60,21
DA:62,21
LF:5
LH:5
BRF:0
BRH:0
end_of_record
TN:
SF:src\models\messageModel.ts
FNF:0
FNH:0
DA:1,21
DA:14,21
DA:43,21
DA:45,21
DA:47,21
LF:5
LH:5
BRF:0
BRH:0
end_of_record
TN:
SF:src\models\userModel.ts
FN:46,(anonymous_17)
FN:52,(anonymous_19)
FNF:2
FNH:2
FNDA:4,(anonymous_17)
FNDA:141,(anonymous_19)
DA:1,17
DA:2,17
DA:17,17
DA:46,17
DA:49,4
DA:52,17
DA:53,141
DA:55,73
DA:57,73
DA:58,73
DA:61,73
DA:64,17
DA:66,17
LF:13
LH:13
BRDA:53,0,0,68
BRDA:53,1,0,141
BRDA:53,1,1,82
BRDA:57,2,0,73
BRF:4
BRH:4
end_of_record
TN:
SF:src\routes\blockRoutes.ts
FNF:0
FNH:0
DA:1,8
DA:2,8
DA:4,8
DA:5,8
DA:6,8
DA:11,8
DA:13,8
DA:17,8
DA:21,8
DA:23,8
DA:25,8
DA:32,8
DA:39,8
DA:46,8
LF:14
LH:14
BRF:0
BRH:0
end_of_record
TN:
SF:src\routes\channelRoutes.ts
FNF:0
FNH:0
DA:1,8
DA:2,8
DA:4,8
DA:5,8
DA:6,8
DA:13,8
DA:15,8
DA:19,8
DA:27,8
DA:35,8
DA:43,8
DA:51,8
DA:56,8
DA:63,8
DA:68,8
DA:70,8
DA:72,8
DA:74,8
DA:87,8
DA:101,8
DA:108,8
DA:115,8
LF:22
LH:22
BRF:0
BRH:0
end_of_record
TN:
SF:src\routes\gameRoutes.ts
FN:21,(anonymous_1)
FN:30,(anonymous_2)
FNF:2
FNH:2
FNDA:48,(anonymous_1)
FNDA:32,(anonymous_2)
DA:1,8
DA:2,8
DA:3,8
DA:4,8
DA:5,8
DA:9,8
DA:11,8
DA:15,8
DA:19,8
DA:21,8
DA:22,48
DA:30,8
DA:31,32
DA:39,8
DA:41,8
DA:42,8
DA:43,8
DA:44,8
DA:45,8
DA:46,8
DA:47,8
DA:48,8
DA:49,8
DA:50,8
DA:51,8
DA:53,8
LF:26
LH:26
BRF:0
BRH:0
end_of_record
TN:
SF:src\routes\messageRoutes.ts
FNF:0
FNH:0
DA:1,8
DA:2,8
DA:4,8
DA:5,8
DA:6,8
DA:10,8
DA:12,8
DA:16,8
DA:21,8
DA:28,8
DA:30,8
DA:32,8
DA:39,8
DA:46,8
LF:14
LH:14
BRF:0
BRH:0
end_of_record
TN:
SF:src\routes\spectateRoutes.ts
FNF:0
FNH:0
DA:1,8
DA:2,8
DA:4,8
DA:5,8
DA:6,8
DA:7,8
DA:9,8
DA:13,8
DA:15,8
DA:17,8
DA:19,8
LF:11
LH:11
BRF:0
BRH:0
end_of_record
TN:
SF:src\routes\userRoutes.ts
FN:19,(anonymous_1)
FN:43,(anonymous_2)
FNF:2
FNH:2
FNDA:16,(anonymous_1)
FNDA:40,(anonymous_2)
DA:1,8
DA:2,8
DA:4,8
DA:5,8
DA:6,8
DA:15,8
DA:17,8
DA:19,8
DA:20,16
DA:22,16
DA:23,8
DA:26,16
DA:32,8
DA:38,8
DA:43,8
DA:44,40
DA:49,8
DA:56,8
DA:63,8
DA:65,8
DA:73,8
DA:75,8
DA:83,8
DA:90,8
LF:24
LH:24
BRDA:22,0,0,8
BRF:1
BRH:1
end_of_record
TN:
SF:src\routes\verifyEmailRoutes.ts
FNF:0
FNH:0
DA:1,8
DA:2,8
DA:3,8
DA:5,8
DA:6,8
DA:7,8
DA:9,8
DA:11,8
DA:17,8
DA:24,8
DA:32,8
DA:39,8
LF:12
LH:12
BRF:0
BRH:0
end_of_record
TN:
SF:src\utils\AppError.ts
FN:4,(anonymous_0)
FNF:1
FNH:1
FNDA:211,(anonymous_0)
DA:5,211
DA:6,211
DA:7,211
DA:8,211
DA:12,24
LF:5
LH:5
BRF:0
BRH:0
end_of_record
TN:
SF:src\utils\checkChannelAdmin.ts
FN:5,(anonymous_8)
FN:5,(anonymous_9)
FNF:2
FNH:2
FNDA:29,(anonymous_8)
FNDA:29,(anonymous_9)
DA:1,9
DA:2,9
DA:3,9
DA:5,29
DA:6,29
DA:10,29
DA:12,24
LF:7
LH:7
BRDA:10,0,0,5
BRF:1
BRH:1
end_of_record
TN:
SF:src\utils\checkUserGuest.ts
FN:5,(anonymous_8)
FN:5,(anonymous_9)
FNF:2
FNH:2
FNDA:9,(anonymous_8)
FNDA:9,(anonymous_9)
DA:1,9
DA:2,9
DA:3,9
DA:5,9
DA:6,9
DA:8,9
DA:10,8
LF:7
LH:7
BRDA:8,0,0,1
BRF:1
BRH:1
end_of_record
TN:
SF:src\utils\connectDB.ts
FN:4,(anonymous_8)
FN:4,(anonymous_9)
FNF:2
FNH:2
FNDA:8,(anonymous_8)
FNDA:8,(anonymous_9)
DA:1,8
DA:2,8
DA:4,8
DA:5,8
DA:6,8
DA:7,0
DA:8,0
DA:9,0
DA:11,0
DA:12,0
DA:14,8
DA:17,0
DA:18,0
DA:22,8
LF:14
LH:7
BRDA:6,0,0,0
BRDA:6,0,1,8
BRDA:8,1,0,0
BRDA:17,2,0,0
BRDA:17,2,1,0
BRF:5
BRH:1
end_of_record
TN:
SF:src\utils\decodeToken.ts
FN:5,(anonymous_1)
FNF:1
FNH:0
FNDA:0,(anonymous_1)
DA:1,1
DA:2,1
DA:3,1
DA:5,1
DA:6,0
DA:7,0
DA:8,0
DA:10,0
LF:8
LH:4
BRF:0
BRH:0
end_of_record
TN:
SF:src\utils\generateToken.ts
FN:13,(anonymous_1)
FN:17,(anonymous_2)
FNF:2
FNH:2
FNDA:3,(anonymous_1)
FNDA:5,(anonymous_2)
DA:1,9
DA:2,9
DA:10,9
DA:11,9
DA:13,9
DA:14,3
DA:17,9
DA:22,5
DA:23,5
LF:9
LH:9
BRDA:11,0,0,0
BRF:1
BRH:0
end_of_record
